Create.
Opening 'watchdog_gcc'.
Refreshing '/watchdog_gcc'.
14:28:19 **** Clean-only build of configuration bin for project watchdog_gcc ****
"\\usr\\bin\\rm" -rf src/watchdog.o startup_gcc.o devices/am_devices_led.o devices/am_devices_led.d startup_gcc.d watchdog_gcc.elf src/watchdog.d watchdog_gcc utils/am_util_stdio.o utils/am_util_delay.d utils/am_util_faultisr.o utils/am_util_delay.o utils/am_util_stdio.d utils/am_util_faultisr.d 
Cannot run program "\usr\bin\rm": Launching failed

Error: Program "\usr\bin\rm" not found in PATH
PATH=[C:\Program Files (x86)\Atollic\TrueSTUDIO for ARM 8.1.0\ARMTools\bin;C:\Program Files (x86)\Atollic\TrueSTUDIO for ARM 8.1.0\Tools;C:/Program Files (x86)/Atollic/TrueSTUDIO for ARM 8.1.0/ide/jre/bin/client;C:/Program Files (x86)/Atollic/TrueSTUDIO for ARM 8.1.0/ide/jre/bin;C:/Program Files (x86)/Atollic/TrueSTUDIO for ARM 8.1.0/ide/jre/lib/i386;C:\cygwin64\bin;C:\Program Files (x86)\Atollic\TrueSTUDIO for ARM 8.1.0\ide;C:\Program Files (x86)\GNU Tools ARM Embedded\5.4 2016q3\bin;C:\Keil_v5\UV4;C:\Program Files (x86)\IAR Systems\Embedded Workbench 8.0\common\bin;C:\Program Files (x86)\IAR Systems\Embedded Workbench 8.0\arm\bin;C:\Windows\system32;C:\Windows;C:\Windows\System32\Wbem;C:\Windows\System32\WindowsPowerShell\v1.0;C:\Program Files\Git\cmd;C:\Users\jenkinsadmin\AppData\Local\Programs\Python\Python36-32p;C:\Program Files\Coverity\Coverity Static Analysis\bin;C:\Keil_v5\UV4;C:\Jenkins\workspace\AmbiqSuite\workspace\boards\apollo1_evb\examples\watchdog\atollic_gcc]


14:28:19 Build Finished (took 47ms)

14:28:19 **** Clean-only build of configuration bin for project watchdog_gcc ****

14:28:19 Build Finished (took 0ms)

14:28:19 **** Rebuild of configuration bin for project watchdog_gcc ****
Info: Internal Builder is used for build
arm-atollic-eabi-gcc -c ..\..\src\watchdog.c -mthumb -std=c99 -DAM_PACKAGE_BGA -DAM_PART_APOLLO -IC:/Jenkins/workspace/AmbiqSuite/workspace/boards/apollo1_evb/examples/watchdog/atollic_gcc/../src -IC:/Jenkins/workspace/AmbiqSuite/workspace/boards/apollo1_evb/examples/watchdog/atollic_gcc/../../../../../boards/apollo1_evb/bsp -IC:/Jenkins/workspace/AmbiqSuite/workspace/boards/apollo1_evb/examples/watchdog/atollic_gcc/../../../../.. -IC:/Jenkins/workspace/AmbiqSuite/workspace/boards/apollo1_evb/examples/watchdog/atollic_gcc/../../../../../utils -IC:/Jenkins/workspace/AmbiqSuite/workspace/boards/apollo1_evb/examples/watchdog/atollic_gcc/../../../../../devices -IC:/Jenkins/workspace/AmbiqSuite/workspace/boards/apollo1_evb/examples/watchdog/atollic_gcc/../../../../../mcu/apollo -O0 -g -Wall -specs=nano.specs -mthumb -mcpu=cortex-m4 -mfpu=fpv4-sp-d16 -mfloat-abi=softfp -ffunction-sections -fdata-sections -MMD -MP -O0 -Dgcc -o src\watchdog.o 
arm-atollic-eabi-gcc -c ..\..\..\..\..\..\utils\am_util_stdio.c -mthumb -std=c99 -DAM_PACKAGE_BGA -DAM_PART_APOLLO -IC:/Jenkins/workspace/AmbiqSuite/workspace/boards/apollo1_evb/examples/watchdog/atollic_gcc/../src -IC:/Jenkins/workspace/AmbiqSuite/workspace/boards/apollo1_evb/examples/watchdog/atollic_gcc/../../../../../boards/apollo1_evb/bsp -IC:/Jenkins/workspace/AmbiqSuite/workspace/boards/apollo1_evb/examples/watchdog/atollic_gcc/../../../../.. -IC:/Jenkins/workspace/AmbiqSuite/workspace/boards/apollo1_evb/examples/watchdog/atollic_gcc/../../../../../utils -IC:/Jenkins/workspace/AmbiqSuite/workspace/boards/apollo1_evb/examples/watchdog/atollic_gcc/../../../../../devices -IC:/Jenkins/workspace/AmbiqSuite/workspace/boards/apollo1_evb/examples/watchdog/atollic_gcc/../../../../../mcu/apollo -O0 -g -Wall -specs=nano.specs -mthumb -mcpu=cortex-m4 -mfpu=fpv4-sp-d16 -mfloat-abi=softfp -ffunction-sections -fdata-sections -MMD -MP -O0 -Dgcc -o utils\am_util_stdio.o 
arm-atollic-eabi-gcc -c ..\..\..\..\..\..\devices\am_devices_led.c -mthumb -std=c99 -DAM_PACKAGE_BGA -DAM_PART_APOLLO -IC:/Jenkins/workspace/AmbiqSuite/workspace/boards/apollo1_evb/examples/watchdog/atollic_gcc/../src -IC:/Jenkins/workspace/AmbiqSuite/workspace/boards/apollo1_evb/examples/watchdog/atollic_gcc/../../../../../boards/apollo1_evb/bsp -IC:/Jenkins/workspace/AmbiqSuite/workspace/boards/apollo1_evb/examples/watchdog/atollic_gcc/../../../../.. -IC:/Jenkins/workspace/AmbiqSuite/workspace/boards/apollo1_evb/examples/watchdog/atollic_gcc/../../../../../utils -IC:/Jenkins/workspace/AmbiqSuite/workspace/boards/apollo1_evb/examples/watchdog/atollic_gcc/../../../../../devices -IC:/Jenkins/workspace/AmbiqSuite/workspace/boards/apollo1_evb/examples/watchdog/atollic_gcc/../../../../../mcu/apollo -O0 -g -Wall -specs=nano.specs -mthumb -mcpu=cortex-m4 -mfpu=fpv4-sp-d16 -mfloat-abi=softfp -ffunction-sections -fdata-sections -MMD -MP -O0 -Dgcc -o devices\am_devices_led.o 
arm-atollic-eabi-gcc -c ..\..\..\..\..\..\utils\am_util_delay.c -mthumb -std=c99 -DAM_PACKAGE_BGA -DAM_PART_APOLLO -IC:/Jenkins/workspace/AmbiqSuite/workspace/boards/apollo1_evb/examples/watchdog/atollic_gcc/../src -IC:/Jenkins/workspace/AmbiqSuite/workspace/boards/apollo1_evb/examples/watchdog/atollic_gcc/../../../../../boards/apollo1_evb/bsp -IC:/Jenkins/workspace/AmbiqSuite/workspace/boards/apollo1_evb/examples/watchdog/atollic_gcc/../../../../.. -IC:/Jenkins/workspace/AmbiqSuite/workspace/boards/apollo1_evb/examples/watchdog/atollic_gcc/../../../../../utils -IC:/Jenkins/workspace/AmbiqSuite/workspace/boards/apollo1_evb/examples/watchdog/atollic_gcc/../../../../../devices -IC:/Jenkins/workspace/AmbiqSuite/workspace/boards/apollo1_evb/examples/watchdog/atollic_gcc/../../../../../mcu/apollo -O0 -g -Wall -specs=nano.specs -mthumb -mcpu=cortex-m4 -mfpu=fpv4-sp-d16 -mfloat-abi=softfp -ffunction-sections -fdata-sections -MMD -MP -O0 -Dgcc -o utils\am_util_delay.o 
arm-atollic-eabi-gcc -c ..\startup_gcc.c -mthumb -std=c99 -DAM_PACKAGE_BGA -DAM_PART_APOLLO -IC:/Jenkins/workspace/AmbiqSuite/workspace/boards/apollo1_evb/examples/watchdog/atollic_gcc/../src -IC:/Jenkins/workspace/AmbiqSuite/workspace/boards/apollo1_evb/examples/watchdog/atollic_gcc/../../../../../boards/apollo1_evb/bsp -IC:/Jenkins/workspace/AmbiqSuite/workspace/boards/apollo1_evb/examples/watchdog/atollic_gcc/../../../../.. -IC:/Jenkins/workspace/AmbiqSuite/workspace/boards/apollo1_evb/examples/watchdog/atollic_gcc/../../../../../utils -IC:/Jenkins/workspace/AmbiqSuite/workspace/boards/apollo1_evb/examples/watchdog/atollic_gcc/../../../../../devices -IC:/Jenkins/workspace/AmbiqSuite/workspace/boards/apollo1_evb/examples/watchdog/atollic_gcc/../../../../../mcu/apollo -O0 -g -Wall -specs=nano.specs -mthumb -mcpu=cortex-m4 -mfpu=fpv4-sp-d16 -mfloat-abi=softfp -ffunction-sections -fdata-sections -MMD -MP -O0 -Dgcc -o startup_gcc.o 
arm-atollic-eabi-gcc -c ..\..\..\..\..\..\utils\am_util_faultisr.c -mthumb -std=c99 -DAM_PACKAGE_BGA -DAM_PART_APOLLO -IC:/Jenkins/workspace/AmbiqSuite/workspace/boards/apollo1_evb/examples/watchdog/atollic_gcc/../src -IC:/Jenkins/workspace/AmbiqSuite/workspace/boards/apollo1_evb/examples/watchdog/atollic_gcc/../../../../../boards/apollo1_evb/bsp -IC:/Jenkins/workspace/AmbiqSuite/workspace/boards/apollo1_evb/examples/watchdog/atollic_gcc/../../../../.. -IC:/Jenkins/workspace/AmbiqSuite/workspace/boards/apollo1_evb/examples/watchdog/atollic_gcc/../../../../../utils -IC:/Jenkins/workspace/AmbiqSuite/workspace/boards/apollo1_evb/examples/watchdog/atollic_gcc/../../../../../devices -IC:/Jenkins/workspace/AmbiqSuite/workspace/boards/apollo1_evb/examples/watchdog/atollic_gcc/../../../../../mcu/apollo -O0 -g -Wall -specs=nano.specs -mthumb -mcpu=cortex-m4 -mfpu=fpv4-sp-d16 -mfloat-abi=softfp -ffunction-sections -fdata-sections -MMD -MP -O0 -Dgcc -o utils\am_util_faultisr.o 
arm-atollic-eabi-gcc -o watchdog_gcc.elf devices\am_devices_led.o src\watchdog.o startup_gcc.o utils\am_util_delay.o utils\am_util_faultisr.o utils\am_util_stdio.o ..\..\..\..\bsp\atollic_gcc\bin\libam_bsp_gcc.a ..\..\..\..\..\..\mcu\apollo\hal\atollic_gcc\bin\libam_hal_gcc.a -TC:/Jenkins/workspace/AmbiqSuite/workspace/boards/apollo1_evb/examples/watchdog/atollic_gcc/watchdog.ld -mthumb -mcpu=cortex-m4 -mfpu=fpv4-sp-d16 -mfloat-abi=softfp -nostartfiles -static -Wl,--gc-sections,--entry,am_reset_isr,-Map,C:/Jenkins/workspace/AmbiqSuite/workspace/boards/apollo1_evb/examples/watchdog/atollic_gcc/bin/watchdog_gcc.map -Wl,--start-group -lm -lc -lgcc -Wl,--end-group 
C:\Program Files (x86)\Atollic\TrueSTUDIO for ARM 8.1.0\ide\jre\bin\java -jar C:\Program Files (x86)\Atollic\TrueSTUDIO for ARM 8.1.0\Tools\arm-atollic-reports.jar sizeinfo list watchdog_gcc.elf 
Generate build reports...
Print size information
   text	   data	    bss	    dec	    hex	filename
   6980	     48	   4376	  11404	   2c8c	watchdog_gcc.elf
Print size information done
Generate listing file
Output sent to: watchdog_gcc.list
Generate listing file done
Generate build reports done
arm-atollic-eabi-objcopy -Obinary watchdog_gcc.elf watchdog_gcc.bin 
Info: Parallel threads used: 2

14:28:20 Build Finished (took 828ms)

