Create.
Opening 'mspi_octal_example_gcc'.
Refreshing '/mspi_octal_example_gcc'.
07:34:07 **** Clean-only build of configuration bin for project mspi_octal_example_gcc ****
"\\usr\\bin\\rm" -rf mspi_octal_example_gcc devices/am_devices_fireball.d utils/am_util_faultisr.o utils/am_util_stdio.d mspi_octal_example_gcc.elf utils/am_util_stdio.o utils/am_util_delay.d devices/am_devices_atxp032.d startup_gcc.d src/mspi_octal_example.d utils/am_util_delay.o devices/am_devices_atxp032.o utils/am_util_faultisr.d startup_gcc.o devices/am_devices_fireball.o src/mspi_octal_example.o 
Cannot run program "\usr\bin\rm": Launching failed

Error: Program "\usr\bin\rm" not found in PATH
PATH=[C:\Program Files (x86)\Atollic\TrueSTUDIO for ARM 8.1.0\ARMTools\bin;C:\Program Files (x86)\Atollic\TrueSTUDIO for ARM 8.1.0\Tools;C:/Program Files (x86)/Atollic/TrueSTUDIO for ARM 8.1.0/ide/jre/bin/client;C:/Program Files (x86)/Atollic/TrueSTUDIO for ARM 8.1.0/ide/jre/bin;C:/Program Files (x86)/Atollic/TrueSTUDIO for ARM 8.1.0/ide/jre/lib/i386;C:\cygwin64\bin;C:\Program Files (x86)\Atollic\TrueSTUDIO for ARM 8.1.0\ide;C:\Program Files (x86)\GNU Tools ARM Embedded\5.4 2016q3\bin;C:\Keil_v5\UV4;C:\Program Files (x86)\IAR Systems\Embedded Workbench 8.0\common\bin;C:\Program Files (x86)\IAR Systems\Embedded Workbench 8.0\arm\bin;C:\Windows\system32;C:\Windows;C:\Windows\System32\Wbem;C:\Windows\System32\WindowsPowerShell\v1.0;C:\Program Files\Git\cmd;C:\Users\jenkinsadmin\AppData\Local\Programs\Python\Python36-32p;C:\Program Files\Coverity\Coverity Static Analysis\bin;C:\Jenkins\workspace\AmbiqSuite\workspace\boards\apollo3_eb\examples\mspi_octal_example\atollic_gcc]


07:34:08 Build Finished (took 235ms)

07:34:08 **** Clean-only build of configuration bin for project mspi_octal_example_gcc ****

07:34:08 Build Finished (took 0ms)

07:34:08 **** Rebuild of configuration bin for project mspi_octal_example_gcc ****
Info: Internal Builder is used for build
arm-atollic-eabi-gcc -c ..\..\..\..\..\..\devices\am_devices_atxp032.c -mthumb -std=c99 -DAM_PACKAGE_BGA -DAM_UTIL_FAULTISR_PRINT -DFIREBALL_CARD -DAM_PART_APOLLO3 -IC:/Jenkins/workspace/AmbiqSuite/workspace/boards/apollo3_eb/examples/mspi_octal_example/atollic_gcc/../src -IC:/Jenkins/workspace/AmbiqSuite/workspace/boards/apollo3_eb/examples/mspi_octal_example/atollic_gcc/../../../../../boards/apollo3_eb/bsp -IC:/Jenkins/workspace/AmbiqSuite/workspace/boards/apollo3_eb/examples/mspi_octal_example/atollic_gcc/../../../../.. -IC:/Jenkins/workspace/AmbiqSuite/workspace/boards/apollo3_eb/examples/mspi_octal_example/atollic_gcc/../../../../../mcu/apollo3 -IC:/Jenkins/workspace/AmbiqSuite/workspace/boards/apollo3_eb/examples/mspi_octal_example/atollic_gcc/../../../../../CMSIS/ARM/Include -IC:/Jenkins/workspace/AmbiqSuite/workspace/boards/apollo3_eb/examples/mspi_octal_example/atollic_gcc/../../../../../CMSIS/AmbiqMicro/Include -IC:/Jenkins/workspace/AmbiqSuite/workspace/boards/apollo3_eb/examples/mspi_octal_example/atollic_gcc/../../../../../devices -IC:/Jenkins/workspace/AmbiqSuite/workspace/boards/apollo3_eb/examples/mspi_octal_example/atollic_gcc/../../../../../utils -O0 -g -Wall -specs=nano.specs -mthumb -mcpu=cortex-m4 -mfpu=fpv4-sp-d16 -mfloat-abi=softfp -ffunction-sections -fdata-sections -MMD -MP -O0 -specs=nano.specs -specs=nosys.specs -Dgcc -o devices\am_devices_atxp032.o 
arm-atollic-eabi-gcc -c ..\..\..\..\..\..\utils\am_util_delay.c -mthumb -std=c99 -DAM_PACKAGE_BGA -DAM_UTIL_FAULTISR_PRINT -DFIREBALL_CARD -DAM_PART_APOLLO3 -IC:/Jenkins/workspace/AmbiqSuite/workspace/boards/apollo3_eb/examples/mspi_octal_example/atollic_gcc/../src -IC:/Jenkins/workspace/AmbiqSuite/workspace/boards/apollo3_eb/examples/mspi_octal_example/atollic_gcc/../../../../../boards/apollo3_eb/bsp -IC:/Jenkins/workspace/AmbiqSuite/workspace/boards/apollo3_eb/examples/mspi_octal_example/atollic_gcc/../../../../.. -IC:/Jenkins/workspace/AmbiqSuite/workspace/boards/apollo3_eb/examples/mspi_octal_example/atollic_gcc/../../../../../mcu/apollo3 -IC:/Jenkins/workspace/AmbiqSuite/workspace/boards/apollo3_eb/examples/mspi_octal_example/atollic_gcc/../../../../../CMSIS/ARM/Include -IC:/Jenkins/workspace/AmbiqSuite/workspace/boards/apollo3_eb/examples/mspi_octal_example/atollic_gcc/../../../../../CMSIS/AmbiqMicro/Include -IC:/Jenkins/workspace/AmbiqSuite/workspace/boards/apollo3_eb/examples/mspi_octal_example/atollic_gcc/../../../../../devices -IC:/Jenkins/workspace/AmbiqSuite/workspace/boards/apollo3_eb/examples/mspi_octal_example/atollic_gcc/../../../../../utils -O0 -g -Wall -specs=nano.specs -mthumb -mcpu=cortex-m4 -mfpu=fpv4-sp-d16 -mfloat-abi=softfp -ffunction-sections -fdata-sections -MMD -MP -O0 -specs=nano.specs -specs=nosys.specs -Dgcc -o utils\am_util_delay.o 
arm-atollic-eabi-gcc: fatal error: c:/program files (x86)/atollic/truestudio for arm 8.1.0/armtools/bin/../lib/gcc/arm-atollic-eabi/6.3.1/../../../../arm-atollic-eabi/lib/nano.specs: attempt to rename spec 'link' to already defined spec 'nano_link'
compilation terminated.
Info: Parallel threads used: 2

07:34:08 Build Finished (took 719ms)

arm-atollic-eabi-gcc: fatal error: c:/program files (x86)/atollic/truestudio for arm 8.1.0/armtools/bin/../lib/gcc/arm-atollic-eabi/6.3.1/../../../../arm-atollic-eabi/lib/nano.specs: attempt to rename spec 'link' to already defined spec 'nano_link'
compilation terminated.
