###############################################################################
#
# IAR ANSI C/C++ Compiler V8.32.2.178/W32 for ARM         12/Mar/2019  10:07:07
# Copyright 1999-2018 IAR Systems AB.
#
#    Cpu mode     =  
#    Endian       =  little
#    Source file  =  
#        C:\Users\agao\ambiq_apollo\device\AmbiqSuite-Rel2.0.0\mcu\apollo3\hal\am_hal_global.c
#    Command line =  
#        -f C:\temp\EW82B3.tmp
#        (C:\Users\agao\ambiq_apollo\device\AmbiqSuite-Rel2.0.0\mcu\apollo3\hal\am_hal_global.c
#        -D iar -D AM_PART_APOLLO3 -D AM_PACKAGE_BGA -lcN
#        C:\Users\agao\ambiq_apollo\device\AmbiqSuite-Rel2.0.0\boards\apollo3_evb\examples\opus_step1\iar\bin
#        --diag_suppress Pa050 -o
#        C:\Users\agao\ambiq_apollo\device\AmbiqSuite-Rel2.0.0\boards\apollo3_evb\examples\opus_step1\iar\bin
#        --no_cse --no_unroll --no_inline --no_code_motion --no_tbaa
#        --no_clustering --no_scheduling --debug --endian=little
#        --cpu=Cortex-M4 -e --fpu=VFPv4_sp --dlib_config "C:\Program Files
#        (x86)\IAR Systems\Embedded Workbench
#        8.2\arm\inc\c\DLib_Config_Normal.h" -I
#        C:\Users\agao\ambiq_apollo\device\AmbiqSuite-Rel2.0.0\boards\apollo3_evb\examples\opus_step1\iar\..\..\..\..\..\utils\
#        -I
#        C:\Users\agao\ambiq_apollo\device\AmbiqSuite-Rel2.0.0\boards\apollo3_evb\examples\opus_step1\iar\..\..\..\..\..\CMSIS\ARM\Include\
#        -I
#        C:\Users\agao\ambiq_apollo\device\AmbiqSuite-Rel2.0.0\boards\apollo3_evb\examples\opus_step1\iar\..\..\..\..\..\CMSIS\AmbiqMicro\Include\
#        -I
#        C:\Users\agao\ambiq_apollo\device\AmbiqSuite-Rel2.0.0\boards\apollo3_evb\examples\opus_step1\iar\..\..\..\..\..\mcu\apollo3\
#        -I
#        C:\Users\agao\ambiq_apollo\device\AmbiqSuite-Rel2.0.0\boards\apollo3_evb\examples\opus_step1\iar\..\..\..\..\..\devices\
#        -I
#        C:\Users\agao\ambiq_apollo\device\AmbiqSuite-Rel2.0.0\boards\apollo3_evb\examples\opus_step1\iar\..\..\..\bsp\
#        -I
#        C:\Users\agao\ambiq_apollo\device\AmbiqSuite-Rel2.0.0\boards\apollo3_evb\examples\opus_step1\iar\..\..\..\..\..\
#        -I
#        C:\Users\agao\ambiq_apollo\device\AmbiqSuite-Rel2.0.0\boards\apollo3_evb\examples\opus_step1\iar\..\src\
#        -I
#        C:\Users\agao\ambiq_apollo\device\AmbiqSuite-Rel2.0.0\boards\apollo3_evb\examples\opus_step1\iar\..\src\sound\
#        -On)
#    Locale       =  C
#    List file    =  
#        C:\Users\agao\ambiq_apollo\device\AmbiqSuite-Rel2.0.0\boards\apollo3_evb\examples\opus_step1\iar\bin\am_hal_global.lst
#    Object file  =  
#        C:\Users\agao\ambiq_apollo\device\AmbiqSuite-Rel2.0.0\boards\apollo3_evb\examples\opus_step1\iar\bin\am_hal_global.o
#
###############################################################################

C:\Users\agao\ambiq_apollo\device\AmbiqSuite-Rel2.0.0\mcu\apollo3\hal\am_hal_global.c
      1          //*****************************************************************************
      2          //
      3          //  am_hal_global.c
      4          //! @file
      5          //!
      6          //! @brief Locate global variables here.
      7          //!
      8          //! This module contains global variables that are used throughout the HAL.
      9          //!
     10          //! One use in particular is that it uses a global HAL flags variable that
     11          //! contains flags used in various parts of the HAL.
     12          //
     13          //*****************************************************************************
     14          
     15          //*****************************************************************************
     16          //
     17          // Copyright (c) 2019, Ambiq Micro
     18          // All rights reserved.
     19          // 
     20          // Redistribution and use in source and binary forms, with or without
     21          // modification, are permitted provided that the following conditions are met:
     22          // 
     23          // 1. Redistributions of source code must retain the above copyright notice,
     24          // this list of conditions and the following disclaimer.
     25          // 
     26          // 2. Redistributions in binary form must reproduce the above copyright
     27          // notice, this list of conditions and the following disclaimer in the
     28          // documentation and/or other materials provided with the distribution.
     29          // 
     30          // 3. Neither the name of the copyright holder nor the names of its
     31          // contributors may be used to endorse or promote products derived from this
     32          // software without specific prior written permission.
     33          // 
     34          // Third party software included in this distribution is subject to the
     35          // additional license terms as defined in the /docs/licenses directory.
     36          // 
     37          // THIS SOFTWARE IS PROVIDED BY THE COPYRIGHT HOLDERS AND CONTRIBUTORS "AS IS"
     38          // AND ANY EXPRESS OR IMPLIED WARRANTIES, INCLUDING, BUT NOT LIMITED TO, THE
     39          // IMPLIED WARRANTIES OF MERCHANTABILITY AND FITNESS FOR A PARTICULAR PURPOSE
     40          // ARE DISCLAIMED. IN NO EVENT SHALL THE COPYRIGHT HOLDER OR CONTRIBUTORS BE
     41          // LIABLE FOR ANY DIRECT, INDIRECT, INCIDENTAL, SPECIAL, EXEMPLARY, OR
     42          // CONSEQUENTIAL DAMAGES (INCLUDING, BUT NOT LIMITED TO, PROCUREMENT OF
     43          // SUBSTITUTE GOODS OR SERVICES; LOSS OF USE, DATA, OR PROFITS; OR BUSINESS
     44          // INTERRUPTION) HOWEVER CAUSED AND ON ANY THEORY OF LIABILITY, WHETHER IN
     45          // CONTRACT, STRICT LIABILITY, OR TORT (INCLUDING NEGLIGENCE OR OTHERWISE)
     46          // ARISING IN ANY WAY OUT OF THE USE OF THIS SOFTWARE, EVEN IF ADVISED OF THE
     47          // POSSIBILITY OF SUCH DAMAGE.
     48          //
     49          // This is part of revision v2.0.0 of the AmbiqSuite Development Package.
     50          //
     51          //*****************************************************************************
     52          
     53          #include <stdint.h>
     54          #include <stdbool.h>
     55          #include "am_mcu_apollo.h"
     56          
     57          
     58          //*****************************************************************************
     59          //
     60          // Global Variables
     61          //
     62          //*****************************************************************************
     63          uint32_t volatile g_ui32HALflags =  0x00000000;
     64          
     65          //*****************************************************************************
     66          //
     67          // Version information
     68          //
     69          //*****************************************************************************
     70          const uint8_t  g_ui8HALcompiler[] = COMPILER_VERSION;
     71          const am_hal_version_t g_ui32HALversion =
     72          {
     73              .s.bAMREGS  = false,
     74              .s.Major    = AM_HAL_VERSION_MAJ,
     75              .s.Minor    = AM_HAL_VERSION_MIN,
     76              .s.Revision = AM_HAL_VERSION_REV
     77          };


   Section sizes:

   Bytes  Function/Label
   -----  --------------
       4  g_ui32HALflags
       4  g_ui32HALversion
      48  g_ui8HALcompiler

 
  4 bytes in section .bss
 52 bytes in section .rodata
 
 52 bytes of CONST memory
  4 bytes of DATA  memory

Errors: none
Warnings: none
