###############################################################################
#
# IAR ANSI C/C++ Compiler V8.32.2.178/W32 for ARM         12/Mar/2019  10:07:06
# Copyright 1999-2018 IAR Systems AB.
#
#    Cpu mode     =  
#    Endian       =  little
#    Source file  =  
#        C:\Users\agao\ambiq_apollo\device\AmbiqSuite-Rel2.0.0\mcu\apollo3\hal\am_hal_ble_patch.c
#    Command line =  
#        -f C:\temp\EW7DD9.tmp
#        (C:\Users\agao\ambiq_apollo\device\AmbiqSuite-Rel2.0.0\mcu\apollo3\hal\am_hal_ble_patch.c
#        -D iar -D AM_PART_APOLLO3 -D AM_PACKAGE_BGA -lcN
#        C:\Users\agao\ambiq_apollo\device\AmbiqSuite-Rel2.0.0\boards\apollo3_evb\examples\opus_step1\iar\bin
#        --diag_suppress Pa050 -o
#        C:\Users\agao\ambiq_apollo\device\AmbiqSuite-Rel2.0.0\boards\apollo3_evb\examples\opus_step1\iar\bin
#        --no_cse --no_unroll --no_inline --no_code_motion --no_tbaa
#        --no_clustering --no_scheduling --debug --endian=little
#        --cpu=Cortex-M4 -e --fpu=VFPv4_sp --dlib_config "C:\Program Files
#        (x86)\IAR Systems\Embedded Workbench
#        8.2\arm\inc\c\DLib_Config_Normal.h" -I
#        C:\Users\agao\ambiq_apollo\device\AmbiqSuite-Rel2.0.0\boards\apollo3_evb\examples\opus_step1\iar\..\..\..\..\..\utils\
#        -I
#        C:\Users\agao\ambiq_apollo\device\AmbiqSuite-Rel2.0.0\boards\apollo3_evb\examples\opus_step1\iar\..\..\..\..\..\CMSIS\ARM\Include\
#        -I
#        C:\Users\agao\ambiq_apollo\device\AmbiqSuite-Rel2.0.0\boards\apollo3_evb\examples\opus_step1\iar\..\..\..\..\..\CMSIS\AmbiqMicro\Include\
#        -I
#        C:\Users\agao\ambiq_apollo\device\AmbiqSuite-Rel2.0.0\boards\apollo3_evb\examples\opus_step1\iar\..\..\..\..\..\mcu\apollo3\
#        -I
#        C:\Users\agao\ambiq_apollo\device\AmbiqSuite-Rel2.0.0\boards\apollo3_evb\examples\opus_step1\iar\..\..\..\..\..\devices\
#        -I
#        C:\Users\agao\ambiq_apollo\device\AmbiqSuite-Rel2.0.0\boards\apollo3_evb\examples\opus_step1\iar\..\..\..\bsp\
#        -I
#        C:\Users\agao\ambiq_apollo\device\AmbiqSuite-Rel2.0.0\boards\apollo3_evb\examples\opus_step1\iar\..\..\..\..\..\
#        -I
#        C:\Users\agao\ambiq_apollo\device\AmbiqSuite-Rel2.0.0\boards\apollo3_evb\examples\opus_step1\iar\..\src\
#        -I
#        C:\Users\agao\ambiq_apollo\device\AmbiqSuite-Rel2.0.0\boards\apollo3_evb\examples\opus_step1\iar\..\src\sound\
#        -On)
#    Locale       =  C
#    List file    =  
#        C:\Users\agao\ambiq_apollo\device\AmbiqSuite-Rel2.0.0\boards\apollo3_evb\examples\opus_step1\iar\bin\am_hal_ble_patch.lst
#    Object file  =  
#        C:\Users\agao\ambiq_apollo\device\AmbiqSuite-Rel2.0.0\boards\apollo3_evb\examples\opus_step1\iar\bin\am_hal_ble_patch.o
#
###############################################################################

C:\Users\agao\ambiq_apollo\device\AmbiqSuite-Rel2.0.0\mcu\apollo3\hal\am_hal_ble_patch.c
      1          //*****************************************************************************
      2          //
      3          //! @file am_hal_ble_patch.c
      4          //!
      5          //! @brief This is a binary patch for the BLE core.
      6          //!
      7          //! @addtogroup
      8          //! @ingroup
      9          //! @{
     10          //
     11          //*****************************************************************************
     12          
     13          //*****************************************************************************
     14          //
     15          // Copyright (c) 2019, Ambiq Micro
     16          // All rights reserved.
     17          // 
     18          // Redistribution and use in source and binary forms, with or without
     19          // modification, are permitted provided that the following conditions are met:
     20          // 
     21          // 1. Redistributions of source code must retain the above copyright notice,
     22          // this list of conditions and the following disclaimer.
     23          // 
     24          // 2. Redistributions in binary form must reproduce the above copyright
     25          // notice, this list of conditions and the following disclaimer in the
     26          // documentation and/or other materials provided with the distribution.
     27          // 
     28          // 3. Neither the name of the copyright holder nor the names of its
     29          // contributors may be used to endorse or promote products derived from this
     30          // software without specific prior written permission.
     31          // 
     32          // Third party software included in this distribution is subject to the
     33          // additional license terms as defined in the /docs/licenses directory.
     34          // 
     35          // THIS SOFTWARE IS PROVIDED BY THE COPYRIGHT HOLDERS AND CONTRIBUTORS "AS IS"
     36          // AND ANY EXPRESS OR IMPLIED WARRANTIES, INCLUDING, BUT NOT LIMITED TO, THE
     37          // IMPLIED WARRANTIES OF MERCHANTABILITY AND FITNESS FOR A PARTICULAR PURPOSE
     38          // ARE DISCLAIMED. IN NO EVENT SHALL THE COPYRIGHT HOLDER OR CONTRIBUTORS BE
     39          // LIABLE FOR ANY DIRECT, INDIRECT, INCIDENTAL, SPECIAL, EXEMPLARY, OR
     40          // CONSEQUENTIAL DAMAGES (INCLUDING, BUT NOT LIMITED TO, PROCUREMENT OF
     41          // SUBSTITUTE GOODS OR SERVICES; LOSS OF USE, DATA, OR PROFITS; OR BUSINESS
     42          // INTERRUPTION) HOWEVER CAUSED AND ON ANY THEORY OF LIABILITY, WHETHER IN
     43          // CONTRACT, STRICT LIABILITY, OR TORT (INCLUDING NEGLIGENCE OR OTHERWISE)
     44          // ARISING IN ANY WAY OUT OF THE USE OF THIS SOFTWARE, EVEN IF ADVISED OF THE
     45          // POSSIBILITY OF SUCH DAMAGE.
     46          //
     47          // This is part of revision v2.0.0 of the AmbiqSuite Development Package.
     48          //
     49          //*****************************************************************************
     50          
     51          #include "am_mcu_apollo.h"
     52          
     53          //*****************************************************************************
     54          //
     55          // BLE LL local supported feature flags.
     56          //
     57          //     Bit position | Link Layer Feature
     58          //     0            | LE Encryption
     59          //     1            | Connection Parameters Request Procedure
     60          //     2            | Extended Reject Indication
     61          //     3            | Slave-initiated Features Exchange
     62          //     4            | LE Ping
     63          //     5            | LE Data Packet Length Extension
     64          //     6            | LL Privacy
     65          //     7            | Extended Scanner Filter Policies
     66          //
     67          // Specified 4.6 Feature Support, Link Layer Specification, Core V4.2.
     68          //
     69          //*****************************************************************************
     70          #ifndef AM_HAL_BLE_LOCAL_FEATURE
     71          #define AM_HAL_BLE_LOCAL_FEATURE    0x21
     72          #endif
     73          
     74          //*****************************************************************************
     75          //
     76          // Patches included in this file.
     77          //
     78          //*****************************************************************************
     79          am_hal_ble_patch_t am_ble_buffer_patch;
     80          am_hal_ble_patch_t am_ble_performance_patch;
     81          am_hal_ble_patch_t am_ble_performance_copy_patch;
     82          am_hal_ble_patch_t am_ble_nvds_patch;
     83          
     84          //*****************************************************************************
     85          //
     86          // Patch application order.
     87          //
     88          //*****************************************************************************
     89          am_hal_ble_patch_t *am_hal_ble_default_patch_array[] =
     90          {
     91              // FTCODE patches (type 0xAA)
     92          
     93              // RAMCODE patches (type 0xBB)
     94                &am_ble_performance_patch,
     95          
     96              // Standard patches (type 0xCC)
     97                &am_ble_buffer_patch,
     98          
     99              // nvds param (type 0xDD)
    100                &am_ble_nvds_patch,
    101          };
    102          
    103          am_hal_ble_patch_t *am_hal_ble_default_copy_patch_array[] =
    104          {
    105              // FTCODE patches (type 0xAA)
    106          
    107              // RAMCODE patches (type 0xBB)
    108                &am_ble_performance_copy_patch,
    109          
    110          };
    111          
    112          #define AM_HAL_BLE_NUM_DEFAULT_PATCHES                                        \
    113              (sizeof(am_hal_ble_default_patch_array) /                                 \
    114               sizeof(am_hal_ble_default_patch_array[0]))
    115          
    116          am_hal_ble_patch_t **am_hal_ble_default_patches = am_hal_ble_default_patch_array;
    117          am_hal_ble_patch_t **am_hal_ble_default_copy_patches = am_hal_ble_default_copy_patch_array;
    118          
    119          const uint32_t am_hal_ble_num_default_patches = AM_HAL_BLE_NUM_DEFAULT_PATCHES;
    120          
    121          
    122          //*****************************************************************************
    123          //
    124          // Patch Name:  RAMCODE COPY PATCH v1.04
    125          //
    126          // Bi-directional data fix 
    127          // Modulation deviation fix 
    128          // Extend patch memory
    129          // Transmit speed patch 
    130          // Added AGC table and enabled AGC
    131          // Added local feature support setting 
    132          // Fix to connection interval calculation issue with MTK chip sets (OPPO R15 fix)
    133          // Set VCO to 250mv
    134          // Modex auto calibration update 
    135          // Fix connection interval calculation issue
    136          // Increase RF LDO ref voltage form 1.0v to 1.1v
    137          // Decrease DAC channel delay cycle
    138          // Increase the VCO swing from 250mv to 300mv
    139          // Fix MD trans schedule issue (disabled) 
    140          // Fix link loss issue
    141          // Reduce duration from TX to TX
    142          // Fix LCP reject to channel map request from BLE 5.0 host
    143          // Date:        2018-12-28
    144          //*****************************************************************************
    145               
    146          const am_hal_ble_buffer(0x090e)am_ble_performance_copy_patch_data =
    147          {
    148              .bytes =
    149              {
    150                  0x00,0x11,0x6e,0x00,0x00,0x04,0x00,0x00,0x00,0x00,0x00,0x00,0x01,0x01,0xc5,0x01,
    151                  0x39,0x00,0x00,0x00,0x00,0x00,0x00,0x00,0x00,0x00,0x00,0x00,0x00,0x00,0x00,0x00,
    152                  0x00,0x00,0x00,0x00,0xff,0xff,0xff,0xff,0x70,0xb5,0x00,0x20,0x0c,0x49,0x49,0x88,
    153                  0x0c,0x4a,0x8b,0x18,0x1a,0x88,0x0c,0x49,0x9b,0x1c,0x00,0x24,0x13,0x25,0x2d,0x02,
    154                  0x0c,0x54,0x40,0x1c,0xa8,0x42,0xfb,0xdb,0x00,0x20,0x00,0x2a,0x04,0xdd,0x1c,0x5c,
    155                  0x0c,0x54,0x40,0x1c,0x90,0x42,0xfa,0xdb,0x04,0x48,0x80,0x47,0x00,0x20,0x70,0xbd,
    156                  0x00,0x48,0x00,0x20,0x02,0x48,0x00,0x20,0x00,0x35,0x00,0x20,0xaf,0x33,0x01,0x00,
    157                  0x9c,0x08,0x1f,0xb5,0x00,0x24,0x00,0x98,0x1d,0x28,0x3d,0xd2,0x01,0x00,0x79,0x44,
    158                  0x09,0x79,0x49,0x18,0x8f,0x44,0x0e,0x13,0x3a,0x1a,0x25,0x3a,0x3a,0x3a,0x3a,0x3a,
    159                  0x3a,0x3a,0x3a,0x3a,0x3a,0x3a,0x2a,0x3a,0x3a,0x3a,0x3a,0x2d,0x3a,0x32,0x3a,0x35,
    160                  0x3a,0x3a,0x3a,0x00,0x01,0x98,0xc0,0xb2,0x00,0xf0,0x8d,0xfa,0x26,0xe0,0x02,0x98,
    161                  0xc1,0xb2,0x01,0x98,0xc0,0xb2,0x00,0xf0,0x3e,0xf9,0x1f,0xe0,0x06,0x98,0x83,0xb2,
    162                  0x03,0x98,0x82,0xb2,0x02,0x98,0xc1,0xb2,0x01,0x98,0xc0,0xb2,0x00,0xf0,0xf7,0xf9,
    163                  0x14,0xe0,0x01,0x98,0xc0,0xb2,0x00,0xf0,0x90,0xf9,0x0f,0xe0,0x00,0xf0,0x23,0xf8,
    164                  0x0c,0xe0,0x01,0x98,0x80,0xb2,0x00,0xf0,0xe8,0xf9,0x07,0xe0,0x00,0xf0,0x1d,0xfb,
    165                  0x04,0xe0,0x00,0xf0,0x76,0xfb,0x01,0xe0,0x00,0x24,0xe4,0x43,0x20,0x46,0x04,0xb0,
    166                  0x10,0xbd,0x03,0xb4,0x01,0x48,0x01,0x90,0x01,0xbd,0x39,0x27,0x00,0x00,0x03,0xb4,
    167                  0x01,0x48,0x01,0x90,0x01,0xbd,0x95,0x28,0x00,0x00,0x03,0xb4,0x01,0x48,0x01,0x90,
    168                  0x01,0xbd,0x01,0x01,0x00,0x00,0xf0,0xb5,0x8b,0xb0,0x77,0x4d,0x78,0x4e,0x01,0x96,
    169                  0x78,0x4c,0x00,0x94,0x43,0x23,0x1b,0x06,0x5c,0x68,0xff,0x26,0x01,0x36,0x34,0x43,
    170                  0x5c,0x60,0x5c,0x68,0x36,0x03,0x34,0x43,0x5c,0x60,0xa3,0x23,0xdb,0x05,0x1b,0x68,
    171                  0x5c,0x08,0x64,0x00,0xa3,0x23,0xdb,0x05,0x1c,0x60,0x6e,0x4b,0xb0,0x24,0x1c,0x70,
    172                  0x28,0x24,0x1c,0x72,0x0a,0x94,0x6c,0x4f,0x1f,0x83,0xbc,0x46,0x6c,0x4c,0x00,0x27,
    173                  0x09,0x94,0x27,0x76,0xb0,0x24,0x5c,0x70,0x3c,0x24,0x5c,0x72,0x08,0x94,0x5d,0x83,
    174                  0x09,0x9c,0x67,0x76,0xb0,0x24,0x9c,0x70,0x46,0x24,0x9c,0x72,0xa6,0x46,0x5f,0x4e,
    175                  0x9e,0x83,0x09,0x9c,0xa7,0x76,0x50,0x24,0xdc,0x75,0x07,0x94,0x5d,0x4c,0xdc,0x86,
    176                  0x06,0x94,0x5f,0x4c,0xe7,0x71,0x5f,0x4b,0x9b,0x6b,0xdc,0xb2,0xa3,0x23,0xdb,0x05,
    177                  0x9b,0x6a,0x59,0x4f,0xbb,0x42,0x01,0xd1,0x01,0x27,0x00,0xe0,0x00,0x27,0x05,0x97,
    178                  0xab,0x42,0x01,0xd1,0x01,0x27,0x00,0xe0,0x00,0x27,0x04,0x97,0x01,0x9f,0xbb,0x42,
    179                  0x01,0xd1,0x01,0x27,0x00,0xe0,0x00,0x27,0x03,0x97,0x00,0x9f,0xbb,0x42,0x01,0xd1,
    180                  0x01,0x27,0x00,0xe0,0x00,0x27,0x02,0x97,0x63,0x45,0x09,0xd0,0xab,0x42,0x07,0xd0,
    181                  0x01,0x9f,0xbb,0x42,0x04,0xd0,0x00,0x9f,0xbb,0x42,0x01,0xd0,0x00,0x22,0x22,0xe0,
    182                  0x05,0x9b,0x00,0x2b,0x05,0xd0,0xe0,0x2c,0x01,0xdd,0x01,0x22,0x1b,0xe0,0x00,0x22,
    183                  0x19,0xe0,0x04,0x9b,0x00,0x2b,0x05,0xd0,0xd0,0x2c,0x01,0xdd,0x01,0x22,0x12,0xe0,
    184                  0x00,0x22,0x10,0xe0,0x03,0x9b,0x00,0x2b,0x05,0xd0,0xe0,0x2c,0x01,0xdd,0x01,0x22,
    185                  0x09,0xe0,0x00,0x22,0x07,0xe0,0x02,0x9b,0x00,0x2b,0x04,0xd0,0xe0,0x2c,0x01,0xdd,
    186                  0x01,0x22,0x00,0xe0,0x00,0x22,0x00,0x2a,0x14,0xd0,0x05,0x9a,0x00,0x2a,0x01,0xd0,
    187                  0x0a,0x99,0x60,0x46,0x04,0x9a,0x00,0x2a,0x01,0xd0,0x0a,0x99,0x60,0x46,0x03,0x9a,
    188                  0x00,0x2a,0x01,0xd0,0x08,0x99,0x28,0x46,0x02,0x9a,0x00,0x2a,0x25,0xd0,0x71,0x46,
    189                  0x30,0x46,0x22,0xe0,0x05,0x9a,0x00,0x2a,0x06,0xd0,0xb0,0x2c,0x02,0xdd,0x0a,0x99,
    190                  0x60,0x46,0x01,0xe0,0x08,0x99,0x28,0x46,0x04,0x9a,0x00,0x2a,0x06,0xd0,0xb0,0x2c,
    191                  0x02,0xdd,0x08,0x99,0x28,0x46,0x01,0xe0,0x71,0x46,0x30,0x46,0x03,0x9a,0x00,0x2a,
    192                  0x06,0xd0,0xb0,0x2c,0x02,0xdd,0x71,0x46,0x30,0x46,0x01,0xe0,0x07,0x99,0x06,0x98,
    193                  0x02,0x9a,0x00,0x2a,0x01,0xd0,0x07,0x99,0x06,0x98,0x1a,0x4a,0x11,0x62,0xa3,0x25,
    194                  0xed,0x05,0x29,0x68,0x49,0x08,0x49,0x00,0x29,0x60,0x17,0x4c,0x21,0x6b,0xff,0x22,
    195                  0x01,0x32,0x0b,0x46,0x13,0x43,0x23,0x63,0xa8,0x62,0x91,0x43,0x21,0x63,0x13,0x49,
    196                  0x08,0x80,0x43,0x21,0x09,0x06,0x4b,0x68,0x10,0x03,0x83,0x43,0x11,0x48,0x00,0x78,
    197                  0xc0,0x07,0xc0,0x0f,0x04,0x05,0x23,0x43,0x4b,0x60,0x4b,0x68,0x00,0x02,0x93,0x43,
    198                  0x03,0x43,0x4b,0x60,0x0b,0xb0,0xf0,0xbd,0x00,0x00,0x96,0x2f,0x00,0x00,0xf6,0x38,
    199                  0x00,0x00,0xf6,0x3f,0x00,0x00,0xfc,0x67,0x00,0x20,0x9c,0x20,0x00,0x00,0x1c,0x68,
    200                  0x00,0x20,0x3c,0x68,0x00,0x20,0x80,0x04,0xc0,0x50,0x40,0x00,0x80,0x45,0x4e,0x60,
    201                  0x00,0x20,0x3a,0x60,0x00,0x20,0xf0,0xb5,0x82,0xb0,0x43,0x22,0x12,0x06,0x53,0x68,
    202                  0x01,0x24,0x64,0x04,0x23,0x43,0x53,0x60,0xca,0x07,0xd2,0x0f,0x96,0x46,0x8a,0x07,
    203                  0xd3,0x0f,0x4a,0x07,0xd4,0x0f,0x0a,0x07,0xd2,0x0f,0x01,0x92,0xca,0x06,0xd2,0x0f,
    204                  0x00,0x92,0x8a,0x06,0xd2,0x0f,0x94,0x46,0x4a,0x06,0xd5,0x0f,0xce,0x09,0x1f,0x4a,
    205                  0x11,0x68,0x03,0x27,0x7f,0x05,0xb9,0x43,0x12,0x69,0x1d,0x4f,0x3a,0x40,0x00,0x28,
    206                  0x06,0xd0,0x01,0x28,0x09,0xd0,0x01,0x27,0xbf,0x05,0x02,0x28,0x03,0xd0,0x39,0x43,
    207                  0x00,0x28,0x06,0xd0,0x1b,0xe0,0x39,0x43,0xfa,0xe7,0x01,0x27,0x7f,0x05,0x39,0x43,
    208                  0xf6,0xe7,0x30,0x03,0x10,0x43,0x6a,0x01,0x10,0x43,0x62,0x46,0xd2,0x02,0x10,0x43,
    209                  0x00,0x9a,0xd2,0x01,0x10,0x43,0x01,0x9a,0x92,0x01,0x10,0x43,0xa2,0x02,0x10,0x43,
    210                  0x5a,0x02,0x10,0x43,0x72,0x46,0x12,0x02,0x10,0x43,0x08,0x4a,0x10,0x61,0x07,0x48,
    211                  0x01,0x60,0x43,0x20,0x00,0x06,0x41,0x68,0x01,0x22,0x52,0x04,0x91,0x43,0x05,0x4a,
    212                  0x12,0x78,0xd2,0x07,0x92,0x0b,0x11,0x43,0x41,0x60,0x02,0xb0,0xf0,0xbd,0x00,0x00,
    213                  0xc0,0x43,0x03,0xe0,0xff,0xff,0x3a,0x60,0x00,0x20,0xf8,0xb5,0x00,0x24,0x43,0x20,
    214                  0x00,0x06,0x41,0x68,0x01,0x27,0xbf,0x03,0x39,0x43,0x41,0x60,0x41,0x68,0xba,0x00,
    215                  0x11,0x43,0x41,0x60,0x21,0x48,0x05,0x68,0x51,0x1c,0x0d,0x43,0x05,0x60,0x1f,0x4e,
    216                  0xc8,0x20,0xb0,0x47,0x1f,0x49,0x88,0x68,0x38,0x43,0x88,0x60,0x0e,0x46,0xf0,0x68,
    217                  0x00,0x04,0xc7,0x0f,0x1a,0x49,0x01,0x20,0x88,0x47,0x20,0x46,0x1a,0x49,0x64,0x1c,
    218                  0x88,0x42,0x01,0xd8,0x00,0x2f,0xf2,0xd0,0x18,0x48,0x05,0x40,0x13,0x48,0x05,0x60,
    219                  0x01,0x20,0x40,0x03,0xb0,0x60,0xf1,0x68,0x15,0x48,0x01,0x40,0x70,0x68,0x14,0x4a,
    220                  0x10,0x40,0x08,0x43,0x70,0x60,0x30,0x68,0x3f,0x21,0x89,0x02,0x88,0x43,0x30,0x60,
    221                  0x43,0x21,0x09,0x06,0x4a,0x68,0x01,0x20,0x80,0x03,0x82,0x43,0x0e,0x48,0x00,0x78,
    222                  0xc0,0x07,0xc0,0x0f,0x83,0x03,0x1a,0x43,0x4a,0x60,0x4a,0x68,0x01,0x23,0x1b,0x04,
    223                  0x9a,0x43,0x00,0x04,0x02,0x43,0x4a,0x60,0xf8,0xbd,0x00,0x00,0x40,0x52,0xa1,0x3b,
    224                  0x00,0x00,0x00,0x00,0xc0,0x51,0x10,0x27,0x00,0x00,0xfe,0xff,0xfe,0xff,0x3f,0x3f,
    225                  0x00,0x00,0xc0,0xc0,0xff,0xff,0x3a,0x60,0x00,0x20,0x70,0x47,0x00,0x00,0xf0,0xb5,
    226                  0x83,0xb0,0x08,0x25,0x3c,0x49,0x00,0x20,0x08,0x70,0x43,0x20,0x00,0x06,0x41,0x68,
    227                  0xaa,0x02,0x11,0x43,0x41,0x60,0x29,0x27,0x38,0x49,0x7f,0x06,0xf9,0x60,0x41,0x68,
    228                  0x37,0x4b,0x91,0x43,0x1b,0x78,0xdb,0x07,0x9b,0x0c,0x19,0x43,0x41,0x60,0x25,0x24,
    229                  0xa4,0x01,0x41,0x68,0x11,0x43,0x41,0x60,0x41,0x68,0x52,0x10,0x11,0x43,0x41,0x60,
    230                  0xf8,0x68,0x03,0x21,0x49,0x06,0x88,0x43,0x56,0x03,0x06,0x43,0x90,0x03,0x06,0x43,
    231                  0xb8,0x68,0x01,0x20,0xff,0xf7,0xf5,0xfd,0x21,0x46,0x10,0x20,0xff,0xf7,0xf7,0xfd,
    232                  0x28,0x03,0x06,0x43,0x00,0x24,0x00,0x2d,0x0c,0xd9,0xfe,0x60,0x25,0x49,0x64,0x20,
    233                  0x88,0x47,0xf8,0x68,0x69,0x46,0x00,0x0a,0x80,0x1c,0x08,0x55,0x64,0x1c,0xe4,0xb2,
    234                  0xac,0x42,0xf2,0xd3,0x6a,0x46,0xd0,0x79,0x91,0x79,0x40,0x18,0x51,0x79,0x12,0x79,
    235                  0x89,0x18,0x40,0x18,0x6a,0x46,0xd1,0x78,0x41,0x18,0x90,0x78,0x09,0x18,0x50,0x78,
    236                  0x09,0x18,0x10,0x78,0x08,0x18,0x29,0x46,0xff,0xf7,0xd7,0xfd,0x12,0x49,0xc0,0xb2,
    237                  0x08,0x70,0x39,0x68,0x01,0x22,0x92,0x02,0x11,0x43,0x39,0x60,0x40,0x00,0x40,0x1c,
    238                  0x78,0x61,0x00,0x20,0xff,0xf7,0xbd,0xfd,0x43,0x21,0x09,0x06,0x4a,0x68,0x01,0x20,
    239                  0x00,0x03,0x82,0x43,0x0a,0x48,0x00,0x78,0xc0,0x07,0xc0,0x0f,0x03,0x03,0x1a,0x43,
    240                  0x4a,0x60,0x4a,0x68,0x01,0x23,0x5b,0x03,0x9a,0x43,0x40,0x03,0x02,0x43,0x4a,0x60,
    241                  0x03,0xb0,0xf0,0xbd,0x00,0x00,0x70,0x60,0x00,0x20,0xcc,0x34,0x63,0x02,0x3a,0x60,
    242                  0x00,0x20,0xa1,0x3b,0x00,0x00,0xf0,0xb4,0x43,0x21,0x09,0x06,0x48,0x68,0x01,0x25,
    243                  0xad,0x04,0x28,0x43,0x48,0x60,0xc4,0x22,0x87,0x20,0xc0,0x05,0x02,0x60,0x47,0x4a,
    244                  0x42,0x61,0x48,0x68,0x47,0x4a,0xa8,0x43,0x12,0x78,0xd2,0x07,0xd2,0x0f,0x93,0x04,
    245                  0x18,0x43,0x48,0x60,0x8b,0x20,0x43,0x4b,0xc0,0x05,0x43,0x63,0x43,0x4c,0x03,0x23,
    246                  0xe3,0x60,0x06,0x23,0xcb,0x60,0x05,0x23,0xc3,0x63,0x83,0x68,0x5b,0x08,0xf0,0x3b,
    247                  0x83,0x60,0xc3,0x68,0x5b,0x08,0x5d,0x33,0xc3,0x60,0x03,0x69,0x5b,0x08,0x03,0x61,
    248                  0x43,0x69,0x5b,0x08,0x43,0x61,0x83,0x69,0x5b,0x08,0x83,0x61,0xc3,0x69,0x5b,0x08,
    249                  0xc3,0x61,0x03,0x6a,0x5b,0x08,0x03,0x62,0x43,0x6a,0x5b,0x08,0x43,0x62,0x83,0x6a,
    250                  0x5b,0x08,0x83,0x62,0xc3,0x6a,0x5b,0x08,0xc3,0x62,0x01,0x23,0x23,0x61,0x63,0x62,
    251                  0xa3,0x63,0x2e,0x4c,0x23,0x60,0x2e,0x4e,0x66,0x61,0x26,0x6a,0x76,0x08,0x26,0x62,
    252                  0xc4,0x6a,0x1c,0x43,0xc4,0x62,0x48,0x68,0x1c,0x04,0x20,0x43,0x48,0x60,0x48,0x68,
    253                  0x9b,0x03,0x18,0x43,0x48,0x60,0x28,0x48,0x27,0x4b,0x43,0x61,0x83,0x68,0x3f,0x26,
    254                  0xb6,0x05,0x33,0x43,0x83,0x60,0x00,0x23,0xc3,0x60,0x24,0x4b,0x83,0x61,0x24,0x4e,
    255                  0x33,0x68,0x1e,0x27,0xbb,0x43,0x33,0x60,0x83,0x6a,0xfe,0x03,0xb3,0x43,0x5b,0x19,
    256                  0x83,0x62,0x48,0x68,0x13,0x04,0xa0,0x43,0x18,0x43,0x48,0x60,0x48,0x68,0xa3,0x10,
    257                  0x98,0x43,0x93,0x03,0x18,0x43,0x48,0x60,0x4b,0x68,0xe0,0x10,0x03,0x43,0x4b,0x60,
    258                  0x29,0x23,0x5b,0x06,0x1c,0x6a,0x24,0x09,0x24,0x01,0x08,0x34,0x1c,0x62,0x4b,0x68,
    259                  0x83,0x43,0x50,0x03,0x03,0x43,0x4b,0x60,0x48,0x68,0xab,0x00,0x18,0x43,0x48,0x60,
    260                  0x28,0x24,0xa3,0x20,0xc0,0x05,0x04,0x60,0x0f,0x4c,0x24,0x88,0x84,0x62,0x48,0x68,
    261                  0x12,0x05,0x98,0x43,0x10,0x43,0x48,0x60,0xf0,0xbc,0x70,0x47,0x00,0x00,0xff,0x7f,
    262                  0x00,0x00,0x3a,0x60,0x00,0x20,0x49,0x02,0x00,0x00,0x40,0x00,0x80,0x45,0x80,0x00,
    263                  0x80,0x45,0x1e,0x02,0x00,0x00,0x03,0x00,0x3c,0x00,0x00,0x00,0x40,0x52,0x08,0x00,
    264                  0x0f,0x00,0x00,0x00,0xc0,0x51,0x4e,0x60,0x00,0x20,0x70,0xb5,0x23,0x48,0x80,0x47,
    265                  0x43,0x24,0x24,0x06,0x01,0x21,0x60,0x68,0x89,0x04,0x08,0x43,0x60,0x60,0x1f,0x48,
    266                  0x80,0x47,0x1f,0x48,0x00,0x78,0xaa,0x28,0x06,0xd1,0xa0,0x68,0x80,0x07,0x03,0xd1,
    267                  0x1d,0x49,0x88,0x47,0x1d,0x49,0x08,0x60,0xa1,0x20,0xc0,0x05,0x02,0x6b,0x02,0x21,
    268                  0x8a,0x43,0x0a,0x43,0x02,0x63,0x01,0x21,0x02,0x6b,0x8a,0x43,0x0a,0x43,0x02,0x63,
    269                  0x01,0x6b,0x04,0x26,0xb1,0x43,0x31,0x43,0x01,0x63,0x14,0x4c,0x60,0x68,0x14,0x4d,
    270                  0x80,0x00,0x04,0xd5,0x08,0x20,0xa8,0x47,0x60,0x68,0x80,0x00,0xfa,0xd4,0x11,0x4c,
    271                  0x0f,0x20,0x60,0x60,0x01,0x20,0xa8,0x47,0x07,0x20,0x60,0x60,0x04,0x20,0xa8,0x47,
    272                  0x06,0x20,0x60,0x60,0x8b,0x21,0x0c,0x48,0xc9,0x05,0x08,0x60,0x0c,0x48,0x01,0x69,
    273                  0x31,0x43,0x01,0x61,0x30,0xbf,0x70,0xbd,0x00,0x00,0x35,0x37,0x00,0x00,0x39,0x9c,
    274                  0x00,0x00,0x2c,0x60,0x00,0x20,0xd1,0x39,0x00,0x00,0x54,0x60,0x00,0x20,0x80,0x00,
    275                  0x80,0x45,0xa1,0x3b,0x00,0x00,0x40,0x00,0x80,0x45,0x26,0x03,0x00,0x00,0x00,0xed,
    276                  0x00,0xe0,0x70,0xb5,0x38,0x4d,0x0f,0x20,0x68,0x60,0x8b,0x24,0xe4,0x05,0x20,0x68,
    277                  0x01,0x21,0x49,0x02,0x88,0x43,0x20,0x60,0x34,0x48,0x80,0x47,0x01,0x20,0x80,0xf3,
    278                  0x10,0x88,0x32,0x48,0x40,0x68,0x32,0x49,0x80,0x00,0x06,0xd4,0x20,0x68,0x08,0x22,
    279                  0x10,0x43,0x20,0x60,0x01,0x20,0x88,0x47,0x01,0xe0,0x01,0x20,0x88,0x47,0x2d,0x48,
    280                  0x80,0x47,0x2d,0x48,0x2e,0x49,0x00,0x78,0x88,0x47,0x0d,0x20,0x68,0x60,0x2c,0x48,
    281                  0x80,0x47,0x43,0x22,0x12,0x06,0x50,0x68,0x01,0x21,0x49,0x03,0x08,0x43,0x50,0x60,
    282                  0x29,0x20,0x28,0x4b,0x40,0x06,0xc3,0x60,0x03,0x6a,0x1b,0x09,0x1b,0x01,0x08,0x33,
    283                  0x03,0x62,0x03,0x68,0xcc,0x10,0x23,0x43,0x03,0x60,0x23,0x4b,0x1b,0x78,0x5b,0x00,
    284                  0x5b,0x1c,0x43,0x61,0x50,0x68,0x88,0x43,0x21,0x49,0x09,0x78,0xc9,0x07,0xc9,0x0f,
    285                  0x4b,0x03,0x18,0x43,0x50,0x60,0x50,0x68,0xa3,0x02,0x18,0x43,0x50,0x60,0x28,0x20,
    286                  0xa3,0x25,0xed,0x05,0x28,0x60,0x1a,0x48,0x00,0x78,0x00,0x28,0x10,0xd0,0x19,0x48,
    287                  0x1a,0x4c,0x00,0x88,0xa0,0x42,0x08,0xd0,0x19,0x4c,0xa0,0x42,0x05,0xd0,0x18,0x4c,
    288                  0xa0,0x42,0x02,0xd0,0x18,0x4c,0xa0,0x42,0x01,0xd1,0xa8,0x62,0x00,0xe0,0xac,0x62,
    289                  0x50,0x68,0x09,0x05,0x98,0x43,0x08,0x43,0x50,0x60,0x00,0x20,0x80,0xf3,0x10,0x88,
    290                  0x12,0x48,0x80,0x47,0x70,0xbd,0x40,0x00,0x80,0x45,0x85,0x3b,0x01,0x00,0x80,0x00,
    291                  0x80,0x45,0x89,0x44,0x01,0x00,0x6d,0x34,0x01,0x00,0x40,0x60,0x00,0x20,0xa1,0x3b,
    292                  0x00,0x00,0x99,0x4d,0x01,0x00,0xcc,0x34,0x63,0x04,0x70,0x60,0x00,0x20,0x3a,0x60,
    293                  0x00,0x20,0x2f,0x60,0x00,0x20,0x4e,0x60,0x00,0x20,0x9c,0x20,0x00,0x00,0x96,0x2f,
    294                  0x00,0x00,0xf6,0x38,0x00,0x00,0xf6,0x3f,0x00,0x00,0xad,0x34,0x01,0x00    
    295              }
    296          };
    297          
    298          am_hal_ble_patch_t am_ble_performance_copy_patch =
    299          {
    300              .ui32Type = 0xBB,
    301              .ui32Length = 0x090e,
    302              .ui32CRC = 0x538c,
    303              .pui32Data = am_ble_performance_copy_patch_data.words,
    304          };
    305          
    306          //*****************************************************************************
    307          //
    308          // Patch Name:  RAMCODE PATCH v1.04
    309          //
    310          // Bi-directional data fix 
    311          // Modulation deviation fix 
    312          // Extend patch memory
    313          // Transmit speed patch 
    314          // Added AGC table and enabled AGC
    315          // Added local feature support setting 
    316          // Fix to connection interval calculation issue with MTK chip sets (OPPO R15 fix)
    317          // Set VCO to 250mv
    318          // Modex auto calibration update 
    319          // Fix connection interval calculation issue
    320          // Increase RF LDO ref voltage form 1.0v to 1.1v
    321          // Decrease DAC channel delay cycle
    322          // Increase the VCO swing from 250mv to 300mv
    323          // Fix MD trans schedule issue (disabled) 
    324          // Fix link loss issue
    325          // Reduce duration from TX to TX
    326          // Optimize to free 3 hardware patches
    327          // Fix LCP reject to channel map request from BLE 5.0 host
    328          // Date:        2018-12-28
    329          //*****************************************************************************
    330          
    331           am_hal_ble_buffer(0x0140)am_ble_performance_patch_data =
    332          {
    333              .bytes =
    334              {
    335                  0x00,0x11,0x3e,0x01,0x00,0x04,0x00,0x00,0x00,0x00,0x00,0x00,0x01,0x01,0xc5,0x01,
    336                  0x39,0x00,0x00,0x00,0x00,0x00,0x00,0x00,0x00,0x00,0x00,0x00,0x00,0x00,0x00,0x00,
    337                  0x00,0x00,0x00,0x00,0x1b,0x00,0xa1,0x02,0x1f,0xb5,0x82,0xb0,0x08,0x98,0x00,0x90,
    338                  0x02,0xa8,0x0f,0xc8,0x01,0x4c,0xa0,0x47,0x06,0xb0,0x10,0xbd,0x01,0x35,0x00,0x20,
    339                  0x00,0xbf,0x00,0xbf,0x00,0xbf,0x00,0xbf,0x08,0x48,0x80,0x47,0x00,0xbf,0x00,0xbf,
    340                  0x02,0x2d,0x05,0xd1,0x06,0x48,0x80,0x47,0x00,0xbf,0x00,0xbf,0x05,0x48,0x80,0x47,
    341                  0x00,0x21,0x03,0x9a,0x04,0x98,0x90,0x47,0x03,0x48,0x00,0x47,0x99,0x4a,0x01,0x00,
    342                  0x25,0x4b,0x01,0x00,0xaf,0x4a,0x01,0x00,0x8f,0x4c,0x01,0x00,0x00,0x00,0x00,0x00,
    343                  0x04,0x48,0x01,0x68,0x28,0x22,0x11,0x43,0x50,0x22,0x91,0x43,0x01,0x60,0x00,0xbf,
    344                  0x01,0x48,0x00,0x47,0x00,0x00,0xc0,0x52,0x63,0x2a,0x00,0x00,0x00,0x00,0x00,0x00,
    345                  0x04,0x48,0x01,0x68,0x50,0x22,0x11,0x43,0x28,0x22,0x91,0x43,0x01,0x60,0x00,0xbf,
    346                  0x01,0x48,0x00,0x47,0x00,0x00,0xc0,0x52,0x83,0x2a,0x00,0x00,0x00,0xbf,0x00,0xbf,
    347                  0x00,0xbf,0x00,0xbf,0x08,0x98,0x00,0x28,0x01,0xd0,0x01,0x20,0x02,0x90,0x00,0x20,
    348                  0x60,0x85,0x01,0x48,0x00,0x47,0x00,0xbf,0xd5,0xed,0x00,0x00,0x00,0xbf,0x00,0xbf,
    349                  0x10,0x7d,0x08,0x28,0x01,0xd3,0x06,0x20,0x10,0x75,0x02,0x98,0x81,0x79,0x01,0x20,
    350                  0x01,0x43,0x02,0x98,0x81,0x71,0x01,0x48,0x00,0x47,0x00,0xbf,0xa5,0xf7,0x00,0x00,
    351                  0x40,0x31,0x0a,0x8d,0x00,0x98,0x80,0x1a,0x82,0xb2,0x2c,0x48,0x82,0x42,0x11,0xd2,
    352                  0x28,0x46,0x05,0x22,0x71,0x1c,0x63,0x30,0x00,0xf0,0x0e,0xf8,0x28,0x69,0x00,0x99,
    353                  0x01,0x20,0x60,0x70,0x05,0x48,0x00,0x9a,0x02,0x60,0x09,0x8d,0x41,0x60,0x00,0xbf,
    354                  0x99,0x4a,0x01,0x00,0xb2,0xbd,0x00,0x00,0x78,0x01,0x00,0x00,0x48,0xbe,0x00,0x00	 
    355              }
    356          };
    357          
    358          am_hal_ble_patch_t am_ble_performance_patch =
    359          {
    360              .ui32Type = 0xBB,
    361              .ui32Length = 0x0140,
    362              .ui32CRC = 0x373e,
    363              .pui32Data = am_ble_performance_patch_data.words,
    364          };
    365          
    366          //*****************************************************************************
    367          //
    368          // Patch Name:  FUNCTION PATCH  v1.04
    369          //
    370          // Bi-directional data fix 
    371          // Modulation deviation fix 
    372          // Extend patch memory
    373          // Transmit speed patch 
    374          // Added AGC table and enabled AGC
    375          // Added local feature support setting 
    376          // Fix to connection interval calculation issue with MTK chip sets (OPPO R15 fix)
    377          // Set VCO to 250mv
    378          // Modex auto calibration update 
    379          // Fix connection interval calculation issue
    380          // Increase RF LDO ref voltage form 1.0v to 1.1v
    381          // Decrease DAC channel delay cycle
    382          // Increase the VCO swing from 250mv to 300mv
    383          // Fix MD trans schedule issue  (disabled) 
    384          // Fix link loss issue
    385          // Reduce duration from TX to TX
    386          // Optimize to free 3 hardware patches
    387          // Fix LCP reject to channel map request from BLE 5.0 host
    388          // Date:        2018-12-28
    389          //
    390          // Adjust HCI timing check for WAKE signal used as sync between host and controller.
    391          //
    392          //*****************************************************************************
    393          const  am_hal_ble_buffer(0x0bb8)am_ble_buffer_patch_data =
    394          {
    395              .bytes =
    396              {
    397                  0x00,0x22,0xb8,0x0b,0xff,0x3f,0x00,0x00,0x32,0x35,0x09,0x00,0x65,0x39,0x09,0x00,
    398                  0x2b,0x45,0x09,0x00,0xa9,0x48,0x09,0x00,0xf7,0x53,0x09,0x00,0x1a,0x5c,0x09,0x00,
    399                  0x1c,0x64,0x09,0x00,0xfd,0x6a,0x09,0x00,0x1a,0x75,0x09,0x00,0xde,0x7b,0x09,0x00,
    400                  0x4b,0x85,0x09,0x00,0xb3,0x8b,0x09,0x00,0x4f,0x94,0x09,0x00,0xf5,0x9a,0x09,0x00,
    401                  0x00,0x48,0x00,0x47,0x41,0x48,0x00,0x20,0x00,0xbf,0x00,0xbf,0x00,0xbf,0x05,0xb0,
    402                  0xf0,0xbd,0x00,0x00,0x90,0x67,0x00,0x20,0x10,0x27,0x00,0x00,0x00,0x10,0x00,0x20,
    403                  0x88,0x13,0x00,0x00,0x18,0x10,0x00,0x20,0xff,0x03,0x00,0x00,0xff,0xb5,0xff,0xb0,
    404                  0x82,0xb0,0x07,0x46,0x0c,0x46,0x16,0x46,0x00,0x25,0x30,0x48,0x06,0x60,0x84,0x99,
    405                  0x04,0xd0,0xee,0x28,0x02,0xd0,0x03,0x20,0x60,0x73,0x70,0xbd,0x60,0x7c,0xf1,0x28,
    406                  0x06,0xd0,0xf2,0x28,0x04,0xd0,0xf3,0x28,0x02,0xd0,0x02,0x20,0x60,0x73,0x70,0xbd,
    407                  0x00,0x20,0x60,0x73,0x70,0xbd,0x00,0x00,0x18,0x10,0x00,0x20,0x0a,0x10,0x00,0x20,
    408                  0x00,0x48,0x00,0x47,0x01,0x4d,0x00,0x20,0x70,0x88,0x00,0x28,0x16,0xd1,0x14,0x20,
    409                  0x01,0x21,0x0b,0x20,0xed,0xf7,0xc6,0xfc,0x10,0xbd,0x00,0x00,0x00,0x48,0x00,0x47,
    410                  0x95,0x4d,0x00,0x20,0x00,0x28,0x02,0xd0,0x08,0x78,0x01,0x28,0x1a,0xd0,0x08,0x78,
    411                  0x02,0x28,0x17,0xd0,0x00,0x28,0x0e,0xd0,0x01,0x28,0x0c,0xd0,0xf0,0xf7,0xd9,0xfe,
    412                  0x00,0x28,0x08,0xd0,0x00,0xf0,0x16,0xf8,0x32,0x20,0xef,0xf7,0x51,0xf8,0xf0,0xf7,
    413                  0x80,0xe1,0x00,0xe0,0x00,0xe1,0x00,0xe0,0x02,0x48,0x01,0x68,0x28,0x22,0x91,0x43,
    414                  0x01,0x60,0x70,0x47,0x00,0x00,0xc0,0x52,0x00,0x48,0x00,0x47,0x81,0x48,0x00,0x20,
    415                  0x01,0x60,0x70,0x47,0x00,0x00,0xc0,0x52,0x02,0x48,0x01,0x68,0x50,0x22,0x91,0x43,
    416                  0x01,0x60,0x70,0x47,0x00,0x00,0xc0,0x52,0x00,0x48,0x00,0x47,0xa1,0x48,0x00,0x20,
    417                  0xc0,0x40,0x80,0x50,0x10,0xb5,0x0b,0x46,0x11,0x46,0x02,0x24,0x0c,0x22,0x50,0x43,
    418                  0x06,0x4a,0x80,0x18,0x00,0x28,0x06,0xd0,0x42,0x68,0x00,0x2a,0x03,0xd0,0x18,0x46,
    419                  0x00,0xf0,0x10,0xfb,0x04,0x46,0x20,0x46,0x10,0xbd,0x00,0x00,0x98,0x56,0x01,0x00,
    420                  0x00,0x49,0x08,0x47,0x19,0x4e,0x00,0x20,0xf3,0xf7,0x5c,0xfd,0x7c,0x20,0x00,0x5b,
    421                  0x0b,0xf8,0x40,0x19,0xc1,0xb2,0x00,0x29,0x03,0xd0,0x40,0x34,0xa0,0x8f,0xf9,0xf7,
    422                  0x73,0xfd,0x70,0xbd,0x01,0x21,0xe1,0xe7,0x00,0x49,0x08,0x47,0x01,0x50,0x00,0x20,
    423                  0x80,0xf3,0x10,0x88,0x28,0x46,0xf3,0xf7,0x4d,0xf9,0x00,0x21,0x81,0xf3,0x10,0x88,
    424                  0x00,0x28,0x0f,0xd0,0x81,0x88,0x0a,0x46,0x0a,0x3a,0x46,0x2a,0x0c,0xd2,0x64,0x1c,
    425                  0xd2,0x0b,0xd2,0x03,0x0a,0x43,0xc2,0x84,0x00,0x20,0x80,0xf3,0x10,0x88,0x70,0x47,
    426                  0x66,0x04,0x00,0x00,0x40,0x44,0x80,0x50,0x00,0x49,0x08,0x47,0x6d,0x50,0x00,0x20,
    427                  0x11,0x90,0x80,0x8f,0x0e,0x90,0x12,0x98,0x08,0x30,0x0d,0x90,0x12,0x98,0x30,0x30,
    428                  0x0c,0x90,0x12,0x98,0x44,0x30,0x0b,0x90,0x00,0x20,0x0a,0x90,0x01,0x25,0x0c,0x98,
    429                  0x07,0xf0,0xa4,0xf8,0x00,0x28,0x2d,0xd0,0x00,0xbf,0x00,0xbf,0x00,0xbf,0x00,0xbf,
    430                  0x00,0xbf,0x00,0xbf,0x00,0xbf,0x00,0xbf,0x00,0xbf,0x00,0xbf,0x91,0xe0,0x0c,0x9a,
    431                  0xff,0x20,0x22,0x23,0x11,0x46,0x0a,0x30,0xfd,0xf7,0x9e,0xfb,0x07,0x70,0x61,0x88,
    432                  0xc1,0x81,0xa1,0x88,0x01,0x82,0xe1,0x88,0xc1,0x80,0x21,0x89,0x01,0x81,0xa1,0x7a,
    433                  0xc0,0x01,0x23,0xe0,0x77,0xe0,0x02,0x98,0x08,0x1a,0x40,0x01,0x40,0x09,0x90,0x42,
    434                  0x1c,0xd9,0x02,0x98,0x40,0x1a,0x40,0x01,0x40,0x09,0x40,0x42,0x16,0xe0,0x02,0x98,
    435                  0x00,0xbf,0x00,0xbf,0x00,0xbf,0x00,0xbf,0x00,0xbf,0x00,0xbf,0x00,0xbf,0x00,0xbf,
    436                  0x00,0xbf,0x00,0x20,0x0a,0xe0,0x02,0x98,0x38,0x1a,0x40,0x01,0x40,0x09,0x90,0x42,
    437                  0xc1,0x65,0x75,0x60,0x60,0x89,0xb8,0x84,0x04,0x9a,0x01,0x20,0x50,0x75,0x60,0x88,
    438                  0xf8,0x85,0x04,0x9a,0x60,0x78,0x10,0x75,0x00,0x48,0x00,0x47,0xe1,0x48,0x00,0x20,
    439                  0x00,0xbf,0x00,0x00,0x60,0x89,0x3a,0x8d,0x40,0x1e,0x80,0xb2,0x82,0x42,0x03,0xd1,
    440                  0x08,0x20,0x01,0x43,0x03,0x98,0x81,0x71,0x07,0xb0,0xf0,0xbd,0x60,0x61,0x00,0x20,
    441                  0x00,0x00,0x00,0x00,0x00,0x00,0x00,0x00,0x00,0x00,0x00,0x00,0x00,0x00,0x00,0x00,
    442                  //0x01,0x00,0x00,0x00,0x00,0x00,0x00,0x00,0x01,0x00,0x00,0x00,0x00,0x00,0x00,0x00,
    443                  AM_HAL_BLE_LOCAL_FEATURE,0x00,0x00,0x00,0x00,0x00,0x00,0x00,0x01,0x00,0x00,0x00,0x00,0x00,0x00,0x00,
    444                  0xff,0xff,0xff,0xff,0xff,0x03,0x00,0x00,0xff,0x00,0x3c,0x1f,0x00,0x00,0x00,0x00,
    445                  0x01,0x20,0x00,0x00,0x89,0x7d,0x00,0x00,0x02,0x20,0x00,0x00,0xfd,0x76,0x00,0x00,
    446                  0x10,0x18,0x00,0x8c,0xc0,0x0b,0x08,0x9b,0x5b,0x1e,0x18,0x42,0x05,0xd1,0x08,0x98,
    447                  0x00,0x48,0x00,0x47,0xc1,0x48,0x00,0x20,0x00,0xbf,0x00,0x00,0x80,0x4b,0xd2,0x18,
    448                  0x50,0x84,0x01,0x20,0x80,0xf3,0x10,0x88,0xb8,0x68,0x00,0x28,0x16,0xd0,0x00,0x20,
    449                  0x00,0x28,0x19,0xd0,0x38,0x6b,0x00,0x28,0x12,0xd0,0x00,0x20,0x00,0x28,0x13,0xd0,
    450                  0x29,0x19,0x08,0x1a,0x21,0x46,0xee,0xf7,0xb1,0xfe,0x88,0xb2,0x70,0xbd,0x28,0x30,
    451                  0x60,0x30,0x00,0x7e,0x70,0x47,0x10,0xb4,0x02,0x46,0x40,0x32,0xd3,0x8c,0x06,0x24,
    452                  0x63,0x43,0x14,0x8d,0xe3,0x18,0x9b,0xb2,0x93,0x84,0x60,0x30,0x41,0x75,0x18,0x46,
    453                  0x10,0xbc,0x70,0x47,0x28,0x30,0x60,0x30,0x40,0x7d,0x00,0x28,0x00,0x20,0x00,0x20,
    454                  0x40,0x79,0x00,0x07,0x02,0xd5,0x04,0x20,0x60,0x70,0x34,0xe0,0x28,0x69,0x05,0xf0,
    455                  0x51,0xfb,0x00,0x28,0x02,0xd0,0x02,0x20,0x60,0x70,0x2c,0xe0,0x03,0x98,0x03,0xf0,
    456                  0x4d,0xfe,0x04,0x28,0x07,0xd1,0x68,0x46,0x01,0x79,0x02,0x20,0x88,0x43,0x05,0xd0,
    457                  0x00,0x20,0x00,0x28,0x04,0xd0,0x00,0x20,0x60,0x70,0x1c,0xe0,0x01,0x20,0xf8,0xe7,
    458                  0xf8,0xb5,0x00,0x24,0x1c,0x48,0x00,0x78,0x00,0x28,0x2d,0xd1,0x1b,0x4e,0x70,0x68,
    459                  0x1b,0x4d,0x00,0x28,0x09,0xda,0x1b,0x4f,0x01,0x21,0x0b,0x20,0xb8,0x47,0x01,0x21,
    460                  0x0b,0x20,0xa8,0x47,0x70,0x68,0x00,0x28,0xf6,0xdb,0x00,0x21,0x0b,0x20,0xa8,0x47,
    461                  0x15,0x4e,0x0a,0x20,0xb0,0x47,0x05,0x27,0x3f,0x07,0xf8,0x69,0x05,0x05,0x2d,0x0d,
    462                  0x00,0x2d,0x04,0xd1,0x11,0x48,0xc0,0x68,0x80,0x05,0x80,0x0e,0x0c,0xd0,0x64,0x2c,
    463                  0x0a,0xd2,0x14,0x20,0xb0,0x47,0xf8,0x69,0x00,0x05,0x00,0x0d,0xa8,0x42,0x04,0xd9,
    464                  0x05,0x46,0x64,0x1c,0x64,0x2c,0xf4,0xd3,0xf8,0xbd,0x03,0x49,0x01,0x20,0x08,0x70,
    465                  0x07,0x49,0x08,0x70,0xf8,0xbd,0x00,0x00,0x01,0x10,0x00,0x20,0x80,0x00,0x80,0x45,
    466                  0x55,0x24,0x00,0x00,0x91,0x23,0x00,0x00,0xa1,0x3b,0x00,0x00,0x00,0x00,0xc0,0x52,
    467                  0x00,0x10,0x00,0x20,0x10,0xb5,0x18,0x48,0x01,0x68,0x40,0x29,0x01,0xd2,0x40,0x21,
    468                  0x01,0x60,0x80,0x7a,0xc0,0x07,0x01,0xd0,0x00,0x20,0x10,0xbd,0x13,0x48,0x80,0x47,
    469                  0x05,0x20,0x00,0x07,0xc0,0x69,0x12,0x49,0x00,0x05,0x04,0xd0,0x08,0x78,0x01,0x28,
    470                  0x14,0xd0,0x02,0x28,0x12,0xd0,0x08,0x78,0x00,0x28,0x08,0xd0,0x01,0x28,0x06,0xd0,
    471                  0x02,0x28,0x04,0xd0,0x0b,0x48,0x80,0x47,0x0b,0x49,0x32,0x20,0x88,0x47,0x0b,0x49,
    472                  0x04,0x20,0x88,0x47,0x0a,0x48,0x80,0x47,0x00,0x20,0x10,0xbd,0x09,0x49,0x04,0x20,
    473                  0x88,0x47,0x01,0x20,0x10,0xbd,0x00,0x00,0xb8,0x67,0x00,0x20,0x05,0x93,0x00,0x00,
    474                  0x18,0x10,0x00,0x20,0x25,0x4b,0x01,0x00,0xa1,0x3b,0x00,0x00,0x41,0x44,0x01,0x00,
    475                  0xaf,0x4a,0x01,0x00,0x89,0x44,0x01,0x00,0xf0,0xb5,0x8d,0xb0,0x04,0x46,0x6c,0x49,
    476                  0x04,0xa8,0x88,0x47,0x7c,0x20,0x00,0x5b,0x03,0x90,0x00,0x25,0x00,0x20,0x02,0x90,
    477                  0x01,0x20,0x80,0xf3,0x10,0x88,0x60,0x6c,0x00,0x21,0x81,0xf3,0x10,0x88,0x26,0x46,
    478                  0x60,0x36,0x00,0x28,0x6b,0xd0,0x21,0x46,0x44,0x31,0x0c,0x91,0x28,0x39,0x0b,0x91,
    479                  0x64,0x31,0x0a,0x91,0x81,0x88,0xca,0x00,0x5e,0x49,0x51,0x18,0xc9,0x8c,0xc9,0x0b,
    480                  0x00,0x29,0x5c,0xd0,0x01,0x21,0x81,0xf3,0x10,0x88,0x00,0x68,0x01,0x90,0x5a,0x49,
    481                  0x0c,0x98,0x88,0x47,0x07,0x46,0xe0,0x69,0x00,0x28,0x03,0xd0,0x00,0x20,0x00,0x28,
    482                  0x02,0xd0,0x08,0xe0,0x01,0x20,0xfa,0xe7,0x53,0x49,0x0b,0x98,0x88,0x47,0x00,0x28,
    483                  0x01,0xd0,0x52,0x49,0x88,0x47,0x00,0x20,0x80,0xf3,0x10,0x88,0xb8,0x88,0x4d,0x49,
    484                  0xc0,0x00,0x40,0x18,0xc2,0x8c,0xd2,0x0b,0xd2,0x03,0xc2,0x84,0xb8,0x88,0x07,0x28,
    485                  0x1e,0xd2,0x30,0x7e,0x40,0x1e,0x30,0x76,0x01,0x20,0x80,0xf3,0x10,0x88,0x20,0x6b,
    486                  0x00,0x28,0x13,0xd0,0x00,0x20,0x00,0x28,0x05,0xd0,0x0a,0x98,0xfb,0x21,0x80,0x79,
    487                  0x08,0x40,0x0a,0x99,0x88,0x71,0x41,0x49,0x38,0x46,0x88,0x47,0x00,0x20,0x80,0xf3,
    488                  0x10,0x88,0x3f,0x4a,0x39,0x7b,0x03,0x98,0x90,0x47,0x15,0xe0,0x01,0x20,0xea,0xe7,
    489                  0x09,0x28,0x0f,0xd9,0xc0,0x00,0x40,0x18,0x00,0x8d,0x00,0x0a,0x00,0x90,0x39,0x49,
    490                  0x38,0x46,0x88,0x47,0x00,0x28,0x07,0xd0,0x00,0x98,0x00,0x28,0x04,0xd0,0x6d,0x1c,
    491                  0xed,0xb2,0x01,0xe0,0x6d,0x1c,0xed,0xb2,0x01,0x98,0x00,0x28,0x9a,0xd1,0x03,0x98,
    492                  0x07,0x28,0x0e,0xd0,0x00,0x2d,0x0c,0xd0,0x01,0x20,0x80,0xf3,0x10,0x88,0x30,0x7e,
    493                  0x40,0x1b,0x30,0x76,0x00,0x20,0x80,0xf3,0x10,0x88,0x2b,0x4a,0x29,0x46,0x03,0x98,
    494                  0x90,0x47,0x01,0x20,0x80,0xf3,0x10,0x88,0x28,0x48,0x23,0x4f,0x09,0x90,0xb8,0x47,
    495                  0x04,0x46,0x00,0x20,0x80,0xf3,0x10,0x88,0x20,0x00,0x36,0xd0,0x1f,0x4e,0xe0,0x88,
    496                  0x03,0x99,0x88,0x42,0x12,0xd1,0x07,0x28,0x07,0xd0,0xa1,0x7a,0x00,0x91,0x20,0x4f,
    497                  0xe3,0x7a,0x22,0x7b,0x21,0x89,0xb8,0x47,0x05,0xe0,0x1e,0x4b,0x21,0x79,0x20,0x89,
    498                  0x2a,0x46,0x98,0x47,0x02,0x90,0x20,0x46,0xb0,0x47,0x03,0xe0,0x1a,0x4a,0x21,0x46,
    499                  0x04,0xa8,0x90,0x47,0x01,0x20,0x80,0xf3,0x10,0x88,0x0f,0x49,0x09,0x98,0x88,0x47,
    500                  0x04,0x46,0x20,0x00,0x0c,0xd1,0x04,0x98,0x00,0x28,0x03,0xd0,0x00,0x20,0x00,0x28,
    501                  0x02,0xd0,0x05,0xe0,0x01,0x20,0xfa,0xe7,0x10,0x4a,0x04,0xa9,0x09,0x98,0x90,0x47,
    502                  0x00,0x20,0x80,0xf3,0x10,0x88,0x00,0x2c,0xc9,0xd1,0x02,0x98,0x0d,0xb0,0xf0,0xbd,
    503                  0xb5,0x38,0x00,0x00,0x40,0x44,0x80,0x50,0x45,0x39,0x00,0x00,0xa5,0x93,0x00,0x00,
    504                  0x09,0xb8,0x00,0x00,0x5d,0x56,0x00,0x00,0x05,0xb7,0x00,0x00,0xb8,0x61,0x00,0x20,
    505                  0x29,0xb7,0x00,0x00,0x35,0x22,0x01,0x00,0x67,0x39,0x00,0x00,0x0f,0x39,0x00,0x00,
    506                  0xf1,0xb5,0x00,0x24,0x15,0x4d,0x16,0x4e,0x01,0x20,0x80,0xf3,0x10,0x88,0x00,0x98,
    507                  0xa8,0x47,0x00,0x21,0x81,0xf3,0x10,0x88,0x00,0x28,0x17,0xd0,0x81,0x88,0x0a,0x46,
    508                  0x0a,0x3a,0x46,0x2a,0x14,0xd2,0xc9,0x00,0x89,0x19,0x09,0x8d,0x0f,0x0a,0x01,0x21,
    509                  0x81,0xf3,0x10,0x88,0x0b,0x49,0x88,0x47,0x00,0x28,0x03,0xd0,0x00,0x2f,0x01,0xd0,
    510                  0x64,0x1c,0xe4,0xb2,0x00,0x20,0x80,0xf3,0x10,0x88,0xdd,0xe7,0x20,0x46,0xf8,0xbd,
    511                  0xc9,0x1f,0x49,0x29,0xd8,0xd3,0x04,0x49,0x88,0x47,0xd5,0xe7,0x45,0x39,0x00,0x00,
    512                  0x40,0x44,0x80,0x50,0x5d,0x56,0x00,0x00,0xa5,0x93,0x00,0x00,0xf1,0xb5,0x92,0xb0,
    513                  0x12,0x98,0x40,0x30,0x11,0x90,0x80,0x8f,0x0e,0x90,0x12,0x98,0x08,0x30,0x0d,0x90,
    514                  0x12,0x98,0x30,0x30,0x0c,0x90,0x12,0x98,0x44,0x30,0x0b,0x90,0x00,0x20,0x0a,0x90,
    515                  0x01,0x25,0x0c,0x98,0x04,0x68,0x00,0x2c,0x03,0xd0,0x00,0x20,0x00,0x28,0x02,0xd0,
    516                  0x93,0xe0,0x01,0x20,0xfa,0xe7,0x0e,0x98,0xc1,0x00,0xf9,0x48,0x08,0x18,0x10,0x90,
    517                  0xc0,0x8c,0xc0,0x0b,0x00,0x28,0x6e,0xd0,0x0e,0x98,0xf6,0x49,0x80,0x00,0x0f,0x90,
    518                  0x08,0x58,0xa0,0x30,0x46,0x79,0x01,0x20,0x71,0x07,0x19,0xd5,0x00,0x2c,0x17,0xd0,
    519                  0xf1,0x4f,0xb0,0x06,0x07,0xd5,0x20,0x7b,0xb8,0x47,0x80,0x07,0x01,0xd4,0x00,0x20,
    520                  0x06,0xe0,0x01,0x20,0x04,0xe0,0x20,0x7b,0xb8,0x47,0xc0,0x07,0x03,0xd0,0x01,0x20,
    521                  0x00,0x28,0x02,0xd0,0x04,0xe0,0x00,0x20,0xfa,0xe7,0x24,0x68,0x00,0x2c,0xe8,0xd1,
    522                  0x00,0x28,0x62,0xd0,0xe5,0x4b,0x00,0x22,0x21,0x46,0x0c,0x98,0x98,0x47,0xa6,0x68,
    523                  0xe3,0x4a,0x09,0xa9,0x30,0x46,0x90,0x47,0x00,0x28,0x56,0xd1,0xa0,0x88,0xdc,0x4f,
    524                  0xc0,0x00,0xc0,0x19,0x40,0x8d,0xdf,0x49,0x41,0x18,0x00,0x20,0x08,0xaa,0x12,0x79,
    525                  0x00,0x2a,0x06,0xdd,0x32,0x5c,0x0a,0x54,0x40,0x1c,0x08,0xaa,0x12,0x79,0x90,0x42,
    526                  0xf8,0xdb,0xd9,0x49,0xa0,0x68,0x88,0x47,0xd2,0x49,0x0f,0x98,0x08,0x58,0xa0,0x30,
    527                  0x40,0x79,0xc0,0x07,0x03,0xd0,0x08,0xa9,0x08,0x79,0x00,0x1d,0x09,0x90,0x08,0xa8,
    528                  0x01,0x79,0x10,0x98,0x02,0x8d,0x09,0x02,0xd2,0xb2,0x0a,0x43,0x02,0x85,0x03,0x21,
    529                  0x10,0x98,0x02,0x8d,0x8a,0x43,0x0a,0x43,0x02,0x85,0x11,0x98,0x80,0x8f,0x00,0x21,
    530                  0xc0,0x00,0xc0,0x19,0xc1,0x84,0x0b,0x98,0x00,0x68,0x00,0x28,0x04,0xd0,0x00,0x20,
    531                  0x00,0x28,0x03,0xd0,0x10,0xe0,0x18,0xe0,0x01,0x20,0xf9,0xe7,0x0b,0x98,0xa1,0x88,
    532                  0x40,0x68,0xca,0x00,0xc1,0x49,0x80,0x88,0x51,0x18,0xc0,0x00,0xc0,0x19,0xc2,0x8c,
    533                  0xd2,0x0b,0xd2,0x03,0x0a,0x43,0xc2,0x84,0xbd,0x4a,0x21,0x46,0x0b,0x98,0x90,0x47,
    534                  0x12,0x98,0x60,0x30,0x01,0x7e,0x49,0x1c,0x01,0x76,0x11,0x98,0x80,0x8f,0x07,0x28,
    535                  0x08,0xd2,0x0e,0x99,0x8a,0x00,0xaf,0x49,0x89,0x58,0xa0,0x31,0x49,0x79,0x49,0x07,
    536                  0x00,0xd5,0x00,0x25,0x0d,0x99,0x09,0x68,0x00,0x29,0x1f,0xd0,0x00,0x21,0x2a,0x46,
    537                  0x8a,0x43,0x77,0xd0,0x07,0x28,0x76,0xd2,0xaf,0x49,0xae,0x48,0x88,0x47,0x09,0x90,
    538                  0x00,0x20,0x08,0x90,0x11,0x98,0x80,0x8f,0x81,0x00,0xa2,0x48,0x40,0x58,0xa0,0x30,
    539                  0x40,0x79,0xc0,0x07,0xc0,0x0f,0x07,0x90,0x0d,0x98,0x06,0x68,0x00,0x2e,0x09,0xd0,
    540                  0x0d,0x99,0x30,0x68,0x08,0x60,0x00,0x28,0x02,0xd0,0x03,0xe0,0x01,0x21,0xde,0xe7,
    541                  0x0d,0x99,0x48,0x60,0x00,0x2e,0x7d,0xd0,0x00,0x20,0x06,0x90,0x12,0x98,0x03,0x90,
    542                  0x06,0xa8,0x04,0x90,0x07,0x9f,0x09,0x9b,0x05,0x97,0x08,0x25,0x75,0x5f,0x00,0x20,
    543                  0x02,0x90,0x01,0x90,0x01,0x20,0x00,0x90,0x11,0x98,0x42,0x8e,0x84,0x46,0xd4,0xb2,
    544                  0x01,0x20,0x29,0x46,0x09,0x31,0x89,0xb2,0x05,0x9f,0x00,0x2f,0x01,0xd0,0x09,0x1d,
    545                  0x89,0xb2,0xc9,0x00,0x08,0x31,0x89,0xb2,0x67,0x46,0x3f,0x8e,0x8f,0x42,0x05,0xd2,
    546                  0x50,0x3f,0x79,0x05,0x0c,0x0e,0xa2,0x42,0x00,0xd2,0xd4,0xb2,0xa5,0x42,0x01,0xdd,
    547                  0x64,0x08,0x64,0x00,0x21,0x46,0x6f,0x1a,0x62,0x1c,0x97,0x42,0x05,0xdb,0x09,0x19,
    548                  0x40,0x1c,0xc0,0xb2,0x6f,0x1a,0x97,0x42,0xf9,0xda,0x98,0x42,0x01,0xd9,0x00,0x25,
    549                  0x34,0xe0,0x04,0x99,0x08,0x70,0x81,0x4f,0x81,0x49,0x7e,0x48,0x88,0x47,0x01,0x46,
    550                  0x00,0x98,0x00,0x28,0x12,0xd0,0x00,0x20,0x00,0x90,0xb0,0x7a,0x80,0x07,0x80,0x0f,
    551                  0x01,0x28,0x09,0xd0,0x02,0x20,0x88,0x72,0xf0,0x68,0xc2,0x88,0x02,0x92,0x80,0x88,
    552                  0x01,0x90,0x09,0xe0,0x62,0xe0,0x58,0xe0,0x01,0x20,0xf4,0xe7,0x01,0x20,0x88,0x72,
    553                  0x02,0x98,0x00,0x19,0x80,0xb2,0x02,0x90,0xa5,0x42,0x01,0xdd,0xcc,0x72,0x00,0xe0,
    554                  0xcd,0x72,0x01,0x98,0xc8,0x80,0x02,0x98,0x08,0x81,0x28,0x1b,0x05,0xb2,0x00,0x2d,
    555                  0x22,0xdc,0x01,0x22,0x05,0x9b,0x03,0x98,0xb8,0x47,0x01,0x25,0x00,0x2d,0x20,0xd0,
    556                  0x68,0x46,0x00,0x7e,0x08,0x99,0x09,0x18,0xc9,0xb2,0x08,0x91,0x09,0x99,0x08,0x1a,
    557                  0x80,0xb2,0x00,0xe0,0x35,0xe0,0x09,0x90,0x12,0x98,0xc0,0x69,0x00,0x28,0x1a,0xd0,
    558                  0x12,0x98,0x00,0x6a,0x06,0x60,0x12,0x98,0x06,0x62,0x00,0x20,0x30,0x60,0x08,0x98,
    559                  0x0a,0x28,0x13,0xd9,0x00,0x25,0x24,0xe0,0x00,0x22,0x05,0x9b,0x03,0x98,0xb8,0x47,
    560                  0xaa,0xe7,0x0d,0x98,0x00,0x68,0x00,0x28,0x01,0xd1,0x0d,0x99,0x4e,0x60,0x30,0x60,
    561                  0x0d,0x98,0x06,0x60,0x15,0xe0,0x12,0x98,0xc6,0x61,0xe4,0xe7,0x0d,0x98,0x06,0x68,
    562                  0x00,0x2e,0x06,0xd0,0x0d,0x99,0x30,0x68,0x08,0x60,0x00,0x28,0x01,0xd1,0x0d,0x99,
    563                  0x48,0x60,0x00,0x2e,0x00,0xd0,0x4f,0xe7,0x03,0xe0,0x4a,0x4a,0x0d,0x99,0x0b,0x98,
    564                  0x90,0x47,0x00,0x2d,0x02,0xd0,0x48,0x49,0x0d,0x98,0x88,0x47,0x0b,0x98,0x00,0x68,
    565                  0x00,0x28,0x03,0xd0,0x00,0x20,0x00,0x28,0x02,0xd0,0x4b,0xe0,0x01,0x20,0xfa,0xe7,
    566                  0x11,0x98,0x80,0x8f,0x07,0x28,0x45,0xd2,0x12,0x98,0x80,0x30,0xc0,0x78,0x04,0x28,
    567                  0x40,0xd1,0x3b,0x49,0x37,0x48,0x88,0x47,0x00,0x28,0x3b,0xd0,0x82,0x88,0x00,0x21,
    568                  0x2b,0x4b,0xd2,0x00,0xd2,0x18,0x51,0x85,0x81,0x88,0xc9,0x00,0xc9,0x18,0x8a,0x8d,
    569                  0x54,0x04,0x64,0x0c,0x00,0x22,0x8c,0x85,0x81,0x88,0xc9,0x00,0xc9,0x18,0x0c,0x8d,
    570                  0xe4,0xb2,0x0c,0x85,0x81,0x88,0x01,0x24,0xc9,0x00,0xc9,0x18,0x0d,0x8d,0xad,0x08,
    571                  0xad,0x00,0x25,0x43,0x0d,0x85,0x81,0x88,0xc9,0x00,0xc9,0x18,0xcc,0x8c,0xe4,0x0b,
    572                  0xe4,0x03,0xcc,0x84,0x0b,0x99,0x84,0x88,0x49,0x68,0xe5,0x00,0x1f,0x4c,0x89,0x88,
    573                  0x2c,0x19,0xc9,0x00,0xc9,0x18,0xcb,0x8c,0xdb,0x0b,0xdb,0x03,0x23,0x43,0xcb,0x84,
    574                  0x0b,0x99,0x09,0x68,0x00,0x29,0x0d,0xd0,0x0b,0x99,0x49,0x68,0x08,0x60,0x0b,0x99,
    575                  0x48,0x60,0x02,0x60,0x0b,0x98,0x00,0x68,0x00,0x28,0x06,0xd0,0x00,0x21,0x00,0x29,
    576                  0x05,0xd0,0x3c,0xe0,0x0b,0x99,0x08,0x60,0xf1,0xe7,0x01,0x21,0xf7,0xe7,0x00,0x28,
    577                  0x0a,0xd0,0x07,0x4a,0x81,0x88,0xc9,0x00,0x89,0x18,0xc9,0x8c,0xc9,0x0b,0x00,0x29,
    578                  0x24,0xd0,0x00,0x68,0x00,0x28,0xf5,0xd1,0x00,0x28,0x26,0xd0,0x27,0xe0,0x00,0x00,
    579                  0x40,0x44,0x80,0x50,0x60,0x61,0x00,0x20,0x81,0xaf,0x00,0x00,0x17,0x38,0x00,0x00,
    580                  0x41,0x03,0x01,0x00,0x00,0x40,0x80,0x50,0xa5,0x93,0x00,0x00,0x66,0x04,0x00,0x00,
    581                  0x67,0x39,0x00,0x00,0xe4,0x61,0x00,0x20,0xbb,0x39,0x00,0x00,0x11,0x00,0x01,0x00,
    582                  0x45,0x39,0x00,0x00,0x0f,0x39,0x00,0x00,0xb5,0x38,0x00,0x00,0x81,0x88,0xca,0x00,
    583                  0x07,0x49,0x51,0x18,0x89,0xb2,0x0a,0x91,0xd6,0xe7,0x00,0x20,0x0a,0x90,0x0a,0x99,
    584                  0x0e,0x98,0x5a,0x22,0x50,0x43,0x03,0x4a,0x80,0x18,0x81,0x84,0x13,0xb0,0xf0,0xbd,
    585                  0x66,0x04,0x00,0x00,0x80,0x40,0x80,0x50	 
    586              }
    587          };
    588          
    589          am_hal_ble_patch_t am_ble_buffer_patch =
    590          {
    591              .ui32Type = 0xCC,
    592              .ui32Length = 0x0bb8,
    593              .ui32CRC = 0x80ae,
    594              .pui32Data = am_ble_buffer_patch_data.words,
    595          };
    596          
    597          //*****************************************************************************
    598          //
    599          // Patch Name:  NVDS  v1.04
    600          //
    601          // Bi-directional data fix 
    602          // Modulation deviation fix 
    603          // Extend patch memory
    604          // Transmit speed patch 
    605          // Added AGC table and enabled AGC
    606          // Added local feature support setting 
    607          // Fix to connection interval calculation issue with MTK chip sets (OPPO R15 fix)
    608          // Set VCO to 250mv
    609          // Modex auto calibration update 
    610          // Fix connection interval calculation issue
    611          // Increase RF LDO ref voltage form 1.0v to 1.1v
    612          // Decrease DAC channel delay cycle
    613          // Increase the VCO swing from 250mv to 300mv
    614          // Fix MD schedule issue  (disabled) 
    615          // Fix link loss issue
    616          // Reduce duration from TX to TX
    617          // Optimize to free 3 hardware patches
    618          // Fix LCP reject to channel map request from BLE 5.0 host
    619          // Date:        2018-12-28
    620          //
    621          //*****************************************************************************
    622          am_hal_ble_buffer(0x00be) am_ble_buffer_nvds_data =
    623          {
    624              .bytes =
    625              {
    626                0x4e,0x56,0x44,0x53, //NVDS_MAGIC_NUMBER
    627                0x01,0x06,0x06,0xef,0xbb,0x23,0x88,0x77,0x66, //bluetooth address
    628                0x02,0x06,0x0a,0x4e,0x5a,0x38,0x38,0x30,0x31,0x56,0x31,0x41,0x00, //device name
    629                0x03,0x06,0x01,0x00, //system clock frequency, 00=32MHz  01=24MHz  others=16MHz
    630                0x07,0x06,0x02,0xf4,0x01, //32K clock drift, 0x01f4 = 500 ppm
    631                0x0c,0x06,0x02,0xf4,0x01, //sleep clock accuracy, 0x01f4 = 500 ppm
    632                0x08,0x06,0x01,0x00, //01 for BQB qualification, 00 for normal usage
    633                0x09,0x06,0x01,0x02, //clock source selection, 00 = internal RC32KHz, 02= use Apollo3 MCU 32.768KHz
    634                0x0a,0x06,0x04,0x00,0x00,0x00,0x00, //0x00000000 = auto detect and low frequency clock calibration
    635                0x0b,0x06,0x01,0x96, //rx_ifs  0x96 = 150us
    636                0x23,0x06,0x01,0x95, //tx_ifs  0x95 = 149us
    637                0x0d,0x06,0x02,0xDC,0x03, //duration allowed for XO32M stabilization from external wakeup signal
    638                0x0e,0x06,0x02,0xDC,0x03, //duration allowed for XO32M stabilization from internal wakeup signal
    639                0x0f,0x06,0x02,0x90,0x01, //duration allowed for radio to leave low power mode
    640                0x10,0x06,0x04,0x00,0xc2,0x01,0x00, //set UART_BAUDRATE
    641                0x11,0x06,0x01,0x01, //sleep algorithm enabled
    642                0x12,0x06,0x01,0x01, //external wake-up support
    643                0x13,0x06,0x02,0x90,0x02, //duration of sleep and wake-up algorithm
    644                0x14,0x06,0x02,0x60,0x00, //BLE Company ID
    645                0x15,0x06,0x01,0x08, //BLE major version
    646                0x16,0x06,0x01,0x03, //BLE minor version
    647                0x17,0x06,0x01,0x29, //BLE SW version build
    648                0x18,0x06,0x02,0xdc,0x05, //advertising interval (undirect)
    649                0x19,0x06,0x02,0xe2,0x04, //advertising interval (direct)
    650                0x20,0x06,0x01,0x01, //agc switch
    651                0x21,0x06,0x01,0x02, //EA programming latency
    652                0x22,0x06,0x01,0x00, //EA asap latency
    653                0x24,0x06,0x04,0x42,0x02,0x60,0x09, //radio TRX timing
    654                0x25,0x06,0x01,0x11, //modem polarity setting
    655                0x26,0x06,0x01,0x00, //modem sync setting
    656                0x27,0x06,0x01,0x03, //BLE reset delay
    657                0x2d,0x06,0x01,0x00, //2 byte mode switch, 01 to enable
    658                0x28,0x06,0x02,0xf6,0x3f, //initial agc gain setting
    659                0x29,0x06,0x01,0x0f, //initial Tx output power, 0x0f is +4dBm 
    660                0x35,0x06,0x01,0x08, //maximum Tx ouput power setting
    661                0x37,0x06,0x01,0x00, //RC32K calibration control, 0xAA to enable
    662                0x05,0x06,0x02,0x34,0x00, //no use
    663                0x04,0x06,0x01,0x28, //internal dvdd voltage level control if using 0.9V from MCU side
    664                0x00,0x00,0x00,0x00  //dummy
    665              }
    666          };
    667          
    668          
    669          am_hal_ble_patch_t am_ble_nvds_patch =
    670          {
    671              .ui32Type = 0xDD,
    672              .ui32Length = 0x00be,
    673              .ui32CRC = 0x7e77,
    674              .pui32Data = am_ble_buffer_nvds_data.words,
    675          };
    676          
    677          
    678          //*****************************************************************************
    679          //
    680          // End Doxygen group.
    681          //! @}
    682          //
    683          //*****************************************************************************


   Section sizes:

   Bytes  Function/Label
   -----  --------------
     192  am_ble_buffer_nvds_data
      16  am_ble_buffer_patch
    3000  am_ble_buffer_patch_data
      16  am_ble_nvds_patch
      16  am_ble_performance_copy_patch
    2320  am_ble_performance_copy_patch_data
      16  am_ble_performance_patch
     320  am_ble_performance_patch_data
       4  am_hal_ble_default_copy_patch_array
       4  am_hal_ble_default_copy_patches
      12  am_hal_ble_default_patch_array
       4  am_hal_ble_default_patches
       4  am_hal_ble_num_default_patches

 
   600 bytes in section .data
 5 324 bytes in section .rodata
 
 5 324 bytes of CONST memory
   600 bytes of DATA  memory

Errors: none
Warnings: none
