Create.
Opening 'pwm_gen_gcc'.
Refreshing '/pwm_gen_gcc'.
15:45:14 **** Clean-only build of configuration bin for project pwm_gen_gcc ****
"\\usr\\bin\\rm" -rf utils/am_util_delay.o utils/am_util_stdio.d pwm_gen_gcc.elf startup_gcc.d src/pwm_gen.d utils/am_util_stdio.o utils/am_util_delay.d startup_gcc.o utils/am_util_faultisr.o utils/am_util_faultisr.d src/pwm_gen.o pwm_gen_gcc 
Cannot run program "\usr\bin\rm": Launching failed

Error: Program "\usr\bin\rm" not found in PATH
PATH=[C:\Program Files (x86)\Atollic\TrueSTUDIO for ARM 8.1.0\ARMTools\bin;C:\Program Files (x86)\Atollic\TrueSTUDIO for ARM 8.1.0\Tools;C:/Program Files (x86)/Atollic/TrueSTUDIO for ARM 8.1.0/ide/jre/bin/client;C:/Program Files (x86)/Atollic/TrueSTUDIO for ARM 8.1.0/ide/jre/bin;C:/Program Files (x86)/Atollic/TrueSTUDIO for ARM 8.1.0/ide/jre/lib/i386;C:\cygwin64\bin;C:\Program Files (x86)\Atollic\TrueSTUDIO for ARM 8.1.0\ide;C:\Program Files (x86)\GNU Tools ARM Embedded\5.4 2016q3\bin;C:\Keil_v5\UV4;C:\Program Files (x86)\IAR Systems\Embedded Workbench 8.0\common\bin;C:\Program Files (x86)\IAR Systems\Embedded Workbench 8.0\arm\bin;C:\Windows\system32;C:\Windows;C:\Windows\System32\Wbem;C:\Windows\System32\WindowsPowerShell\v1.0;C:\Program Files\Git\cmd;C:\Users\jenkinsadmin\AppData\Local\Programs\Python\Python36-32p;C:\Program Files\Coverity\Coverity Static Analysis\bin;C:\Keil_v5\UV4;C:\Jenkins\workspace\AmbiqSuite\workspace\boards\apollo2_evb\examples\pwm_gen\atollic_gcc]


15:45:14 Build Finished (took 31ms)

15:45:14 **** Clean-only build of configuration bin for project pwm_gen_gcc ****

15:45:14 Build Finished (took 16ms)

15:45:14 **** Rebuild of configuration bin for project pwm_gen_gcc ****
Info: Internal Builder is used for build
arm-atollic-eabi-gcc -c ..\..\..\..\..\..\utils\am_util_delay.c -mthumb -std=c99 -DAM_PACKAGE_BGA -DAM_PART_APOLLO2 -IC:/Jenkins/workspace/AmbiqSuite/workspace/boards/apollo2_evb/examples/pwm_gen/atollic_gcc/../src -IC:/Jenkins/workspace/AmbiqSuite/workspace/boards/apollo2_evb/examples/pwm_gen/atollic_gcc/../../../../../boards/apollo2_evb/bsp -IC:/Jenkins/workspace/AmbiqSuite/workspace/boards/apollo2_evb/examples/pwm_gen/atollic_gcc/../../../../../utils -IC:/Jenkins/workspace/AmbiqSuite/workspace/boards/apollo2_evb/examples/pwm_gen/atollic_gcc/../../../../../devices -IC:/Jenkins/workspace/AmbiqSuite/workspace/boards/apollo2_evb/examples/pwm_gen/atollic_gcc/../../../../../mcu/apollo2 -IC:/Jenkins/workspace/AmbiqSuite/workspace/boards/apollo2_evb/examples/pwm_gen/atollic_gcc/../../../../.. -O0 -g -Wall -specs=nano.specs -mthumb -mcpu=cortex-m4 -mfpu=fpv4-sp-d16 -mfloat-abi=softfp -ffunction-sections -fdata-sections -MMD -MP -O0 -Dgcc -o utils\am_util_delay.o 
arm-atollic-eabi-gcc -c ..\startup_gcc.c -mthumb -std=c99 -DAM_PACKAGE_BGA -DAM_PART_APOLLO2 -IC:/Jenkins/workspace/AmbiqSuite/workspace/boards/apollo2_evb/examples/pwm_gen/atollic_gcc/../src -IC:/Jenkins/workspace/AmbiqSuite/workspace/boards/apollo2_evb/examples/pwm_gen/atollic_gcc/../../../../../boards/apollo2_evb/bsp -IC:/Jenkins/workspace/AmbiqSuite/workspace/boards/apollo2_evb/examples/pwm_gen/atollic_gcc/../../../../../utils -IC:/Jenkins/workspace/AmbiqSuite/workspace/boards/apollo2_evb/examples/pwm_gen/atollic_gcc/../../../../../devices -IC:/Jenkins/workspace/AmbiqSuite/workspace/boards/apollo2_evb/examples/pwm_gen/atollic_gcc/../../../../../mcu/apollo2 -IC:/Jenkins/workspace/AmbiqSuite/workspace/boards/apollo2_evb/examples/pwm_gen/atollic_gcc/../../../../.. -O0 -g -Wall -specs=nano.specs -mthumb -mcpu=cortex-m4 -mfpu=fpv4-sp-d16 -mfloat-abi=softfp -ffunction-sections -fdata-sections -MMD -MP -O0 -Dgcc -o startup_gcc.o 
arm-atollic-eabi-gcc -c ..\..\..\..\..\..\utils\am_util_faultisr.c -mthumb -std=c99 -DAM_PACKAGE_BGA -DAM_PART_APOLLO2 -IC:/Jenkins/workspace/AmbiqSuite/workspace/boards/apollo2_evb/examples/pwm_gen/atollic_gcc/../src -IC:/Jenkins/workspace/AmbiqSuite/workspace/boards/apollo2_evb/examples/pwm_gen/atollic_gcc/../../../../../boards/apollo2_evb/bsp -IC:/Jenkins/workspace/AmbiqSuite/workspace/boards/apollo2_evb/examples/pwm_gen/atollic_gcc/../../../../../utils -IC:/Jenkins/workspace/AmbiqSuite/workspace/boards/apollo2_evb/examples/pwm_gen/atollic_gcc/../../../../../devices -IC:/Jenkins/workspace/AmbiqSuite/workspace/boards/apollo2_evb/examples/pwm_gen/atollic_gcc/../../../../../mcu/apollo2 -IC:/Jenkins/workspace/AmbiqSuite/workspace/boards/apollo2_evb/examples/pwm_gen/atollic_gcc/../../../../.. -O0 -g -Wall -specs=nano.specs -mthumb -mcpu=cortex-m4 -mfpu=fpv4-sp-d16 -mfloat-abi=softfp -ffunction-sections -fdata-sections -MMD -MP -O0 -Dgcc -o utils\am_util_faultisr.o 
arm-atollic-eabi-gcc -c ..\..\src\pwm_gen.c -mthumb -std=c99 -DAM_PACKAGE_BGA -DAM_PART_APOLLO2 -IC:/Jenkins/workspace/AmbiqSuite/workspace/boards/apollo2_evb/examples/pwm_gen/atollic_gcc/../src -IC:/Jenkins/workspace/AmbiqSuite/workspace/boards/apollo2_evb/examples/pwm_gen/atollic_gcc/../../../../../boards/apollo2_evb/bsp -IC:/Jenkins/workspace/AmbiqSuite/workspace/boards/apollo2_evb/examples/pwm_gen/atollic_gcc/../../../../../utils -IC:/Jenkins/workspace/AmbiqSuite/workspace/boards/apollo2_evb/examples/pwm_gen/atollic_gcc/../../../../../devices -IC:/Jenkins/workspace/AmbiqSuite/workspace/boards/apollo2_evb/examples/pwm_gen/atollic_gcc/../../../../../mcu/apollo2 -IC:/Jenkins/workspace/AmbiqSuite/workspace/boards/apollo2_evb/examples/pwm_gen/atollic_gcc/../../../../.. -O0 -g -Wall -specs=nano.specs -mthumb -mcpu=cortex-m4 -mfpu=fpv4-sp-d16 -mfloat-abi=softfp -ffunction-sections -fdata-sections -MMD -MP -O0 -Dgcc -o src\pwm_gen.o 
arm-atollic-eabi-gcc -c ..\..\..\..\..\..\utils\am_util_stdio.c -mthumb -std=c99 -DAM_PACKAGE_BGA -DAM_PART_APOLLO2 -IC:/Jenkins/workspace/AmbiqSuite/workspace/boards/apollo2_evb/examples/pwm_gen/atollic_gcc/../src -IC:/Jenkins/workspace/AmbiqSuite/workspace/boards/apollo2_evb/examples/pwm_gen/atollic_gcc/../../../../../boards/apollo2_evb/bsp -IC:/Jenkins/workspace/AmbiqSuite/workspace/boards/apollo2_evb/examples/pwm_gen/atollic_gcc/../../../../../utils -IC:/Jenkins/workspace/AmbiqSuite/workspace/boards/apollo2_evb/examples/pwm_gen/atollic_gcc/../../../../../devices -IC:/Jenkins/workspace/AmbiqSuite/workspace/boards/apollo2_evb/examples/pwm_gen/atollic_gcc/../../../../../mcu/apollo2 -IC:/Jenkins/workspace/AmbiqSuite/workspace/boards/apollo2_evb/examples/pwm_gen/atollic_gcc/../../../../.. -O0 -g -Wall -specs=nano.specs -mthumb -mcpu=cortex-m4 -mfpu=fpv4-sp-d16 -mfloat-abi=softfp -ffunction-sections -fdata-sections -MMD -MP -O0 -Dgcc -o utils\am_util_stdio.o 
C:\Program Files (x86)\Atollic\TrueSTUDIO for ARM 8.1.0\ide\jre\bin\java -jar C:\Program Files (x86)\Atollic\TrueSTUDIO for ARM 8.1.0\Tools\arm-atollic-reports.jar sizeinfo list pwm_gen_gcc.elf 
Generate build reports...
Print size information
arm-atollic-eabi-size: 'pwm_gen_gcc.elf': No such file
Print size information done
Generate listing file
Output sent to: pwm_gen_gcc.list
Generate listing file done
Generate build reports done
arm-atollic-eabi-gcc -o pwm_gen_gcc.elf src\pwm_gen.o startup_gcc.o utils\am_util_delay.o utils\am_util_faultisr.o utils\am_util_stdio.o ..\..\..\..\bsp\atollic_gcc\bin\libam_bsp_gcc.a ..\..\..\..\..\..\mcu\apollo2\hal\atollic_gcc\bin\libam_hal_gcc.a -TC:/Jenkins/workspace/AmbiqSuite/workspace/boards/apollo2_evb/examples/pwm_gen/atollic_gcc/pwm_gen.ld -mthumb -mcpu=cortex-m4 -mfpu=fpv4-sp-d16 -mfloat-abi=softfp -nostartfiles -static -Wl,--gc-sections,--entry,am_reset_isr,-Map,C:/Jenkins/workspace/AmbiqSuite/workspace/boards/apollo2_evb/examples/pwm_gen/atollic_gcc/bin/pwm_gen_gcc.map -Wl,--start-group -lm -lc -lgcc -Wl,--end-group 
arm-atollic-eabi-objcopy -Obinary pwm_gen_gcc.elf pwm_gen_gcc.bin 
Info: Parallel threads used: 2

15:45:15 Build Finished (took 968ms)

