Create.
Opening 'deepsleep_gcc'.
Refreshing '/deepsleep_gcc'.
07:40:03 **** Clean-only build of configuration bin for project deepsleep_gcc ****
"\\usr\\bin\\rm" -rf utils/am_util_faultisr.o utils/am_util_stdio.d utils/am_util_stdio.o utils/am_util_faultisr.d src/deepsleep.d deepsleep_gcc startup_gcc.o startup_gcc.d utils/am_util_delay.o utils/am_util_delay.d src/deepsleep.o deepsleep_gcc.elf 
Cannot run program "\usr\bin\rm": Launching failed

Error: Program "\usr\bin\rm" not found in PATH
PATH=[C:\Program Files (x86)\Atollic\TrueSTUDIO for ARM 8.1.0\ARMTools\bin;C:\Program Files (x86)\Atollic\TrueSTUDIO for ARM 8.1.0\Tools;C:/Program Files (x86)/Atollic/TrueSTUDIO for ARM 8.1.0/ide/jre/bin/client;C:/Program Files (x86)/Atollic/TrueSTUDIO for ARM 8.1.0/ide/jre/bin;C:/Program Files (x86)/Atollic/TrueSTUDIO for ARM 8.1.0/ide/jre/lib/i386;C:\cygwin64\bin;C:\Program Files (x86)\Atollic\TrueSTUDIO for ARM 8.1.0\ide;C:\Program Files (x86)\GNU Tools ARM Embedded\5.4 2016q3\bin;C:\Keil_v5\UV4;C:\Program Files (x86)\IAR Systems\Embedded Workbench 8.0\common\bin;C:\Program Files (x86)\IAR Systems\Embedded Workbench 8.0\arm\bin;C:\Windows\system32;C:\Windows;C:\Windows\System32\Wbem;C:\Windows\System32\WindowsPowerShell\v1.0;C:\Program Files\Git\cmd;C:\Users\jenkinsadmin\AppData\Local\Programs\Python\Python36-32p;C:\Program Files\Coverity\Coverity Static Analysis\bin;C:\Jenkins\workspace\AmbiqSuite\workspace\boards\apollo3_evb\examples\deepsleep\atollic_gcc]


07:40:03 Build Finished (took 79ms)

07:40:03 **** Clean-only build of configuration bin for project deepsleep_gcc ****

07:40:03 Build Finished (took 0ms)

07:40:03 **** Rebuild of configuration bin for project deepsleep_gcc ****
Info: Internal Builder is used for build
arm-atollic-eabi-gcc -c ..\startup_gcc.c -mthumb -std=c99 -DAM_PACKAGE_BGA -DAM_PART_APOLLO3 -IC:/Jenkins/workspace/AmbiqSuite/workspace/boards/apollo3_evb/examples/deepsleep/atollic_gcc/../src -IC:/Jenkins/workspace/AmbiqSuite/workspace/boards/apollo3_evb/examples/deepsleep/atollic_gcc/../../../../../boards/apollo3_evb/bsp -IC:/Jenkins/workspace/AmbiqSuite/workspace/boards/apollo3_evb/examples/deepsleep/atollic_gcc/../../../../.. -IC:/Jenkins/workspace/AmbiqSuite/workspace/boards/apollo3_evb/examples/deepsleep/atollic_gcc/../../../../../mcu/apollo3 -IC:/Jenkins/workspace/AmbiqSuite/workspace/boards/apollo3_evb/examples/deepsleep/atollic_gcc/../../../../../CMSIS/ARM/Include -IC:/Jenkins/workspace/AmbiqSuite/workspace/boards/apollo3_evb/examples/deepsleep/atollic_gcc/../../../../../CMSIS/AmbiqMicro/Include -IC:/Jenkins/workspace/AmbiqSuite/workspace/boards/apollo3_evb/examples/deepsleep/atollic_gcc/../../../../../devices -IC:/Jenkins/workspace/AmbiqSuite/workspace/boards/apollo3_evb/examples/deepsleep/atollic_gcc/../../../../../utils -O0 -g -Wall -specs=nano.specs -mthumb -mcpu=cortex-m4 -mfpu=fpv4-sp-d16 -mfloat-abi=softfp -ffunction-sections -fdata-sections -MMD -MP -O0 -Dgcc -o startup_gcc.o 
arm-atollic-eabi-gcc -c ..\..\..\..\..\..\utils\am_util_stdio.c -mthumb -std=c99 -DAM_PACKAGE_BGA -DAM_PART_APOLLO3 -IC:/Jenkins/workspace/AmbiqSuite/workspace/boards/apollo3_evb/examples/deepsleep/atollic_gcc/../src -IC:/Jenkins/workspace/AmbiqSuite/workspace/boards/apollo3_evb/examples/deepsleep/atollic_gcc/../../../../../boards/apollo3_evb/bsp -IC:/Jenkins/workspace/AmbiqSuite/workspace/boards/apollo3_evb/examples/deepsleep/atollic_gcc/../../../../.. -IC:/Jenkins/workspace/AmbiqSuite/workspace/boards/apollo3_evb/examples/deepsleep/atollic_gcc/../../../../../mcu/apollo3 -IC:/Jenkins/workspace/AmbiqSuite/workspace/boards/apollo3_evb/examples/deepsleep/atollic_gcc/../../../../../CMSIS/ARM/Include -IC:/Jenkins/workspace/AmbiqSuite/workspace/boards/apollo3_evb/examples/deepsleep/atollic_gcc/../../../../../CMSIS/AmbiqMicro/Include -IC:/Jenkins/workspace/AmbiqSuite/workspace/boards/apollo3_evb/examples/deepsleep/atollic_gcc/../../../../../devices -IC:/Jenkins/workspace/AmbiqSuite/workspace/boards/apollo3_evb/examples/deepsleep/atollic_gcc/../../../../../utils -O0 -g -Wall -specs=nano.specs -mthumb -mcpu=cortex-m4 -mfpu=fpv4-sp-d16 -mfloat-abi=softfp -ffunction-sections -fdata-sections -MMD -MP -O0 -Dgcc -o utils\am_util_stdio.o 
arm-atollic-eabi-gcc -c ..\..\..\..\..\..\utils\am_util_faultisr.c -mthumb -std=c99 -DAM_PACKAGE_BGA -DAM_PART_APOLLO3 -IC:/Jenkins/workspace/AmbiqSuite/workspace/boards/apollo3_evb/examples/deepsleep/atollic_gcc/../src -IC:/Jenkins/workspace/AmbiqSuite/workspace/boards/apollo3_evb/examples/deepsleep/atollic_gcc/../../../../../boards/apollo3_evb/bsp -IC:/Jenkins/workspace/AmbiqSuite/workspace/boards/apollo3_evb/examples/deepsleep/atollic_gcc/../../../../.. -IC:/Jenkins/workspace/AmbiqSuite/workspace/boards/apollo3_evb/examples/deepsleep/atollic_gcc/../../../../../mcu/apollo3 -IC:/Jenkins/workspace/AmbiqSuite/workspace/boards/apollo3_evb/examples/deepsleep/atollic_gcc/../../../../../CMSIS/ARM/Include -IC:/Jenkins/workspace/AmbiqSuite/workspace/boards/apollo3_evb/examples/deepsleep/atollic_gcc/../../../../../CMSIS/AmbiqMicro/Include -IC:/Jenkins/workspace/AmbiqSuite/workspace/boards/apollo3_evb/examples/deepsleep/atollic_gcc/../../../../../devices -IC:/Jenkins/workspace/AmbiqSuite/workspace/boards/apollo3_evb/examples/deepsleep/atollic_gcc/../../../../../utils -O0 -g -Wall -specs=nano.specs -mthumb -mcpu=cortex-m4 -mfpu=fpv4-sp-d16 -mfloat-abi=softfp -ffunction-sections -fdata-sections -MMD -MP -O0 -Dgcc -o utils\am_util_faultisr.o 
arm-atollic-eabi-gcc -c ..\..\src\deepsleep.c -mthumb -std=c99 -DAM_PACKAGE_BGA -DAM_PART_APOLLO3 -IC:/Jenkins/workspace/AmbiqSuite/workspace/boards/apollo3_evb/examples/deepsleep/atollic_gcc/../src -IC:/Jenkins/workspace/AmbiqSuite/workspace/boards/apollo3_evb/examples/deepsleep/atollic_gcc/../../../../../boards/apollo3_evb/bsp -IC:/Jenkins/workspace/AmbiqSuite/workspace/boards/apollo3_evb/examples/deepsleep/atollic_gcc/../../../../.. -IC:/Jenkins/workspace/AmbiqSuite/workspace/boards/apollo3_evb/examples/deepsleep/atollic_gcc/../../../../../mcu/apollo3 -IC:/Jenkins/workspace/AmbiqSuite/workspace/boards/apollo3_evb/examples/deepsleep/atollic_gcc/../../../../../CMSIS/ARM/Include -IC:/Jenkins/workspace/AmbiqSuite/workspace/boards/apollo3_evb/examples/deepsleep/atollic_gcc/../../../../../CMSIS/AmbiqMicro/Include -IC:/Jenkins/workspace/AmbiqSuite/workspace/boards/apollo3_evb/examples/deepsleep/atollic_gcc/../../../../../devices -IC:/Jenkins/workspace/AmbiqSuite/workspace/boards/apollo3_evb/examples/deepsleep/atollic_gcc/../../../../../utils -O0 -g -Wall -specs=nano.specs -mthumb -mcpu=cortex-m4 -mfpu=fpv4-sp-d16 -mfloat-abi=softfp -ffunction-sections -fdata-sections -MMD -MP -O0 -Dgcc -o src\deepsleep.o 
arm-atollic-eabi-gcc -c ..\..\..\..\..\..\utils\am_util_delay.c -mthumb -std=c99 -DAM_PACKAGE_BGA -DAM_PART_APOLLO3 -IC:/Jenkins/workspace/AmbiqSuite/workspace/boards/apollo3_evb/examples/deepsleep/atollic_gcc/../src -IC:/Jenkins/workspace/AmbiqSuite/workspace/boards/apollo3_evb/examples/deepsleep/atollic_gcc/../../../../../boards/apollo3_evb/bsp -IC:/Jenkins/workspace/AmbiqSuite/workspace/boards/apollo3_evb/examples/deepsleep/atollic_gcc/../../../../.. -IC:/Jenkins/workspace/AmbiqSuite/workspace/boards/apollo3_evb/examples/deepsleep/atollic_gcc/../../../../../mcu/apollo3 -IC:/Jenkins/workspace/AmbiqSuite/workspace/boards/apollo3_evb/examples/deepsleep/atollic_gcc/../../../../../CMSIS/ARM/Include -IC:/Jenkins/workspace/AmbiqSuite/workspace/boards/apollo3_evb/examples/deepsleep/atollic_gcc/../../../../../CMSIS/AmbiqMicro/Include -IC:/Jenkins/workspace/AmbiqSuite/workspace/boards/apollo3_evb/examples/deepsleep/atollic_gcc/../../../../../devices -IC:/Jenkins/workspace/AmbiqSuite/workspace/boards/apollo3_evb/examples/deepsleep/atollic_gcc/../../../../../utils -O0 -g -Wall -specs=nano.specs -mthumb -mcpu=cortex-m4 -mfpu=fpv4-sp-d16 -mfloat-abi=softfp -ffunction-sections -fdata-sections -MMD -MP -O0 -Dgcc -o utils\am_util_delay.o 
arm-atollic-eabi-gcc -o deepsleep_gcc.elf src\deepsleep.o startup_gcc.o utils\am_util_delay.o utils\am_util_faultisr.o utils\am_util_stdio.o ..\..\..\..\bsp\atollic_gcc\bin\libam_bsp_gcc.a ..\..\..\..\..\..\mcu\apollo3\hal\atollic_gcc\bin\libam_hal_gcc.a -TC:/Jenkins/workspace/AmbiqSuite/workspace/boards/apollo3_evb/examples/deepsleep/atollic_gcc/deepsleep.ld -mthumb -mcpu=cortex-m4 -mfpu=fpv4-sp-d16 -mfloat-abi=softfp -nostartfiles -static -Wl,--gc-sections,--entry,am_reset_isr,-Map,C:/Jenkins/workspace/AmbiqSuite/workspace/boards/apollo3_evb/examples/deepsleep/atollic_gcc/bin/deepsleep_gcc.map -Wl,--start-group -lm -lc -lgcc -Wl,--end-group 
c:/program files (x86)/atollic/truestudio for arm 8.1.0/armtools/bin/../lib/gcc/arm-atollic-eabi/6.3.1/../../../../arm-atollic-eabi/bin/ld.exe: warning: cannot find entry symbol am_reset_isr; defaulting to 0000c000
C:\Program Files (x86)\Atollic\TrueSTUDIO for ARM 8.1.0\ide\jre\bin\java -jar C:\Program Files (x86)\Atollic\TrueSTUDIO for ARM 8.1.0\Tools\arm-atollic-reports.jar sizeinfo list deepsleep_gcc.elf 
Generate build reports...
Print size information
   text	   data	    bss	    dec	    hex	filename
  12764	     40	   4568	  17372	   43dc	deepsleep_gcc.elf
Print size information done
Generate listing file
Output sent to: deepsleep_gcc.list
Generate listing file done
Generate build reports done
arm-atollic-eabi-objcopy -Obinary deepsleep_gcc.elf deepsleep_gcc.bin 
Info: Parallel threads used: 2

07:40:05 Build Finished (took 2s.78ms)

