Create.
Opening 'adc_vbatt_gcc'.
Refreshing '/adc_vbatt_gcc'.
14:23:23 **** Clean-only build of configuration bin for project adc_vbatt_gcc ****
"\\usr\\bin\\rm" -rf startup_gcc.d devices/am_devices_led.o adc_vbatt_gcc.elf adc_vbatt_gcc src/adc_vbatt.d devices/am_devices_led.d startup_gcc.o utils/am_util_faultisr.d utils/am_util_delay.o utils/am_util_stdio.d utils/am_util_faultisr.o src/adc_vbatt.o utils/am_util_delay.d utils/am_util_stdio.o 
Cannot run program "\usr\bin\rm": Launching failed

Error: Program "\usr\bin\rm" not found in PATH
PATH=[C:\Program Files (x86)\Atollic\TrueSTUDIO for ARM 8.1.0\ARMTools\bin;C:\Program Files (x86)\Atollic\TrueSTUDIO for ARM 8.1.0\Tools;C:/Program Files (x86)/Atollic/TrueSTUDIO for ARM 8.1.0/ide/jre/bin/client;C:/Program Files (x86)/Atollic/TrueSTUDIO for ARM 8.1.0/ide/jre/bin;C:/Program Files (x86)/Atollic/TrueSTUDIO for ARM 8.1.0/ide/jre/lib/i386;C:\cygwin64\bin;C:\Program Files (x86)\Atollic\TrueSTUDIO for ARM 8.1.0\ide;C:\Program Files (x86)\GNU Tools ARM Embedded\5.4 2016q3\bin;C:\Keil_v5\UV4;C:\Program Files (x86)\IAR Systems\Embedded Workbench 8.0\common\bin;C:\Program Files (x86)\IAR Systems\Embedded Workbench 8.0\arm\bin;C:\Windows\system32;C:\Windows;C:\Windows\System32\Wbem;C:\Windows\System32\WindowsPowerShell\v1.0;C:\Program Files\Git\cmd;C:\Users\jenkinsadmin\AppData\Local\Programs\Python\Python36-32p;C:\Program Files\Coverity\Coverity Static Analysis\bin;C:\Keil_v5\UV4;C:\Jenkins\workspace\AmbiqSuite\workspace\boards\apollo1_evb\examples\adc_vbatt\atollic_gcc]


14:23:23 Build Finished (took 47ms)

14:23:23 **** Clean-only build of configuration bin for project adc_vbatt_gcc ****

14:23:23 Build Finished (took 0ms)

14:23:23 **** Rebuild of configuration bin for project adc_vbatt_gcc ****
Info: Internal Builder is used for build
arm-atollic-eabi-gcc -c ..\..\..\..\..\..\utils\am_util_stdio.c -mthumb -std=c99 -DAM_PACKAGE_BGA -DAM_PART_APOLLO -IC:/Jenkins/workspace/AmbiqSuite/workspace/boards/apollo1_evb/examples/adc_vbatt/atollic_gcc/../src -IC:/Jenkins/workspace/AmbiqSuite/workspace/boards/apollo1_evb/examples/adc_vbatt/atollic_gcc/../../../../../boards/apollo1_evb/bsp -IC:/Jenkins/workspace/AmbiqSuite/workspace/boards/apollo1_evb/examples/adc_vbatt/atollic_gcc/../../../../../devices -IC:/Jenkins/workspace/AmbiqSuite/workspace/boards/apollo1_evb/examples/adc_vbatt/atollic_gcc/../../../../../utils -IC:/Jenkins/workspace/AmbiqSuite/workspace/boards/apollo1_evb/examples/adc_vbatt/atollic_gcc/../../../../../mcu/apollo -IC:/Jenkins/workspace/AmbiqSuite/workspace/boards/apollo1_evb/examples/adc_vbatt/atollic_gcc/../../../../.. -O0 -g -Wall -specs=nano.specs -mthumb -mcpu=cortex-m4 -mfpu=fpv4-sp-d16 -mfloat-abi=softfp -ffunction-sections -fdata-sections -MMD -MP -O0 -Dgcc -o utils\am_util_stdio.o 
arm-atollic-eabi-gcc -c ..\..\src\adc_vbatt.c -mthumb -std=c99 -DAM_PACKAGE_BGA -DAM_PART_APOLLO -IC:/Jenkins/workspace/AmbiqSuite/workspace/boards/apollo1_evb/examples/adc_vbatt/atollic_gcc/../src -IC:/Jenkins/workspace/AmbiqSuite/workspace/boards/apollo1_evb/examples/adc_vbatt/atollic_gcc/../../../../../boards/apollo1_evb/bsp -IC:/Jenkins/workspace/AmbiqSuite/workspace/boards/apollo1_evb/examples/adc_vbatt/atollic_gcc/../../../../../devices -IC:/Jenkins/workspace/AmbiqSuite/workspace/boards/apollo1_evb/examples/adc_vbatt/atollic_gcc/../../../../../utils -IC:/Jenkins/workspace/AmbiqSuite/workspace/boards/apollo1_evb/examples/adc_vbatt/atollic_gcc/../../../../../mcu/apollo -IC:/Jenkins/workspace/AmbiqSuite/workspace/boards/apollo1_evb/examples/adc_vbatt/atollic_gcc/../../../../.. -O0 -g -Wall -specs=nano.specs -mthumb -mcpu=cortex-m4 -mfpu=fpv4-sp-d16 -mfloat-abi=softfp -ffunction-sections -fdata-sections -MMD -MP -O0 -Dgcc -o src\adc_vbatt.o 
arm-atollic-eabi-gcc -c ..\..\..\..\..\..\utils\am_util_faultisr.c -mthumb -std=c99 -DAM_PACKAGE_BGA -DAM_PART_APOLLO -IC:/Jenkins/workspace/AmbiqSuite/workspace/boards/apollo1_evb/examples/adc_vbatt/atollic_gcc/../src -IC:/Jenkins/workspace/AmbiqSuite/workspace/boards/apollo1_evb/examples/adc_vbatt/atollic_gcc/../../../../../boards/apollo1_evb/bsp -IC:/Jenkins/workspace/AmbiqSuite/workspace/boards/apollo1_evb/examples/adc_vbatt/atollic_gcc/../../../../../devices -IC:/Jenkins/workspace/AmbiqSuite/workspace/boards/apollo1_evb/examples/adc_vbatt/atollic_gcc/../../../../../utils -IC:/Jenkins/workspace/AmbiqSuite/workspace/boards/apollo1_evb/examples/adc_vbatt/atollic_gcc/../../../../../mcu/apollo -IC:/Jenkins/workspace/AmbiqSuite/workspace/boards/apollo1_evb/examples/adc_vbatt/atollic_gcc/../../../../.. -O0 -g -Wall -specs=nano.specs -mthumb -mcpu=cortex-m4 -mfpu=fpv4-sp-d16 -mfloat-abi=softfp -ffunction-sections -fdata-sections -MMD -MP -O0 -Dgcc -o utils\am_util_faultisr.o 
arm-atollic-eabi-gcc -c ..\startup_gcc.c -mthumb -std=c99 -DAM_PACKAGE_BGA -DAM_PART_APOLLO -IC:/Jenkins/workspace/AmbiqSuite/workspace/boards/apollo1_evb/examples/adc_vbatt/atollic_gcc/../src -IC:/Jenkins/workspace/AmbiqSuite/workspace/boards/apollo1_evb/examples/adc_vbatt/atollic_gcc/../../../../../boards/apollo1_evb/bsp -IC:/Jenkins/workspace/AmbiqSuite/workspace/boards/apollo1_evb/examples/adc_vbatt/atollic_gcc/../../../../../devices -IC:/Jenkins/workspace/AmbiqSuite/workspace/boards/apollo1_evb/examples/adc_vbatt/atollic_gcc/../../../../../utils -IC:/Jenkins/workspace/AmbiqSuite/workspace/boards/apollo1_evb/examples/adc_vbatt/atollic_gcc/../../../../../mcu/apollo -IC:/Jenkins/workspace/AmbiqSuite/workspace/boards/apollo1_evb/examples/adc_vbatt/atollic_gcc/../../../../.. -O0 -g -Wall -specs=nano.specs -mthumb -mcpu=cortex-m4 -mfpu=fpv4-sp-d16 -mfloat-abi=softfp -ffunction-sections -fdata-sections -MMD -MP -O0 -Dgcc -o startup_gcc.o 
arm-atollic-eabi-gcc -c ..\..\..\..\..\..\utils\am_util_delay.c -mthumb -std=c99 -DAM_PACKAGE_BGA -DAM_PART_APOLLO -IC:/Jenkins/workspace/AmbiqSuite/workspace/boards/apollo1_evb/examples/adc_vbatt/atollic_gcc/../src -IC:/Jenkins/workspace/AmbiqSuite/workspace/boards/apollo1_evb/examples/adc_vbatt/atollic_gcc/../../../../../boards/apollo1_evb/bsp -IC:/Jenkins/workspace/AmbiqSuite/workspace/boards/apollo1_evb/examples/adc_vbatt/atollic_gcc/../../../../../devices -IC:/Jenkins/workspace/AmbiqSuite/workspace/boards/apollo1_evb/examples/adc_vbatt/atollic_gcc/../../../../../utils -IC:/Jenkins/workspace/AmbiqSuite/workspace/boards/apollo1_evb/examples/adc_vbatt/atollic_gcc/../../../../../mcu/apollo -IC:/Jenkins/workspace/AmbiqSuite/workspace/boards/apollo1_evb/examples/adc_vbatt/atollic_gcc/../../../../.. -O0 -g -Wall -specs=nano.specs -mthumb -mcpu=cortex-m4 -mfpu=fpv4-sp-d16 -mfloat-abi=softfp -ffunction-sections -fdata-sections -MMD -MP -O0 -Dgcc -o utils\am_util_delay.o 
arm-atollic-eabi-gcc -c ..\..\..\..\..\..\devices\am_devices_led.c -mthumb -std=c99 -DAM_PACKAGE_BGA -DAM_PART_APOLLO -IC:/Jenkins/workspace/AmbiqSuite/workspace/boards/apollo1_evb/examples/adc_vbatt/atollic_gcc/../src -IC:/Jenkins/workspace/AmbiqSuite/workspace/boards/apollo1_evb/examples/adc_vbatt/atollic_gcc/../../../../../boards/apollo1_evb/bsp -IC:/Jenkins/workspace/AmbiqSuite/workspace/boards/apollo1_evb/examples/adc_vbatt/atollic_gcc/../../../../../devices -IC:/Jenkins/workspace/AmbiqSuite/workspace/boards/apollo1_evb/examples/adc_vbatt/atollic_gcc/../../../../../utils -IC:/Jenkins/workspace/AmbiqSuite/workspace/boards/apollo1_evb/examples/adc_vbatt/atollic_gcc/../../../../../mcu/apollo -IC:/Jenkins/workspace/AmbiqSuite/workspace/boards/apollo1_evb/examples/adc_vbatt/atollic_gcc/../../../../.. -O0 -g -Wall -specs=nano.specs -mthumb -mcpu=cortex-m4 -mfpu=fpv4-sp-d16 -mfloat-abi=softfp -ffunction-sections -fdata-sections -MMD -MP -O0 -Dgcc -o devices\am_devices_led.o 
arm-atollic-eabi-gcc -o adc_vbatt_gcc.elf devices\am_devices_led.o src\adc_vbatt.o startup_gcc.o utils\am_util_delay.o utils\am_util_faultisr.o utils\am_util_stdio.o ..\..\..\..\bsp\atollic_gcc\bin\libam_bsp_gcc.a ..\..\..\..\..\..\mcu\apollo\hal\atollic_gcc\bin\libam_hal_gcc.a -TC:/Jenkins/workspace/AmbiqSuite/workspace/boards/apollo1_evb/examples/adc_vbatt/atollic_gcc/adc_vbatt.ld -mthumb -mcpu=cortex-m4 -mfpu=fpv4-sp-d16 -mfloat-abi=softfp -nostartfiles -static -Wl,--gc-sections,--entry,am_reset_isr,-Map,C:/Jenkins/workspace/AmbiqSuite/workspace/boards/apollo1_evb/examples/adc_vbatt/atollic_gcc/bin/adc_vbatt_gcc.map -Wl,--start-group -lm -lc -lgcc -Wl,--end-group 
C:\Program Files (x86)\Atollic\TrueSTUDIO for ARM 8.1.0\ide\jre\bin\java -jar C:\Program Files (x86)\Atollic\TrueSTUDIO for ARM 8.1.0\Tools\arm-atollic-reports.jar sizeinfo list adc_vbatt_gcc.elf 
Generate build reports...
Print size information
   text	   data	    bss	    dec	    hex	filename
   9984	     92	  16676	  26752	   6880	adc_vbatt_gcc.elf
Print size information done
Generate listing file
Output sent to: adc_vbatt_gcc.list
Generate listing file done
Generate build reports done
arm-atollic-eabi-objcopy -Obinary adc_vbatt_gcc.elf adc_vbatt_gcc.bin 
Info: Parallel threads used: 2

14:23:25 Build Finished (took 1s.968ms)

