Create.
Opening 'prime_gcc'.
Refreshing '/prime_gcc'.
15:45:04 **** Clean-only build of configuration bin for project prime_gcc ****
"\\usr\\bin\\rm" -rf src/prime.d utils/am_util_faultisr.o utils/am_util_delay.o prime_gcc.elf startup_gcc.d src/prime.o utils/am_util_delay.d utils/am_util_stdio.o utils/am_util_faultisr.d startup_gcc.o src/prime_mpi.o utils/am_util_stdio.d devices/am_devices_led.d prime_gcc devices/am_devices_led.o src/prime_mpi.d 
Cannot run program "\usr\bin\rm": Launching failed

Error: Program "\usr\bin\rm" not found in PATH
PATH=[C:\Program Files (x86)\Atollic\TrueSTUDIO for ARM 8.1.0\ARMTools\bin;C:\Program Files (x86)\Atollic\TrueSTUDIO for ARM 8.1.0\Tools;C:/Program Files (x86)/Atollic/TrueSTUDIO for ARM 8.1.0/ide/jre/bin/client;C:/Program Files (x86)/Atollic/TrueSTUDIO for ARM 8.1.0/ide/jre/bin;C:/Program Files (x86)/Atollic/TrueSTUDIO for ARM 8.1.0/ide/jre/lib/i386;C:\cygwin64\bin;C:\Program Files (x86)\Atollic\TrueSTUDIO for ARM 8.1.0\ide;C:\Program Files (x86)\GNU Tools ARM Embedded\5.4 2016q3\bin;C:\Keil_v5\UV4;C:\Program Files (x86)\IAR Systems\Embedded Workbench 8.0\common\bin;C:\Program Files (x86)\IAR Systems\Embedded Workbench 8.0\arm\bin;C:\Windows\system32;C:\Windows;C:\Windows\System32\Wbem;C:\Windows\System32\WindowsPowerShell\v1.0;C:\Program Files\Git\cmd;C:\Users\jenkinsadmin\AppData\Local\Programs\Python\Python36-32p;C:\Program Files\Coverity\Coverity Static Analysis\bin;C:\Keil_v5\UV4;C:\Jenkins\workspace\AmbiqSuite\workspace\boards\apollo2_evb\examples\prime\atollic_gcc]


15:45:04 Build Finished (took 46ms)

15:45:04 **** Clean-only build of configuration bin for project prime_gcc ****

15:45:04 Build Finished (took 16ms)

15:45:04 **** Rebuild of configuration bin for project prime_gcc ****
Info: Internal Builder is used for build
arm-atollic-eabi-gcc -c ..\..\..\..\..\..\utils\am_util_delay.c -mthumb -std=c99 -DAM_PACKAGE_BGA -DAM_PART_APOLLO2 -IC:/Jenkins/workspace/AmbiqSuite/workspace/boards/apollo2_evb/examples/prime/atollic_gcc/../src -IC:/Jenkins/workspace/AmbiqSuite/workspace/boards/apollo2_evb/examples/prime/atollic_gcc/../../../../../boards/apollo2_evb/bsp -IC:/Jenkins/workspace/AmbiqSuite/workspace/boards/apollo2_evb/examples/prime/atollic_gcc/../../../../.. -IC:/Jenkins/workspace/AmbiqSuite/workspace/boards/apollo2_evb/examples/prime/atollic_gcc/../../../../../utils -IC:/Jenkins/workspace/AmbiqSuite/workspace/boards/apollo2_evb/examples/prime/atollic_gcc/../../../../../devices -IC:/Jenkins/workspace/AmbiqSuite/workspace/boards/apollo2_evb/examples/prime/atollic_gcc/../../../../../mcu/apollo2 -O0 -g -Wall -specs=nano.specs -mthumb -mcpu=cortex-m4 -mfpu=fpv4-sp-d16 -mfloat-abi=softfp -ffunction-sections -fdata-sections -MMD -MP -O3 -funroll-loops -Dgcc -o utils\am_util_delay.o 
arm-atollic-eabi-gcc -c ..\startup_gcc.c -mthumb -std=c99 -DAM_PACKAGE_BGA -DAM_PART_APOLLO2 -IC:/Jenkins/workspace/AmbiqSuite/workspace/boards/apollo2_evb/examples/prime/atollic_gcc/../src -IC:/Jenkins/workspace/AmbiqSuite/workspace/boards/apollo2_evb/examples/prime/atollic_gcc/../../../../../boards/apollo2_evb/bsp -IC:/Jenkins/workspace/AmbiqSuite/workspace/boards/apollo2_evb/examples/prime/atollic_gcc/../../../../.. -IC:/Jenkins/workspace/AmbiqSuite/workspace/boards/apollo2_evb/examples/prime/atollic_gcc/../../../../../utils -IC:/Jenkins/workspace/AmbiqSuite/workspace/boards/apollo2_evb/examples/prime/atollic_gcc/../../../../../devices -IC:/Jenkins/workspace/AmbiqSuite/workspace/boards/apollo2_evb/examples/prime/atollic_gcc/../../../../../mcu/apollo2 -O0 -g -Wall -specs=nano.specs -mthumb -mcpu=cortex-m4 -mfpu=fpv4-sp-d16 -mfloat-abi=softfp -ffunction-sections -fdata-sections -MMD -MP -O3 -funroll-loops -Dgcc -o startup_gcc.o 
arm-atollic-eabi-gcc -c ..\..\..\..\..\..\utils\am_util_faultisr.c -mthumb -std=c99 -DAM_PACKAGE_BGA -DAM_PART_APOLLO2 -IC:/Jenkins/workspace/AmbiqSuite/workspace/boards/apollo2_evb/examples/prime/atollic_gcc/../src -IC:/Jenkins/workspace/AmbiqSuite/workspace/boards/apollo2_evb/examples/prime/atollic_gcc/../../../../../boards/apollo2_evb/bsp -IC:/Jenkins/workspace/AmbiqSuite/workspace/boards/apollo2_evb/examples/prime/atollic_gcc/../../../../.. -IC:/Jenkins/workspace/AmbiqSuite/workspace/boards/apollo2_evb/examples/prime/atollic_gcc/../../../../../utils -IC:/Jenkins/workspace/AmbiqSuite/workspace/boards/apollo2_evb/examples/prime/atollic_gcc/../../../../../devices -IC:/Jenkins/workspace/AmbiqSuite/workspace/boards/apollo2_evb/examples/prime/atollic_gcc/../../../../../mcu/apollo2 -O0 -g -Wall -specs=nano.specs -mthumb -mcpu=cortex-m4 -mfpu=fpv4-sp-d16 -mfloat-abi=softfp -ffunction-sections -fdata-sections -MMD -MP -O3 -funroll-loops -Dgcc -o utils\am_util_faultisr.o 
arm-atollic-eabi-gcc -c ..\..\..\..\..\..\utils\am_util_stdio.c -mthumb -std=c99 -DAM_PACKAGE_BGA -DAM_PART_APOLLO2 -IC:/Jenkins/workspace/AmbiqSuite/workspace/boards/apollo2_evb/examples/prime/atollic_gcc/../src -IC:/Jenkins/workspace/AmbiqSuite/workspace/boards/apollo2_evb/examples/prime/atollic_gcc/../../../../../boards/apollo2_evb/bsp -IC:/Jenkins/workspace/AmbiqSuite/workspace/boards/apollo2_evb/examples/prime/atollic_gcc/../../../../.. -IC:/Jenkins/workspace/AmbiqSuite/workspace/boards/apollo2_evb/examples/prime/atollic_gcc/../../../../../utils -IC:/Jenkins/workspace/AmbiqSuite/workspace/boards/apollo2_evb/examples/prime/atollic_gcc/../../../../../devices -IC:/Jenkins/workspace/AmbiqSuite/workspace/boards/apollo2_evb/examples/prime/atollic_gcc/../../../../../mcu/apollo2 -O0 -g -Wall -specs=nano.specs -mthumb -mcpu=cortex-m4 -mfpu=fpv4-sp-d16 -mfloat-abi=softfp -ffunction-sections -fdata-sections -MMD -MP -O3 -funroll-loops -Dgcc -o utils\am_util_stdio.o 
arm-atollic-eabi-gcc -c ..\..\..\..\..\..\third_party\prime_mpi\src\prime_mpi.c -mthumb -std=c99 -DAM_PACKAGE_BGA -DAM_PART_APOLLO2 -IC:/Jenkins/workspace/AmbiqSuite/workspace/boards/apollo2_evb/examples/prime/atollic_gcc/../src -IC:/Jenkins/workspace/AmbiqSuite/workspace/boards/apollo2_evb/examples/prime/atollic_gcc/../../../../../boards/apollo2_evb/bsp -IC:/Jenkins/workspace/AmbiqSuite/workspace/boards/apollo2_evb/examples/prime/atollic_gcc/../../../../.. -IC:/Jenkins/workspace/AmbiqSuite/workspace/boards/apollo2_evb/examples/prime/atollic_gcc/../../../../../utils -IC:/Jenkins/workspace/AmbiqSuite/workspace/boards/apollo2_evb/examples/prime/atollic_gcc/../../../../../devices -IC:/Jenkins/workspace/AmbiqSuite/workspace/boards/apollo2_evb/examples/prime/atollic_gcc/../../../../../mcu/apollo2 -O0 -g -Wall -specs=nano.specs -mthumb -mcpu=cortex-m4 -mfpu=fpv4-sp-d16 -mfloat-abi=softfp -ffunction-sections -fdata-sections -MMD -MP -O3 -funroll-loops -Dgcc -o src\prime_mpi.o 
arm-atollic-eabi-gcc -c ..\..\src\prime.c -mthumb -std=c99 -DAM_PACKAGE_BGA -DAM_PART_APOLLO2 -IC:/Jenkins/workspace/AmbiqSuite/workspace/boards/apollo2_evb/examples/prime/atollic_gcc/../src -IC:/Jenkins/workspace/AmbiqSuite/workspace/boards/apollo2_evb/examples/prime/atollic_gcc/../../../../../boards/apollo2_evb/bsp -IC:/Jenkins/workspace/AmbiqSuite/workspace/boards/apollo2_evb/examples/prime/atollic_gcc/../../../../.. -IC:/Jenkins/workspace/AmbiqSuite/workspace/boards/apollo2_evb/examples/prime/atollic_gcc/../../../../../utils -IC:/Jenkins/workspace/AmbiqSuite/workspace/boards/apollo2_evb/examples/prime/atollic_gcc/../../../../../devices -IC:/Jenkins/workspace/AmbiqSuite/workspace/boards/apollo2_evb/examples/prime/atollic_gcc/../../../../../mcu/apollo2 -O0 -g -Wall -specs=nano.specs -mthumb -mcpu=cortex-m4 -mfpu=fpv4-sp-d16 -mfloat-abi=softfp -ffunction-sections -fdata-sections -MMD -MP -O3 -funroll-loops -Dgcc -o src\prime.o 
arm-atollic-eabi-gcc -c ..\..\..\..\..\..\devices\am_devices_led.c -mthumb -std=c99 -DAM_PACKAGE_BGA -DAM_PART_APOLLO2 -IC:/Jenkins/workspace/AmbiqSuite/workspace/boards/apollo2_evb/examples/prime/atollic_gcc/../src -IC:/Jenkins/workspace/AmbiqSuite/workspace/boards/apollo2_evb/examples/prime/atollic_gcc/../../../../../boards/apollo2_evb/bsp -IC:/Jenkins/workspace/AmbiqSuite/workspace/boards/apollo2_evb/examples/prime/atollic_gcc/../../../../.. -IC:/Jenkins/workspace/AmbiqSuite/workspace/boards/apollo2_evb/examples/prime/atollic_gcc/../../../../../utils -IC:/Jenkins/workspace/AmbiqSuite/workspace/boards/apollo2_evb/examples/prime/atollic_gcc/../../../../../devices -IC:/Jenkins/workspace/AmbiqSuite/workspace/boards/apollo2_evb/examples/prime/atollic_gcc/../../../../../mcu/apollo2 -O0 -g -Wall -specs=nano.specs -mthumb -mcpu=cortex-m4 -mfpu=fpv4-sp-d16 -mfloat-abi=softfp -ffunction-sections -fdata-sections -MMD -MP -O3 -funroll-loops -Dgcc -o devices\am_devices_led.o 
arm-atollic-eabi-gcc -o prime_gcc.elf devices\am_devices_led.o src\prime.o src\prime_mpi.o startup_gcc.o utils\am_util_delay.o utils\am_util_faultisr.o utils\am_util_stdio.o ..\..\..\..\bsp\atollic_gcc\bin\libam_bsp_gcc.a ..\..\..\..\..\..\mcu\apollo2\hal\atollic_gcc\bin\libam_hal_gcc.a -TC:/Jenkins/workspace/AmbiqSuite/workspace/boards/apollo2_evb/examples/prime/atollic_gcc/prime.ld -mthumb -mcpu=cortex-m4 -mfpu=fpv4-sp-d16 -mfloat-abi=softfp -nostartfiles -static -Wl,--gc-sections,--entry,am_reset_isr,-Map,C:/Jenkins/workspace/AmbiqSuite/workspace/boards/apollo2_evb/examples/prime/atollic_gcc/bin/prime_gcc.map -Wl,--start-group -lm -lc -lgcc -Wl,--end-group 
C:\Program Files (x86)\Atollic\TrueSTUDIO for ARM 8.1.0\ide\jre\bin\java -jar C:\Program Files (x86)\Atollic\TrueSTUDIO for ARM 8.1.0\Tools\arm-atollic-reports.jar sizeinfo list prime_gcc.elf 
Generate build reports...
Print size information
   text	   data	    bss	    dec	    hex	filename
   9228	     20	   4360	  13608	   3528	prime_gcc.elf
Print size information done
Generate listing file
Output sent to: prime_gcc.list
Generate listing file done
Generate build reports done
arm-atollic-eabi-objcopy -Obinary prime_gcc.elf prime_gcc.bin 
Info: Parallel threads used: 2

15:45:05 Build Finished (took 1s.359ms)

