Create.
Opening 'uart_ble_bridge_gcc'.
Refreshing '/uart_ble_bridge_gcc'.
08:03:04 **** Clean-only build of configuration bin for project uart_ble_bridge_gcc ****
"\\usr\\bin\\rm" -rf utils/am_util_delay.d startup_gcc.d utils/am_util_delay.o utils/am_util_stdio.d src/uart_ble_bridge.o uart_ble_bridge_gcc.elf uart_ble_bridge_gcc utils/am_util_stdio.o utils/am_util_faultisr.o src/uart_ble_bridge.d utils/am_util_faultisr.d startup_gcc.o 
Cannot run program "\usr\bin\rm": Launching failed

Error: Program "\usr\bin\rm" not found in PATH
PATH=[C:\Program Files (x86)\Atollic\TrueSTUDIO for ARM 8.1.0\ARMTools\bin;C:\Program Files (x86)\Atollic\TrueSTUDIO for ARM 8.1.0\Tools;C:/Program Files (x86)/Atollic/TrueSTUDIO for ARM 8.1.0/ide/jre/bin/client;C:/Program Files (x86)/Atollic/TrueSTUDIO for ARM 8.1.0/ide/jre/bin;C:/Program Files (x86)/Atollic/TrueSTUDIO for ARM 8.1.0/ide/jre/lib/i386;C:\cygwin64\bin;C:\Program Files (x86)\Atollic\TrueSTUDIO for ARM 8.1.0\ide;C:\Program Files (x86)\GNU Tools ARM Embedded\5.4 2016q3\bin;C:\Keil_v5\UV4;C:\Program Files (x86)\IAR Systems\Embedded Workbench 8.0\common\bin;C:\Program Files (x86)\IAR Systems\Embedded Workbench 8.0\arm\bin;C:\Windows\system32;C:\Windows;C:\Windows\System32\Wbem;C:\Windows\System32\WindowsPowerShell\v1.0;C:\Program Files\Git\cmd;C:\Users\jenkinsadmin\AppData\Local\Programs\Python\Python36-32p;C:\Program Files\Coverity\Coverity Static Analysis\bin;C:\Jenkins\workspace\AmbiqSuite\workspace\boards\apollo3_evb\examples\uart_ble_bridge\atollic_gcc]


08:03:04 Build Finished (took 297ms)

08:03:04 **** Clean-only build of configuration bin for project uart_ble_bridge_gcc ****

08:03:04 Build Finished (took 0ms)

08:03:04 **** Rebuild of configuration bin for project uart_ble_bridge_gcc ****
Info: Internal Builder is used for build
arm-atollic-eabi-gcc -c ..\startup_gcc.c -mthumb -std=c99 -DAM_PACKAGE_BGA -DAM_PART_APOLLO3 -IC:/Jenkins/workspace/AmbiqSuite/workspace/boards/apollo3_evb/examples/uart_ble_bridge/atollic_gcc/../src -IC:/Jenkins/workspace/AmbiqSuite/workspace/boards/apollo3_evb/examples/uart_ble_bridge/atollic_gcc/../../../../../boards/apollo3_evb/bsp -IC:/Jenkins/workspace/AmbiqSuite/workspace/boards/apollo3_evb/examples/uart_ble_bridge/atollic_gcc/../../../../.. -IC:/Jenkins/workspace/AmbiqSuite/workspace/boards/apollo3_evb/examples/uart_ble_bridge/atollic_gcc/../../../../../mcu/apollo3 -IC:/Jenkins/workspace/AmbiqSuite/workspace/boards/apollo3_evb/examples/uart_ble_bridge/atollic_gcc/../../../../../CMSIS/ARM/Include -IC:/Jenkins/workspace/AmbiqSuite/workspace/boards/apollo3_evb/examples/uart_ble_bridge/atollic_gcc/../../../../../CMSIS/AmbiqMicro/Include -IC:/Jenkins/workspace/AmbiqSuite/workspace/boards/apollo3_evb/examples/uart_ble_bridge/atollic_gcc/../../../../../devices -IC:/Jenkins/workspace/AmbiqSuite/workspace/boards/apollo3_evb/examples/uart_ble_bridge/atollic_gcc/../../../../../utils -O0 -g -Wall -specs=nano.specs -mthumb -mcpu=cortex-m4 -mfpu=fpv4-sp-d16 -mfloat-abi=softfp -ffunction-sections -fdata-sections -MMD -MP -O0 -Dgcc -o startup_gcc.o 
arm-atollic-eabi-gcc -c ..\..\..\..\..\..\utils\am_util_faultisr.c -mthumb -std=c99 -DAM_PACKAGE_BGA -DAM_PART_APOLLO3 -IC:/Jenkins/workspace/AmbiqSuite/workspace/boards/apollo3_evb/examples/uart_ble_bridge/atollic_gcc/../src -IC:/Jenkins/workspace/AmbiqSuite/workspace/boards/apollo3_evb/examples/uart_ble_bridge/atollic_gcc/../../../../../boards/apollo3_evb/bsp -IC:/Jenkins/workspace/AmbiqSuite/workspace/boards/apollo3_evb/examples/uart_ble_bridge/atollic_gcc/../../../../.. -IC:/Jenkins/workspace/AmbiqSuite/workspace/boards/apollo3_evb/examples/uart_ble_bridge/atollic_gcc/../../../../../mcu/apollo3 -IC:/Jenkins/workspace/AmbiqSuite/workspace/boards/apollo3_evb/examples/uart_ble_bridge/atollic_gcc/../../../../../CMSIS/ARM/Include -IC:/Jenkins/workspace/AmbiqSuite/workspace/boards/apollo3_evb/examples/uart_ble_bridge/atollic_gcc/../../../../../CMSIS/AmbiqMicro/Include -IC:/Jenkins/workspace/AmbiqSuite/workspace/boards/apollo3_evb/examples/uart_ble_bridge/atollic_gcc/../../../../../devices -IC:/Jenkins/workspace/AmbiqSuite/workspace/boards/apollo3_evb/examples/uart_ble_bridge/atollic_gcc/../../../../../utils -O0 -g -Wall -specs=nano.specs -mthumb -mcpu=cortex-m4 -mfpu=fpv4-sp-d16 -mfloat-abi=softfp -ffunction-sections -fdata-sections -MMD -MP -O0 -Dgcc -o utils\am_util_faultisr.o 
arm-atollic-eabi-gcc -c ..\..\..\..\..\..\utils\am_util_delay.c -mthumb -std=c99 -DAM_PACKAGE_BGA -DAM_PART_APOLLO3 -IC:/Jenkins/workspace/AmbiqSuite/workspace/boards/apollo3_evb/examples/uart_ble_bridge/atollic_gcc/../src -IC:/Jenkins/workspace/AmbiqSuite/workspace/boards/apollo3_evb/examples/uart_ble_bridge/atollic_gcc/../../../../../boards/apollo3_evb/bsp -IC:/Jenkins/workspace/AmbiqSuite/workspace/boards/apollo3_evb/examples/uart_ble_bridge/atollic_gcc/../../../../.. -IC:/Jenkins/workspace/AmbiqSuite/workspace/boards/apollo3_evb/examples/uart_ble_bridge/atollic_gcc/../../../../../mcu/apollo3 -IC:/Jenkins/workspace/AmbiqSuite/workspace/boards/apollo3_evb/examples/uart_ble_bridge/atollic_gcc/../../../../../CMSIS/ARM/Include -IC:/Jenkins/workspace/AmbiqSuite/workspace/boards/apollo3_evb/examples/uart_ble_bridge/atollic_gcc/../../../../../CMSIS/AmbiqMicro/Include -IC:/Jenkins/workspace/AmbiqSuite/workspace/boards/apollo3_evb/examples/uart_ble_bridge/atollic_gcc/../../../../../devices -IC:/Jenkins/workspace/AmbiqSuite/workspace/boards/apollo3_evb/examples/uart_ble_bridge/atollic_gcc/../../../../../utils -O0 -g -Wall -specs=nano.specs -mthumb -mcpu=cortex-m4 -mfpu=fpv4-sp-d16 -mfloat-abi=softfp -ffunction-sections -fdata-sections -MMD -MP -O0 -Dgcc -o utils\am_util_delay.o 
arm-atollic-eabi-gcc -c ..\..\..\..\..\..\utils\am_util_stdio.c -mthumb -std=c99 -DAM_PACKAGE_BGA -DAM_PART_APOLLO3 -IC:/Jenkins/workspace/AmbiqSuite/workspace/boards/apollo3_evb/examples/uart_ble_bridge/atollic_gcc/../src -IC:/Jenkins/workspace/AmbiqSuite/workspace/boards/apollo3_evb/examples/uart_ble_bridge/atollic_gcc/../../../../../boards/apollo3_evb/bsp -IC:/Jenkins/workspace/AmbiqSuite/workspace/boards/apollo3_evb/examples/uart_ble_bridge/atollic_gcc/../../../../.. -IC:/Jenkins/workspace/AmbiqSuite/workspace/boards/apollo3_evb/examples/uart_ble_bridge/atollic_gcc/../../../../../mcu/apollo3 -IC:/Jenkins/workspace/AmbiqSuite/workspace/boards/apollo3_evb/examples/uart_ble_bridge/atollic_gcc/../../../../../CMSIS/ARM/Include -IC:/Jenkins/workspace/AmbiqSuite/workspace/boards/apollo3_evb/examples/uart_ble_bridge/atollic_gcc/../../../../../CMSIS/AmbiqMicro/Include -IC:/Jenkins/workspace/AmbiqSuite/workspace/boards/apollo3_evb/examples/uart_ble_bridge/atollic_gcc/../../../../../devices -IC:/Jenkins/workspace/AmbiqSuite/workspace/boards/apollo3_evb/examples/uart_ble_bridge/atollic_gcc/../../../../../utils -O0 -g -Wall -specs=nano.specs -mthumb -mcpu=cortex-m4 -mfpu=fpv4-sp-d16 -mfloat-abi=softfp -ffunction-sections -fdata-sections -MMD -MP -O0 -Dgcc -o utils\am_util_stdio.o 
arm-atollic-eabi-gcc -c ..\..\src\uart_ble_bridge.c -mthumb -std=c99 -DAM_PACKAGE_BGA -DAM_PART_APOLLO3 -IC:/Jenkins/workspace/AmbiqSuite/workspace/boards/apollo3_evb/examples/uart_ble_bridge/atollic_gcc/../src -IC:/Jenkins/workspace/AmbiqSuite/workspace/boards/apollo3_evb/examples/uart_ble_bridge/atollic_gcc/../../../../../boards/apollo3_evb/bsp -IC:/Jenkins/workspace/AmbiqSuite/workspace/boards/apollo3_evb/examples/uart_ble_bridge/atollic_gcc/../../../../.. -IC:/Jenkins/workspace/AmbiqSuite/workspace/boards/apollo3_evb/examples/uart_ble_bridge/atollic_gcc/../../../../../mcu/apollo3 -IC:/Jenkins/workspace/AmbiqSuite/workspace/boards/apollo3_evb/examples/uart_ble_bridge/atollic_gcc/../../../../../CMSIS/ARM/Include -IC:/Jenkins/workspace/AmbiqSuite/workspace/boards/apollo3_evb/examples/uart_ble_bridge/atollic_gcc/../../../../../CMSIS/AmbiqMicro/Include -IC:/Jenkins/workspace/AmbiqSuite/workspace/boards/apollo3_evb/examples/uart_ble_bridge/atollic_gcc/../../../../../devices -IC:/Jenkins/workspace/AmbiqSuite/workspace/boards/apollo3_evb/examples/uart_ble_bridge/atollic_gcc/../../../../../utils -O0 -g -Wall -specs=nano.specs -mthumb -mcpu=cortex-m4 -mfpu=fpv4-sp-d16 -mfloat-abi=softfp -ffunction-sections -fdata-sections -MMD -MP -O0 -Dgcc -o src\uart_ble_bridge.o 
arm-atollic-eabi-gcc -o uart_ble_bridge_gcc.elf src\uart_ble_bridge.o startup_gcc.o utils\am_util_delay.o utils\am_util_faultisr.o utils\am_util_stdio.o ..\..\..\..\bsp\atollic_gcc\bin\libam_bsp_gcc.a ..\..\..\..\..\..\mcu\apollo3\hal\atollic_gcc\bin\libam_hal_gcc.a -TC:/Jenkins/workspace/AmbiqSuite/workspace/boards/apollo3_evb/examples/uart_ble_bridge/atollic_gcc/uart_ble_bridge.ld -mthumb -mcpu=cortex-m4 -mfpu=fpv4-sp-d16 -mfloat-abi=softfp -nostartfiles -static -Wl,--gc-sections,--entry,am_reset_isr,-Map,C:/Jenkins/workspace/AmbiqSuite/workspace/boards/apollo3_evb/examples/uart_ble_bridge/atollic_gcc/bin/uart_ble_bridge_gcc.map -Wl,--start-group -lm -lc -lgcc -Wl,--end-group 
c:/program files (x86)/atollic/truestudio for arm 8.1.0/armtools/bin/../lib/gcc/arm-atollic-eabi/6.3.1/../../../../arm-atollic-eabi/bin/ld.exe: warning: cannot find entry symbol am_reset_isr; defaulting to 0000c000
C:\Program Files (x86)\Atollic\TrueSTUDIO for ARM 8.1.0\ide\jre\bin\java -jar C:\Program Files (x86)\Atollic\TrueSTUDIO for ARM 8.1.0\Tools\arm-atollic-reports.jar sizeinfo list uart_ble_bridge_gcc.elf 
Generate build reports...
Print size information
   text	   data	    bss	    dec	    hex	filename
  29468	   2920	   8876	  41264	   a130	uart_ble_bridge_gcc.elf
Print size information done
Generate listing file
Output sent to: uart_ble_bridge_gcc.list
Generate listing file done
Generate build reports done
arm-atollic-eabi-objcopy -Obinary uart_ble_bridge_gcc.elf uart_ble_bridge_gcc.bin 
Info: Parallel threads used: 2

08:03:08 Build Finished (took 3s.954ms)

