Create.
Opening 'watchdog_gcc'.
Refreshing '/watchdog_gcc'.
15:46:30 **** Clean-only build of configuration bin for project watchdog_gcc ****
"\\usr\\bin\\rm" -rf utils/am_util_stdio.o devices/am_devices_led.o src/watchdog.o startup_gcc.d src/watchdog.d devices/am_devices_led.d startup_gcc.o watchdog_gcc.elf watchdog_gcc utils/am_util_delay.o utils/am_util_faultisr.o utils/am_util_delay.d utils/am_util_faultisr.d utils/am_util_stdio.d 
Cannot run program "\usr\bin\rm": Launching failed

Error: Program "\usr\bin\rm" not found in PATH
PATH=[C:\Program Files (x86)\Atollic\TrueSTUDIO for ARM 8.1.0\ARMTools\bin;C:\Program Files (x86)\Atollic\TrueSTUDIO for ARM 8.1.0\Tools;C:/Program Files (x86)/Atollic/TrueSTUDIO for ARM 8.1.0/ide/jre/bin/client;C:/Program Files (x86)/Atollic/TrueSTUDIO for ARM 8.1.0/ide/jre/bin;C:/Program Files (x86)/Atollic/TrueSTUDIO for ARM 8.1.0/ide/jre/lib/i386;C:\cygwin64\bin;C:\Program Files (x86)\Atollic\TrueSTUDIO for ARM 8.1.0\ide;C:\Program Files (x86)\GNU Tools ARM Embedded\5.4 2016q3\bin;C:\Keil_v5\UV4;C:\Program Files (x86)\IAR Systems\Embedded Workbench 8.0\common\bin;C:\Program Files (x86)\IAR Systems\Embedded Workbench 8.0\arm\bin;C:\Windows\system32;C:\Windows;C:\Windows\System32\Wbem;C:\Windows\System32\WindowsPowerShell\v1.0;C:\Program Files\Git\cmd;C:\Users\jenkinsadmin\AppData\Local\Programs\Python\Python36-32p;C:\Program Files\Coverity\Coverity Static Analysis\bin;C:\Keil_v5\UV4;C:\Jenkins\workspace\AmbiqSuite\workspace\boards\apollo2_evb\examples\watchdog\atollic_gcc]


15:46:30 Build Finished (took 47ms)

15:46:30 **** Clean-only build of configuration bin for project watchdog_gcc ****

15:46:30 Build Finished (took 0ms)

15:46:30 **** Rebuild of configuration bin for project watchdog_gcc ****
Info: Internal Builder is used for build
arm-atollic-eabi-gcc -c ..\..\..\..\..\..\utils\am_util_delay.c -mthumb -std=c99 -DAM_PACKAGE_BGA -DAM_PART_APOLLO2 -IC:/Jenkins/workspace/AmbiqSuite/workspace/boards/apollo2_evb/examples/watchdog/atollic_gcc/../src -IC:/Jenkins/workspace/AmbiqSuite/workspace/boards/apollo2_evb/examples/watchdog/atollic_gcc/../../../../../boards/apollo2_evb/bsp -IC:/Jenkins/workspace/AmbiqSuite/workspace/boards/apollo2_evb/examples/watchdog/atollic_gcc/../../../../.. -IC:/Jenkins/workspace/AmbiqSuite/workspace/boards/apollo2_evb/examples/watchdog/atollic_gcc/../../../../../utils -IC:/Jenkins/workspace/AmbiqSuite/workspace/boards/apollo2_evb/examples/watchdog/atollic_gcc/../../../../../devices -IC:/Jenkins/workspace/AmbiqSuite/workspace/boards/apollo2_evb/examples/watchdog/atollic_gcc/../../../../../mcu/apollo2 -O0 -g -Wall -specs=nano.specs -mthumb -mcpu=cortex-m4 -mfpu=fpv4-sp-d16 -mfloat-abi=softfp -ffunction-sections -fdata-sections -MMD -MP -O0 -Dgcc -o utils\am_util_delay.o 
arm-atollic-eabi-gcc -c ..\..\..\..\..\..\devices\am_devices_led.c -mthumb -std=c99 -DAM_PACKAGE_BGA -DAM_PART_APOLLO2 -IC:/Jenkins/workspace/AmbiqSuite/workspace/boards/apollo2_evb/examples/watchdog/atollic_gcc/../src -IC:/Jenkins/workspace/AmbiqSuite/workspace/boards/apollo2_evb/examples/watchdog/atollic_gcc/../../../../../boards/apollo2_evb/bsp -IC:/Jenkins/workspace/AmbiqSuite/workspace/boards/apollo2_evb/examples/watchdog/atollic_gcc/../../../../.. -IC:/Jenkins/workspace/AmbiqSuite/workspace/boards/apollo2_evb/examples/watchdog/atollic_gcc/../../../../../utils -IC:/Jenkins/workspace/AmbiqSuite/workspace/boards/apollo2_evb/examples/watchdog/atollic_gcc/../../../../../devices -IC:/Jenkins/workspace/AmbiqSuite/workspace/boards/apollo2_evb/examples/watchdog/atollic_gcc/../../../../../mcu/apollo2 -O0 -g -Wall -specs=nano.specs -mthumb -mcpu=cortex-m4 -mfpu=fpv4-sp-d16 -mfloat-abi=softfp -ffunction-sections -fdata-sections -MMD -MP -O0 -Dgcc -o devices\am_devices_led.o 
arm-atollic-eabi-gcc -c ..\startup_gcc.c -mthumb -std=c99 -DAM_PACKAGE_BGA -DAM_PART_APOLLO2 -IC:/Jenkins/workspace/AmbiqSuite/workspace/boards/apollo2_evb/examples/watchdog/atollic_gcc/../src -IC:/Jenkins/workspace/AmbiqSuite/workspace/boards/apollo2_evb/examples/watchdog/atollic_gcc/../../../../../boards/apollo2_evb/bsp -IC:/Jenkins/workspace/AmbiqSuite/workspace/boards/apollo2_evb/examples/watchdog/atollic_gcc/../../../../.. -IC:/Jenkins/workspace/AmbiqSuite/workspace/boards/apollo2_evb/examples/watchdog/atollic_gcc/../../../../../utils -IC:/Jenkins/workspace/AmbiqSuite/workspace/boards/apollo2_evb/examples/watchdog/atollic_gcc/../../../../../devices -IC:/Jenkins/workspace/AmbiqSuite/workspace/boards/apollo2_evb/examples/watchdog/atollic_gcc/../../../../../mcu/apollo2 -O0 -g -Wall -specs=nano.specs -mthumb -mcpu=cortex-m4 -mfpu=fpv4-sp-d16 -mfloat-abi=softfp -ffunction-sections -fdata-sections -MMD -MP -O0 -Dgcc -o startup_gcc.o 
arm-atollic-eabi-gcc -c ..\..\src\watchdog.c -mthumb -std=c99 -DAM_PACKAGE_BGA -DAM_PART_APOLLO2 -IC:/Jenkins/workspace/AmbiqSuite/workspace/boards/apollo2_evb/examples/watchdog/atollic_gcc/../src -IC:/Jenkins/workspace/AmbiqSuite/workspace/boards/apollo2_evb/examples/watchdog/atollic_gcc/../../../../../boards/apollo2_evb/bsp -IC:/Jenkins/workspace/AmbiqSuite/workspace/boards/apollo2_evb/examples/watchdog/atollic_gcc/../../../../.. -IC:/Jenkins/workspace/AmbiqSuite/workspace/boards/apollo2_evb/examples/watchdog/atollic_gcc/../../../../../utils -IC:/Jenkins/workspace/AmbiqSuite/workspace/boards/apollo2_evb/examples/watchdog/atollic_gcc/../../../../../devices -IC:/Jenkins/workspace/AmbiqSuite/workspace/boards/apollo2_evb/examples/watchdog/atollic_gcc/../../../../../mcu/apollo2 -O0 -g -Wall -specs=nano.specs -mthumb -mcpu=cortex-m4 -mfpu=fpv4-sp-d16 -mfloat-abi=softfp -ffunction-sections -fdata-sections -MMD -MP -O0 -Dgcc -o src\watchdog.o 
arm-atollic-eabi-gcc -c ..\..\..\..\..\..\utils\am_util_faultisr.c -mthumb -std=c99 -DAM_PACKAGE_BGA -DAM_PART_APOLLO2 -IC:/Jenkins/workspace/AmbiqSuite/workspace/boards/apollo2_evb/examples/watchdog/atollic_gcc/../src -IC:/Jenkins/workspace/AmbiqSuite/workspace/boards/apollo2_evb/examples/watchdog/atollic_gcc/../../../../../boards/apollo2_evb/bsp -IC:/Jenkins/workspace/AmbiqSuite/workspace/boards/apollo2_evb/examples/watchdog/atollic_gcc/../../../../.. -IC:/Jenkins/workspace/AmbiqSuite/workspace/boards/apollo2_evb/examples/watchdog/atollic_gcc/../../../../../utils -IC:/Jenkins/workspace/AmbiqSuite/workspace/boards/apollo2_evb/examples/watchdog/atollic_gcc/../../../../../devices -IC:/Jenkins/workspace/AmbiqSuite/workspace/boards/apollo2_evb/examples/watchdog/atollic_gcc/../../../../../mcu/apollo2 -O0 -g -Wall -specs=nano.specs -mthumb -mcpu=cortex-m4 -mfpu=fpv4-sp-d16 -mfloat-abi=softfp -ffunction-sections -fdata-sections -MMD -MP -O0 -Dgcc -o utils\am_util_faultisr.o 
arm-atollic-eabi-gcc -c ..\..\..\..\..\..\utils\am_util_stdio.c -mthumb -std=c99 -DAM_PACKAGE_BGA -DAM_PART_APOLLO2 -IC:/Jenkins/workspace/AmbiqSuite/workspace/boards/apollo2_evb/examples/watchdog/atollic_gcc/../src -IC:/Jenkins/workspace/AmbiqSuite/workspace/boards/apollo2_evb/examples/watchdog/atollic_gcc/../../../../../boards/apollo2_evb/bsp -IC:/Jenkins/workspace/AmbiqSuite/workspace/boards/apollo2_evb/examples/watchdog/atollic_gcc/../../../../.. -IC:/Jenkins/workspace/AmbiqSuite/workspace/boards/apollo2_evb/examples/watchdog/atollic_gcc/../../../../../utils -IC:/Jenkins/workspace/AmbiqSuite/workspace/boards/apollo2_evb/examples/watchdog/atollic_gcc/../../../../../devices -IC:/Jenkins/workspace/AmbiqSuite/workspace/boards/apollo2_evb/examples/watchdog/atollic_gcc/../../../../../mcu/apollo2 -O0 -g -Wall -specs=nano.specs -mthumb -mcpu=cortex-m4 -mfpu=fpv4-sp-d16 -mfloat-abi=softfp -ffunction-sections -fdata-sections -MMD -MP -O0 -Dgcc -o utils\am_util_stdio.o 
arm-atollic-eabi-gcc -o watchdog_gcc.elf devices\am_devices_led.o src\watchdog.o startup_gcc.o utils\am_util_delay.o utils\am_util_faultisr.o utils\am_util_stdio.o ..\..\..\..\bsp\atollic_gcc\bin\libam_bsp_gcc.a ..\..\..\..\..\..\mcu\apollo2\hal\atollic_gcc\bin\libam_hal_gcc.a -TC:/Jenkins/workspace/AmbiqSuite/workspace/boards/apollo2_evb/examples/watchdog/atollic_gcc/watchdog.ld -mthumb -mcpu=cortex-m4 -mfpu=fpv4-sp-d16 -mfloat-abi=softfp -nostartfiles -static -Wl,--gc-sections,--entry,am_reset_isr,-Map,C:/Jenkins/workspace/AmbiqSuite/workspace/boards/apollo2_evb/examples/watchdog/atollic_gcc/bin/watchdog_gcc.map -Wl,--start-group -lm -lc -lgcc -Wl,--end-group 
C:\Program Files (x86)\Atollic\TrueSTUDIO for ARM 8.1.0\ide\jre\bin\java -jar C:\Program Files (x86)\Atollic\TrueSTUDIO for ARM 8.1.0\Tools\arm-atollic-reports.jar sizeinfo list watchdog_gcc.elf 
Generate build reports...
Print size information
   text	   data	    bss	    dec	    hex	filename
   8832	     48	   4384	  13264	   33d0	watchdog_gcc.elf
Print size information done
Generate listing file
Output sent to: watchdog_gcc.list
Generate listing file done
Generate build reports done
arm-atollic-eabi-objcopy -Obinary watchdog_gcc.elf watchdog_gcc.bin 
Info: Parallel threads used: 2

15:46:31 Build Finished (took 1s.422ms)

