[2019-09-20 11:04:06.097] Recognition***** wordID = 1, score = 1026
[2019-09-20 11:04:06.097] NNPQ score= 31775, NNPQ threshold= 31625, NNPQ check pass= 1
[2019-09-20 11:04:06.507] [AM-VoS] g_delayedSample = 10080, g_endingSampleCnt = 1920 
[2019-09-20 11:04:06.507] [AM-VoS] g_ui8KwdDetectedFlag = 1, g_ui8PushTalkFlag = 0 g_ui8ProvideSpeechFlag = 0
[2019-09-20 11:04:06.507] [AM-VoS] Keyword Detected! 
[2019-09-20 11:04:06.507] ---- AMVOS_RSP_TIMER_START(), tick = 10338
[2019-09-20 11:04:06.507] [AMA] Command_START_SPEECH sent.
[2019-09-20 11:04:06.518] ---- AMVOS_RSP_TIMER_RESTART(), tick = 10827
[2019-09-20 11:04:06.576] ---- AMVOS_RSP_TIMER_STOP(), tick = 10891
[2019-09-20 11:04:06.576] [AMA] Cmd START_SPEECH Ack recv
[2019-09-20 11:04:07.293] [AMA] Cmd NOTIFY_SPEECH_STATE recv LISTENING
[2019-09-20 11:04:07.293] [AMA Callback] VOS_AMA_EVT_LISTENING
[2019-09-20 11:04:07.349] [AMA] Cmd GET_STATE Ack recv feature 0x203 value 0
[2019-09-20 11:04:07.349] [AMA Callback] VOS_AMA_EVT_GET_STATE
[2019-09-20 11:04:07.349] [AMA Callback] Network is in good condition
[2019-09-20 11:04:09.896] [AMA] Cmd ENDPOINT_SPEECH dialog 0 recv
[2019-09-20 11:04:10.040] [AMA] Cmd NOTIFY_SPEECH_STATE recv IDLE
[2019-09-20 11:04:10.064] [AMA] Cmd NOTIFY_SPEECH_STATE recv PROCESSING
[2019-09-20 11:04:11.429] [AMA] Cmd NOTIFY_SPEECH_STATE recv SPEAKING
[2019-09-20 11:04:14.377] [AMA] Cmd NOTIFY_SPEECH_STATE recv IDLE

