Create.
Opening 'flash_write_apollo2_gcc'.
Refreshing '/flash_write_apollo2_gcc'.
15:42:47 **** Clean-only build of configuration bin for project flash_write_apollo2_gcc ****
"\\usr\\bin\\rm" -rf startup_gcc.o src/flash_write_apollo2_info_block.o utils/am_util_stdio.o src/flash_write_apollo2_main_block.d flash_write_apollo2_gcc.elf startup_gcc.d flash_write_apollo2_gcc utils/am_util_faultisr.o utils/am_util_stdio.d src/flash_write_apollo2_main_block.o utils/am_util_string.d utils/am_util_faultisr.d utils/am_util_delay.o utils/am_util_string.o utils/am_util_delay.d src/flash_write_apollo2.d src/flash_write_apollo2_info_block.d src/flash_write_apollo2.o 
Cannot run program "\usr\bin\rm": Launching failed

Error: Program "\usr\bin\rm" not found in PATH
PATH=[C:\Program Files (x86)\Atollic\TrueSTUDIO for ARM 8.1.0\ARMTools\bin;C:\Program Files (x86)\Atollic\TrueSTUDIO for ARM 8.1.0\Tools;C:/Program Files (x86)/Atollic/TrueSTUDIO for ARM 8.1.0/ide/jre/bin/client;C:/Program Files (x86)/Atollic/TrueSTUDIO for ARM 8.1.0/ide/jre/bin;C:/Program Files (x86)/Atollic/TrueSTUDIO for ARM 8.1.0/ide/jre/lib/i386;C:\cygwin64\bin;C:\Program Files (x86)\Atollic\TrueSTUDIO for ARM 8.1.0\ide;C:\Program Files (x86)\GNU Tools ARM Embedded\5.4 2016q3\bin;C:\Keil_v5\UV4;C:\Program Files (x86)\IAR Systems\Embedded Workbench 8.0\common\bin;C:\Program Files (x86)\IAR Systems\Embedded Workbench 8.0\arm\bin;C:\Windows\system32;C:\Windows;C:\Windows\System32\Wbem;C:\Windows\System32\WindowsPowerShell\v1.0;C:\Program Files\Git\cmd;C:\Users\jenkinsadmin\AppData\Local\Programs\Python\Python36-32p;C:\Program Files\Coverity\Coverity Static Analysis\bin;C:\Keil_v5\UV4;C:\Jenkins\workspace\AmbiqSuite\workspace\boards\apollo2_evb\examples\flash_write_apollo2\atollic_gcc]


15:42:47 Build Finished (took 110ms)

15:42:47 **** Clean-only build of configuration bin for project flash_write_apollo2_gcc ****

15:42:47 Build Finished (took 0ms)

15:42:47 **** Rebuild of configuration bin for project flash_write_apollo2_gcc ****
Info: Internal Builder is used for build
arm-atollic-eabi-gcc -c ..\..\..\..\..\..\utils\am_util_delay.c -mthumb -std=c99 -DAM_PACKAGE_BGA -DAM_PART_APOLLO2 -IC:/Jenkins/workspace/AmbiqSuite/workspace/boards/apollo2_evb/examples/flash_write_apollo2/atollic_gcc/../src -IC:/Jenkins/workspace/AmbiqSuite/workspace/boards/apollo2_evb/examples/flash_write_apollo2/atollic_gcc/../../../../../boards/apollo2_evb/bsp -IC:/Jenkins/workspace/AmbiqSuite/workspace/boards/apollo2_evb/examples/flash_write_apollo2/atollic_gcc/../../../../../utils -IC:/Jenkins/workspace/AmbiqSuite/workspace/boards/apollo2_evb/examples/flash_write_apollo2/atollic_gcc/../../../../../devices -IC:/Jenkins/workspace/AmbiqSuite/workspace/boards/apollo2_evb/examples/flash_write_apollo2/atollic_gcc/../../../../../mcu/apollo2 -IC:/Jenkins/workspace/AmbiqSuite/workspace/boards/apollo2_evb/examples/flash_write_apollo2/atollic_gcc/../../../../.. -O0 -g -Wall -specs=nano.specs -mthumb -mcpu=cortex-m4 -mfpu=fpv4-sp-d16 -mfloat-abi=softfp -ffunction-sections -fdata-sections -MMD -MP -O0 -Dgcc -o utils\am_util_delay.o 
arm-atollic-eabi-gcc -c ..\..\src\flash_write_apollo2_info_block.c -mthumb -std=c99 -DAM_PACKAGE_BGA -DAM_PART_APOLLO2 -IC:/Jenkins/workspace/AmbiqSuite/workspace/boards/apollo2_evb/examples/flash_write_apollo2/atollic_gcc/../src -IC:/Jenkins/workspace/AmbiqSuite/workspace/boards/apollo2_evb/examples/flash_write_apollo2/atollic_gcc/../../../../../boards/apollo2_evb/bsp -IC:/Jenkins/workspace/AmbiqSuite/workspace/boards/apollo2_evb/examples/flash_write_apollo2/atollic_gcc/../../../../../utils -IC:/Jenkins/workspace/AmbiqSuite/workspace/boards/apollo2_evb/examples/flash_write_apollo2/atollic_gcc/../../../../../devices -IC:/Jenkins/workspace/AmbiqSuite/workspace/boards/apollo2_evb/examples/flash_write_apollo2/atollic_gcc/../../../../../mcu/apollo2 -IC:/Jenkins/workspace/AmbiqSuite/workspace/boards/apollo2_evb/examples/flash_write_apollo2/atollic_gcc/../../../../.. -O0 -g -Wall -specs=nano.specs -mthumb -mcpu=cortex-m4 -mfpu=fpv4-sp-d16 -mfloat-abi=softfp -ffunction-sections -fdata-sections -MMD -MP -O0 -Dgcc -o src\flash_write_apollo2_info_block.o 
..\..\src\flash_write_apollo2_info_block.c: In function 'info_block_disable_erase':
..\..\src\flash_write_apollo2_info_block.c:300:15: warning: unused variable 'pui32Dst' [-Wunused-variable]
     uint32_t *pui32Dst = (uint32_t *) ( AM_HAL_FLASH_INFO_ADDR );
               ^~~~~~~~
..\..\src\flash_write_apollo2_info_block.c: In function 'info_block_disable_program':
..\..\src\flash_write_apollo2_info_block.c:345:15: warning: unused variable 'pui32Dst' [-Wunused-variable]
     uint32_t *pui32Dst = (uint32_t *) ( AM_HAL_FLASH_INFO_ADDR );
               ^~~~~~~~
..\..\src\flash_write_apollo2_info_block.c: In function 'info_block_enable_flash_wipe':
..\..\src\flash_write_apollo2_info_block.c:390:15: warning: unused variable 'pui32Dst' [-Wunused-variable]
     uint32_t *pui32Dst = (uint32_t *) ( AM_HAL_FLASH_INFO_ADDR );
               ^~~~~~~~
arm-atollic-eabi-gcc -c ..\startup_gcc.c -mthumb -std=c99 -DAM_PACKAGE_BGA -DAM_PART_APOLLO2 -IC:/Jenkins/workspace/AmbiqSuite/workspace/boards/apollo2_evb/examples/flash_write_apollo2/atollic_gcc/../src -IC:/Jenkins/workspace/AmbiqSuite/workspace/boards/apollo2_evb/examples/flash_write_apollo2/atollic_gcc/../../../../../boards/apollo2_evb/bsp -IC:/Jenkins/workspace/AmbiqSuite/workspace/boards/apollo2_evb/examples/flash_write_apollo2/atollic_gcc/../../../../../utils -IC:/Jenkins/workspace/AmbiqSuite/workspace/boards/apollo2_evb/examples/flash_write_apollo2/atollic_gcc/../../../../../devices -IC:/Jenkins/workspace/AmbiqSuite/workspace/boards/apollo2_evb/examples/flash_write_apollo2/atollic_gcc/../../../../../mcu/apollo2 -IC:/Jenkins/workspace/AmbiqSuite/workspace/boards/apollo2_evb/examples/flash_write_apollo2/atollic_gcc/../../../../.. -O0 -g -Wall -specs=nano.specs -mthumb -mcpu=cortex-m4 -mfpu=fpv4-sp-d16 -mfloat-abi=softfp -ffunction-sections -fdata-sections -MMD -MP -O0 -Dgcc -o startup_gcc.o 
arm-atollic-eabi-gcc -c ..\..\..\..\..\..\utils\am_util_faultisr.c -mthumb -std=c99 -DAM_PACKAGE_BGA -DAM_PART_APOLLO2 -IC:/Jenkins/workspace/AmbiqSuite/workspace/boards/apollo2_evb/examples/flash_write_apollo2/atollic_gcc/../src -IC:/Jenkins/workspace/AmbiqSuite/workspace/boards/apollo2_evb/examples/flash_write_apollo2/atollic_gcc/../../../../../boards/apollo2_evb/bsp -IC:/Jenkins/workspace/AmbiqSuite/workspace/boards/apollo2_evb/examples/flash_write_apollo2/atollic_gcc/../../../../../utils -IC:/Jenkins/workspace/AmbiqSuite/workspace/boards/apollo2_evb/examples/flash_write_apollo2/atollic_gcc/../../../../../devices -IC:/Jenkins/workspace/AmbiqSuite/workspace/boards/apollo2_evb/examples/flash_write_apollo2/atollic_gcc/../../../../../mcu/apollo2 -IC:/Jenkins/workspace/AmbiqSuite/workspace/boards/apollo2_evb/examples/flash_write_apollo2/atollic_gcc/../../../../.. -O0 -g -Wall -specs=nano.specs -mthumb -mcpu=cortex-m4 -mfpu=fpv4-sp-d16 -mfloat-abi=softfp -ffunction-sections -fdata-sections -MMD -MP -O0 -Dgcc -o utils\am_util_faultisr.o 
arm-atollic-eabi-gcc -c ..\..\..\..\..\..\utils\am_util_stdio.c -mthumb -std=c99 -DAM_PACKAGE_BGA -DAM_PART_APOLLO2 -IC:/Jenkins/workspace/AmbiqSuite/workspace/boards/apollo2_evb/examples/flash_write_apollo2/atollic_gcc/../src -IC:/Jenkins/workspace/AmbiqSuite/workspace/boards/apollo2_evb/examples/flash_write_apollo2/atollic_gcc/../../../../../boards/apollo2_evb/bsp -IC:/Jenkins/workspace/AmbiqSuite/workspace/boards/apollo2_evb/examples/flash_write_apollo2/atollic_gcc/../../../../../utils -IC:/Jenkins/workspace/AmbiqSuite/workspace/boards/apollo2_evb/examples/flash_write_apollo2/atollic_gcc/../../../../../devices -IC:/Jenkins/workspace/AmbiqSuite/workspace/boards/apollo2_evb/examples/flash_write_apollo2/atollic_gcc/../../../../../mcu/apollo2 -IC:/Jenkins/workspace/AmbiqSuite/workspace/boards/apollo2_evb/examples/flash_write_apollo2/atollic_gcc/../../../../.. -O0 -g -Wall -specs=nano.specs -mthumb -mcpu=cortex-m4 -mfpu=fpv4-sp-d16 -mfloat-abi=softfp -ffunction-sections -fdata-sections -MMD -MP -O0 -Dgcc -o utils\am_util_stdio.o 
arm-atollic-eabi-gcc -c ..\..\..\..\..\..\utils\am_util_string.c -mthumb -std=c99 -DAM_PACKAGE_BGA -DAM_PART_APOLLO2 -IC:/Jenkins/workspace/AmbiqSuite/workspace/boards/apollo2_evb/examples/flash_write_apollo2/atollic_gcc/../src -IC:/Jenkins/workspace/AmbiqSuite/workspace/boards/apollo2_evb/examples/flash_write_apollo2/atollic_gcc/../../../../../boards/apollo2_evb/bsp -IC:/Jenkins/workspace/AmbiqSuite/workspace/boards/apollo2_evb/examples/flash_write_apollo2/atollic_gcc/../../../../../utils -IC:/Jenkins/workspace/AmbiqSuite/workspace/boards/apollo2_evb/examples/flash_write_apollo2/atollic_gcc/../../../../../devices -IC:/Jenkins/workspace/AmbiqSuite/workspace/boards/apollo2_evb/examples/flash_write_apollo2/atollic_gcc/../../../../../mcu/apollo2 -IC:/Jenkins/workspace/AmbiqSuite/workspace/boards/apollo2_evb/examples/flash_write_apollo2/atollic_gcc/../../../../.. -O0 -g -Wall -specs=nano.specs -mthumb -mcpu=cortex-m4 -mfpu=fpv4-sp-d16 -mfloat-abi=softfp -ffunction-sections -fdata-sections -MMD -MP -O0 -Dgcc -o utils\am_util_string.o 
arm-atollic-eabi-gcc -c ..\..\src\flash_write_apollo2_main_block.c -mthumb -std=c99 -DAM_PACKAGE_BGA -DAM_PART_APOLLO2 -IC:/Jenkins/workspace/AmbiqSuite/workspace/boards/apollo2_evb/examples/flash_write_apollo2/atollic_gcc/../src -IC:/Jenkins/workspace/AmbiqSuite/workspace/boards/apollo2_evb/examples/flash_write_apollo2/atollic_gcc/../../../../../boards/apollo2_evb/bsp -IC:/Jenkins/workspace/AmbiqSuite/workspace/boards/apollo2_evb/examples/flash_write_apollo2/atollic_gcc/../../../../../utils -IC:/Jenkins/workspace/AmbiqSuite/workspace/boards/apollo2_evb/examples/flash_write_apollo2/atollic_gcc/../../../../../devices -IC:/Jenkins/workspace/AmbiqSuite/workspace/boards/apollo2_evb/examples/flash_write_apollo2/atollic_gcc/../../../../../mcu/apollo2 -IC:/Jenkins/workspace/AmbiqSuite/workspace/boards/apollo2_evb/examples/flash_write_apollo2/atollic_gcc/../../../../.. -O0 -g -Wall -specs=nano.specs -mthumb -mcpu=cortex-m4 -mfpu=fpv4-sp-d16 -mfloat-abi=softfp -ffunction-sections -fdata-sections -MMD -MP -O0 -Dgcc -o src\flash_write_apollo2_main_block.o 
arm-atollic-eabi-gcc -c ..\..\src\flash_write_apollo2.c -mthumb -std=c99 -DAM_PACKAGE_BGA -DAM_PART_APOLLO2 -IC:/Jenkins/workspace/AmbiqSuite/workspace/boards/apollo2_evb/examples/flash_write_apollo2/atollic_gcc/../src -IC:/Jenkins/workspace/AmbiqSuite/workspace/boards/apollo2_evb/examples/flash_write_apollo2/atollic_gcc/../../../../../boards/apollo2_evb/bsp -IC:/Jenkins/workspace/AmbiqSuite/workspace/boards/apollo2_evb/examples/flash_write_apollo2/atollic_gcc/../../../../../utils -IC:/Jenkins/workspace/AmbiqSuite/workspace/boards/apollo2_evb/examples/flash_write_apollo2/atollic_gcc/../../../../../devices -IC:/Jenkins/workspace/AmbiqSuite/workspace/boards/apollo2_evb/examples/flash_write_apollo2/atollic_gcc/../../../../../mcu/apollo2 -IC:/Jenkins/workspace/AmbiqSuite/workspace/boards/apollo2_evb/examples/flash_write_apollo2/atollic_gcc/../../../../.. -O0 -g -Wall -specs=nano.specs -mthumb -mcpu=cortex-m4 -mfpu=fpv4-sp-d16 -mfloat-abi=softfp -ffunction-sections -fdata-sections -MMD -MP -O0 -Dgcc -o src\flash_write_apollo2.o 
arm-atollic-eabi-gcc -o flash_write_apollo2_gcc.elf src\flash_write_apollo2.o src\flash_write_apollo2_info_block.o src\flash_write_apollo2_main_block.o startup_gcc.o utils\am_util_delay.o utils\am_util_faultisr.o utils\am_util_stdio.o utils\am_util_string.o ..\..\..\..\bsp\atollic_gcc\bin\libam_bsp_gcc.a ..\..\..\..\..\..\mcu\apollo2\hal\atollic_gcc\bin\libam_hal_gcc.a -TC:/Jenkins/workspace/AmbiqSuite/workspace/boards/apollo2_evb/examples/flash_write_apollo2/atollic_gcc/flash_write_apollo2.ld -mthumb -mcpu=cortex-m4 -mfpu=fpv4-sp-d16 -mfloat-abi=softfp -nostartfiles -static -Wl,--gc-sections,--entry,am_reset_isr,-Map,C:/Jenkins/workspace/AmbiqSuite/workspace/boards/apollo2_evb/examples/flash_write_apollo2/atollic_gcc/bin/flash_write_apollo2_gcc.map -Wl,--start-group -lm -lc -lgcc -Wl,--end-group 
C:\Program Files (x86)\Atollic\TrueSTUDIO for ARM 8.1.0\ide\jre\bin\java -jar C:\Program Files (x86)\Atollic\TrueSTUDIO for ARM 8.1.0\Tools\arm-atollic-reports.jar sizeinfo list flash_write_apollo2_gcc.elf 
Generate build reports...
Print size information
   text	   data	    bss	    dec	    hex	filename
  10968	      4	  20748	  31720	   7be8	flash_write_apollo2_gcc.elf
Print size information done
Generate listing file
Output sent to: flash_write_apollo2_gcc.list
Generate listing file done
Generate build reports done
arm-atollic-eabi-objcopy -Obinary flash_write_apollo2_gcc.elf flash_write_apollo2_gcc.bin 
Info: Parallel threads used: 2

15:42:48 Build Finished (took 1s.0ms)

