Create.
Opening 'hello_world_uart_gcc'.
Refreshing '/hello_world_uart_gcc'.
14:25:56 **** Clean-only build of configuration bin for project hello_world_uart_gcc ****
"\\usr\\bin\\rm" -rf utils/am_util_faultisr.o utils/am_util_delay.d hello_world_uart_gcc utils/am_util_delay.o startup_gcc.o utils/am_util_stdio.o utils/am_util_faultisr.d src/hello_world_uart.d startup_gcc.d src/hello_world_uart.o utils/am_util_stdio.d utils/am_util_id.d utils/am_util_id.o hello_world_uart_gcc.elf 
Cannot run program "\usr\bin\rm": Launching failed

Error: Program "\usr\bin\rm" not found in PATH
PATH=[C:\Program Files (x86)\Atollic\TrueSTUDIO for ARM 8.1.0\ARMTools\bin;C:\Program Files (x86)\Atollic\TrueSTUDIO for ARM 8.1.0\Tools;C:/Program Files (x86)/Atollic/TrueSTUDIO for ARM 8.1.0/ide/jre/bin/client;C:/Program Files (x86)/Atollic/TrueSTUDIO for ARM 8.1.0/ide/jre/bin;C:/Program Files (x86)/Atollic/TrueSTUDIO for ARM 8.1.0/ide/jre/lib/i386;C:\cygwin64\bin;C:\Program Files (x86)\Atollic\TrueSTUDIO for ARM 8.1.0\ide;C:\Program Files (x86)\GNU Tools ARM Embedded\5.4 2016q3\bin;C:\Keil_v5\UV4;C:\Program Files (x86)\IAR Systems\Embedded Workbench 8.0\common\bin;C:\Program Files (x86)\IAR Systems\Embedded Workbench 8.0\arm\bin;C:\Windows\system32;C:\Windows;C:\Windows\System32\Wbem;C:\Windows\System32\WindowsPowerShell\v1.0;C:\Program Files\Git\cmd;C:\Users\jenkinsadmin\AppData\Local\Programs\Python\Python36-32p;C:\Program Files\Coverity\Coverity Static Analysis\bin;C:\Keil_v5\UV4;C:\Jenkins\workspace\AmbiqSuite\workspace\boards\apollo1_evb\examples\hello_world_uart\atollic_gcc]


14:25:56 Build Finished (took 63ms)

14:25:56 **** Clean-only build of configuration bin for project hello_world_uart_gcc ****

14:25:56 Build Finished (took 0ms)

14:25:56 **** Rebuild of configuration bin for project hello_world_uart_gcc ****
Info: Internal Builder is used for build
arm-atollic-eabi-gcc -c ..\..\src\hello_world_uart.c -mthumb -std=c99 -DAM_PACKAGE_BGA -DAM_PART_APOLLO -IC:/Jenkins/workspace/AmbiqSuite/workspace/boards/apollo1_evb/examples/hello_world_uart/atollic_gcc/../src -IC:/Jenkins/workspace/AmbiqSuite/workspace/boards/apollo1_evb/examples/hello_world_uart/atollic_gcc/../../../../../boards/apollo1_evb/bsp -IC:/Jenkins/workspace/AmbiqSuite/workspace/boards/apollo1_evb/examples/hello_world_uart/atollic_gcc/../../../../../utils -IC:/Jenkins/workspace/AmbiqSuite/workspace/boards/apollo1_evb/examples/hello_world_uart/atollic_gcc/../../../../../devices -IC:/Jenkins/workspace/AmbiqSuite/workspace/boards/apollo1_evb/examples/hello_world_uart/atollic_gcc/../../../../../mcu/apollo -IC:/Jenkins/workspace/AmbiqSuite/workspace/boards/apollo1_evb/examples/hello_world_uart/atollic_gcc/../../../../.. -O0 -g -Wall -specs=nano.specs -mthumb -mcpu=cortex-m4 -mfpu=fpv4-sp-d16 -mfloat-abi=softfp -ffunction-sections -fdata-sections -MMD -MP -O0 -Dgcc -o src\hello_world_uart.o 
arm-atollic-eabi-gcc -c ..\..\..\..\..\..\utils\am_util_faultisr.c -mthumb -std=c99 -DAM_PACKAGE_BGA -DAM_PART_APOLLO -IC:/Jenkins/workspace/AmbiqSuite/workspace/boards/apollo1_evb/examples/hello_world_uart/atollic_gcc/../src -IC:/Jenkins/workspace/AmbiqSuite/workspace/boards/apollo1_evb/examples/hello_world_uart/atollic_gcc/../../../../../boards/apollo1_evb/bsp -IC:/Jenkins/workspace/AmbiqSuite/workspace/boards/apollo1_evb/examples/hello_world_uart/atollic_gcc/../../../../../utils -IC:/Jenkins/workspace/AmbiqSuite/workspace/boards/apollo1_evb/examples/hello_world_uart/atollic_gcc/../../../../../devices -IC:/Jenkins/workspace/AmbiqSuite/workspace/boards/apollo1_evb/examples/hello_world_uart/atollic_gcc/../../../../../mcu/apollo -IC:/Jenkins/workspace/AmbiqSuite/workspace/boards/apollo1_evb/examples/hello_world_uart/atollic_gcc/../../../../.. -O0 -g -Wall -specs=nano.specs -mthumb -mcpu=cortex-m4 -mfpu=fpv4-sp-d16 -mfloat-abi=softfp -ffunction-sections -fdata-sections -MMD -MP -O0 -Dgcc -o utils\am_util_faultisr.o 
arm-atollic-eabi-gcc -c ..\..\..\..\..\..\utils\am_util_delay.c -mthumb -std=c99 -DAM_PACKAGE_BGA -DAM_PART_APOLLO -IC:/Jenkins/workspace/AmbiqSuite/workspace/boards/apollo1_evb/examples/hello_world_uart/atollic_gcc/../src -IC:/Jenkins/workspace/AmbiqSuite/workspace/boards/apollo1_evb/examples/hello_world_uart/atollic_gcc/../../../../../boards/apollo1_evb/bsp -IC:/Jenkins/workspace/AmbiqSuite/workspace/boards/apollo1_evb/examples/hello_world_uart/atollic_gcc/../../../../../utils -IC:/Jenkins/workspace/AmbiqSuite/workspace/boards/apollo1_evb/examples/hello_world_uart/atollic_gcc/../../../../../devices -IC:/Jenkins/workspace/AmbiqSuite/workspace/boards/apollo1_evb/examples/hello_world_uart/atollic_gcc/../../../../../mcu/apollo -IC:/Jenkins/workspace/AmbiqSuite/workspace/boards/apollo1_evb/examples/hello_world_uart/atollic_gcc/../../../../.. -O0 -g -Wall -specs=nano.specs -mthumb -mcpu=cortex-m4 -mfpu=fpv4-sp-d16 -mfloat-abi=softfp -ffunction-sections -fdata-sections -MMD -MP -O0 -Dgcc -o utils\am_util_delay.o 
arm-atollic-eabi-gcc -c ..\..\..\..\..\..\utils\am_util_stdio.c -mthumb -std=c99 -DAM_PACKAGE_BGA -DAM_PART_APOLLO -IC:/Jenkins/workspace/AmbiqSuite/workspace/boards/apollo1_evb/examples/hello_world_uart/atollic_gcc/../src -IC:/Jenkins/workspace/AmbiqSuite/workspace/boards/apollo1_evb/examples/hello_world_uart/atollic_gcc/../../../../../boards/apollo1_evb/bsp -IC:/Jenkins/workspace/AmbiqSuite/workspace/boards/apollo1_evb/examples/hello_world_uart/atollic_gcc/../../../../../utils -IC:/Jenkins/workspace/AmbiqSuite/workspace/boards/apollo1_evb/examples/hello_world_uart/atollic_gcc/../../../../../devices -IC:/Jenkins/workspace/AmbiqSuite/workspace/boards/apollo1_evb/examples/hello_world_uart/atollic_gcc/../../../../../mcu/apollo -IC:/Jenkins/workspace/AmbiqSuite/workspace/boards/apollo1_evb/examples/hello_world_uart/atollic_gcc/../../../../.. -O0 -g -Wall -specs=nano.specs -mthumb -mcpu=cortex-m4 -mfpu=fpv4-sp-d16 -mfloat-abi=softfp -ffunction-sections -fdata-sections -MMD -MP -O0 -Dgcc -o utils\am_util_stdio.o 
arm-atollic-eabi-gcc -c ..\..\..\..\..\..\utils\am_util_id.c -mthumb -std=c99 -DAM_PACKAGE_BGA -DAM_PART_APOLLO -IC:/Jenkins/workspace/AmbiqSuite/workspace/boards/apollo1_evb/examples/hello_world_uart/atollic_gcc/../src -IC:/Jenkins/workspace/AmbiqSuite/workspace/boards/apollo1_evb/examples/hello_world_uart/atollic_gcc/../../../../../boards/apollo1_evb/bsp -IC:/Jenkins/workspace/AmbiqSuite/workspace/boards/apollo1_evb/examples/hello_world_uart/atollic_gcc/../../../../../utils -IC:/Jenkins/workspace/AmbiqSuite/workspace/boards/apollo1_evb/examples/hello_world_uart/atollic_gcc/../../../../../devices -IC:/Jenkins/workspace/AmbiqSuite/workspace/boards/apollo1_evb/examples/hello_world_uart/atollic_gcc/../../../../../mcu/apollo -IC:/Jenkins/workspace/AmbiqSuite/workspace/boards/apollo1_evb/examples/hello_world_uart/atollic_gcc/../../../../.. -O0 -g -Wall -specs=nano.specs -mthumb -mcpu=cortex-m4 -mfpu=fpv4-sp-d16 -mfloat-abi=softfp -ffunction-sections -fdata-sections -MMD -MP -O0 -Dgcc -o utils\am_util_id.o 
arm-atollic-eabi-gcc -c ..\startup_gcc.c -mthumb -std=c99 -DAM_PACKAGE_BGA -DAM_PART_APOLLO -IC:/Jenkins/workspace/AmbiqSuite/workspace/boards/apollo1_evb/examples/hello_world_uart/atollic_gcc/../src -IC:/Jenkins/workspace/AmbiqSuite/workspace/boards/apollo1_evb/examples/hello_world_uart/atollic_gcc/../../../../../boards/apollo1_evb/bsp -IC:/Jenkins/workspace/AmbiqSuite/workspace/boards/apollo1_evb/examples/hello_world_uart/atollic_gcc/../../../../../utils -IC:/Jenkins/workspace/AmbiqSuite/workspace/boards/apollo1_evb/examples/hello_world_uart/atollic_gcc/../../../../../devices -IC:/Jenkins/workspace/AmbiqSuite/workspace/boards/apollo1_evb/examples/hello_world_uart/atollic_gcc/../../../../../mcu/apollo -IC:/Jenkins/workspace/AmbiqSuite/workspace/boards/apollo1_evb/examples/hello_world_uart/atollic_gcc/../../../../.. -O0 -g -Wall -specs=nano.specs -mthumb -mcpu=cortex-m4 -mfpu=fpv4-sp-d16 -mfloat-abi=softfp -ffunction-sections -fdata-sections -MMD -MP -O0 -Dgcc -o startup_gcc.o 
C:\Program Files (x86)\Atollic\TrueSTUDIO for ARM 8.1.0\ide\jre\bin\java -jar C:\Program Files (x86)\Atollic\TrueSTUDIO for ARM 8.1.0\Tools\arm-atollic-reports.jar sizeinfo list hello_world_uart_gcc.elf 
arm-atollic-eabi-gcc -o hello_world_uart_gcc.elf src\hello_world_uart.o startup_gcc.o utils\am_util_delay.o utils\am_util_faultisr.o utils\am_util_id.o utils\am_util_stdio.o ..\..\..\..\bsp\atollic_gcc\bin\libam_bsp_gcc.a ..\..\..\..\..\..\mcu\apollo\hal\atollic_gcc\bin\libam_hal_gcc.a -TC:/Jenkins/workspace/AmbiqSuite/workspace/boards/apollo1_evb/examples/hello_world_uart/atollic_gcc/hello_world_uart.ld -mthumb -mcpu=cortex-m4 -mfpu=fpv4-sp-d16 -mfloat-abi=softfp -nostartfiles -static -Wl,--gc-sections,--entry,am_reset_isr,-Map,C:/Jenkins/workspace/AmbiqSuite/workspace/boards/apollo1_evb/examples/hello_world_uart/atollic_gcc/bin/hello_world_uart_gcc.map -Wl,--start-group -lm -lc -lgcc -Wl,--end-group 
Generate build reports...
Print size information
   text	   data	    bss	    dec	    hex	filename
   6572	     20	   4360	  10952	   2ac8	hello_world_uart_gcc.elf
Print size information done
Generate listing file
Output sent to: hello_world_uart_gcc.list
Generate listing file done
Generate build reports done
arm-atollic-eabi-objcopy -Obinary hello_world_uart_gcc.elf hello_world_uart_gcc.bin 
Info: Parallel threads used: 2

14:25:57 Build Finished (took 766ms)

